{"/home/runner/work/auto-core-platform/auto-core-platform/apps/core-api/src/app.controller.ts": {"path":"/home/runner/work/auto-core-platform/auto-core-platform/apps/core-api/src/app.controller.ts","statementMap":{"0":{"start":{"line":1,"column":0},"end":{"line":1,"column":68}},"1":{"start":{"line":2,"column":0},"end":{"line":2,"column":43}},"2":{"start":{"line":5,"column":7},"end":{"line":21,"column":null}},"3":{"start":{"line":6,"column":31},"end":{"line":6,"column":43}},"4":{"start":{"line":10,"column":4},"end":{"line":10,"column":38}},"5":{"start":{"line":15,"column":4},"end":{"line":17,"column":5}},"6":{"start":{"line":16,"column":6},"end":{"line":16,"column":36}},"7":{"start":{"line":19,"column":4},"end":{"line":19,"column":46}},"8":{"start":{"line":5,"column":13},"end":{"line":5,"column":26}},"9":{"start":{"line":9,"column":2},"end":{"line":11,"column":null}},"10":{"start":{"line":14,"column":2},"end":{"line":20,"column":null}},"11":{"start":{"line":5,"column":13},"end":{"line":21,"column":null}}},"fnMap":{"0":{"name":"(anonymous_2)","decl":{"start":{"line":6,"column":2},"end":{"line":6,"column":31}},"loc":{"start":{"line":6,"column":53},"end":{"line":6,"column":57}}},"1":{"name":"(anonymous_3)","decl":{"start":{"line":9,"column":2},"end":{"line":9,"column":10}},"loc":{"start":{"line":9,"column":10},"end":{"line":11,"column":3}}},"2":{"name":"(anonymous_4)","decl":{"start":{"line":14,"column":2},"end":{"line":14,"column":16}},"loc":{"start":{"line":14,"column":16},"end":{"line":20,"column":3}}}},"branchMap":{"0":{"loc":{"start":{"line":15,"column":4},"end":{"line":17,"column":5}},"type":"if","locations":[{"start":{"line":15,"column":4},"end":{"line":17,"column":5}},{"start":{},"end":{}}]},"1":{"loc":{"start":{"line":6,"column":43},"end":{"line":6,"column":56}},"type":"cond-expr","locations":[{"start":{"line":6,"column":53},"end":{"line":6,"column":56}},{"start":{"line":6,"column":53},"end":{"line":6,"column":56}}]},"2":{"loc":{"start":{"line":6,"column":43},"end":{"line":6,"column":53}},"type":"binary-expr","locations":[{"start":{"line":6,"column":43},"end":{"line":6,"column":56}},{"start":{"line":6,"column":43},"end":{"line":6,"column":53}}]}},"s":{"0":1,"1":1,"2":1,"3":3,"4":1,"5":2,"6":1,"7":1,"8":1,"9":1,"10":1,"11":1},"f":{"0":3,"1":1,"2":2},"b":{"0":[1,1],"1":[1,0],"2":[1,1]}}
,"/home/runner/work/auto-core-platform/auto-core-platform/apps/core-api/src/app.module.ts": {"path":"/home/runner/work/auto-core-platform/auto-core-platform/apps/core-api/src/app.module.ts","statementMap":{"0":{"start":{"line":1,"column":0},"end":{"line":1,"column":40}},"1":{"start":{"line":2,"column":0},"end":{"line":2,"column":53}},"2":{"start":{"line":3,"column":0},"end":{"line":3,"column":58}},"3":{"start":{"line":4,"column":0},"end":{"line":4,"column":49}},"4":{"start":{"line":5,"column":0},"end":{"line":5,"column":43}},"5":{"start":{"line":6,"column":0},"end":{"line":6,"column":63}},"6":{"start":{"line":7,"column":0},"end":{"line":7,"column":54}},"7":{"start":{"line":8,"column":0},"end":{"line":8,"column":60}},"8":{"start":{"line":10,"column":0},"end":{"line":10,"column":60}},"9":{"start":{"line":11,"column":0},"end":{"line":11,"column":54}},"10":{"start":{"line":12,"column":0},"end":{"line":12,"column":51}},"11":{"start":{"line":13,"column":0},"end":{"line":13,"column":60}},"12":{"start":{"line":14,"column":0},"end":{"line":14,"column":57}},"13":{"start":{"line":15,"column":0},"end":{"line":15,"column":51}},"14":{"start":{"line":16,"column":0},"end":{"line":16,"column":74}},"15":{"start":{"line":17,"column":0},"end":{"line":17,"column":60}},"16":{"start":{"line":18,"column":0},"end":{"line":18,"column":60}},"17":{"start":{"line":19,"column":0},"end":{"line":19,"column":51}},"18":{"start":{"line":20,"column":0},"end":{"line":20,"column":57}},"19":{"start":{"line":21,"column":0},"end":{"line":21,"column":57}},"20":{"start":{"line":22,"column":0},"end":{"line":22,"column":89}},"21":{"start":{"line":55,"column":7},"end":{"line":55,"column":null}},"22":{"start":{"line":55,"column":13},"end":{"line":55,"column":22}},"23":{"start":{"line":55,"column":13},"end":{"line":55,"column":null}}},"fnMap":{},"branchMap":{},"s":{"0":0,"1":0,"2":0,"3":0,"4":0,"5":0,"6":0,"7":0,"8":0,"9":0,"10":0,"11":0,"12":0,"13":0,"14":0,"15":0,"16":0,"17":0,"18":0,"19":0,"20":0,"21":0,"22":0,"23":0},"f":{},"b":{}}
,"/home/runner/work/auto-core-platform/auto-core-platform/apps/core-api/src/app.service.ts": {"path":"/home/runner/work/auto-core-platform/auto-core-platform/apps/core-api/src/app.service.ts","statementMap":{"0":{"start":{"line":1,"column":0},"end":{"line":1,"column":44}},"1":{"start":{"line":4,"column":7},"end":{"line":8,"column":null}},"2":{"start":{"line":6,"column":4},"end":{"line":6,"column":26}},"3":{"start":{"line":4,"column":13},"end":{"line":4,"column":23}},"4":{"start":{"line":4,"column":13},"end":{"line":8,"column":null}}},"fnMap":{"0":{"name":"(anonymous_1)","decl":{"start":{"line":5,"column":2},"end":{"line":5,"column":10}},"loc":{"start":{"line":5,"column":10},"end":{"line":7,"column":3}}}},"branchMap":{},"s":{"0":1,"1":1,"2":1,"3":1,"4":1},"f":{"0":1},"b":{}}
,"/home/runner/work/auto-core-platform/auto-core-platform/apps/core-api/src/instrument.ts": {"path":"/home/runner/work/auto-core-platform/auto-core-platform/apps/core-api/src/instrument.ts","statementMap":{"0":{"start":{"line":1,"column":0},"end":{"line":1,"column":23}},"1":{"start":{"line":2,"column":0},"end":{"line":2,"column":39}},"2":{"start":{"line":3,"column":0},"end":{"line":3,"column":64}},"3":{"start":{"line":5,"column":12},"end":{"line":5,"column":34}},"4":{"start":{"line":7,"column":0},"end":{"line":25,"column":1}},"5":{"start":{"line":8,"column":27},"end":{"line":8,"column":79}},"6":{"start":{"line":9,"column":25},"end":{"line":9,"column":71}},"7":{"start":{"line":11,"column":2},"end":{"line":24,"column":5}}},"fnMap":{},"branchMap":{"0":{"loc":{"start":{"line":7,"column":0},"end":{"line":25,"column":1}},"type":"if","locations":[{"start":{"line":7,"column":0},"end":{"line":25,"column":1}},{"start":{},"end":{}}]},"1":{"loc":{"start":{"line":8,"column":34},"end":{"line":8,"column":78}},"type":"binary-expr","locations":[{"start":{"line":8,"column":34},"end":{"line":8,"column":71}},{"start":{"line":8,"column":75},"end":{"line":8,"column":78}}]},"2":{"loc":{"start":{"line":13,"column":17},"end":{"line":13,"column":54}},"type":"binary-expr","locations":[{"start":{"line":13,"column":17},"end":{"line":13,"column":37}},{"start":{"line":13,"column":41},"end":{"line":13,"column":54}}]},"3":{"loc":{"start":{"line":16,"column":22},"end":{"line":18,"column":11}},"type":"cond-expr","locations":[{"start":{"line":17,"column":8},"end":{"line":17,"column":24}},{"start":{"line":18,"column":8},"end":{"line":18,"column":11}}]}},"s":{"0":0,"1":0,"2":0,"3":0,"4":0,"5":0,"6":0,"7":0},"f":{},"b":{"0":[0,0],"1":[0,0],"2":[0,0],"3":[0,0]}}
,"/home/runner/work/auto-core-platform/auto-core-platform/apps/core-api/src/main.ts": {"path":"/home/runner/work/auto-core-platform/auto-core-platform/apps/core-api/src/main.ts","statementMap":{"0":{"start":{"line":1,"column":0},"end":{"line":1,"column":22}},"1":{"start":{"line":2,"column":0},"end":{"line":2,"column":54}},"2":{"start":{"line":3,"column":0},"end":{"line":3,"column":48}},"3":{"start":{"line":4,"column":0},"end":{"line":4,"column":41}},"4":{"start":{"line":5,"column":0},"end":{"line":5,"column":60}},"5":{"start":{"line":8,"column":14},"end":{"line":8,"column":49}},"6":{"start":{"line":9,"column":2},"end":{"line":9,"column":29}},"7":{"start":{"line":10,"column":2},"end":{"line":10,"column":79}},"8":{"start":{"line":13,"column":20},"end":{"line":13,"column":38}},"9":{"start":{"line":14,"column":2},"end":{"line":14,"column":50}},"10":{"start":{"line":17,"column":22},"end":{"line":17,"column":46}},"11":{"start":{"line":18,"column":2},"end":{"line":24,"column":3}},"12":{"start":{"line":19,"column":4},"end":{"line":23,"column":7}},"13":{"start":{"line":26,"column":15},"end":{"line":26,"column":39}},"14":{"start":{"line":27,"column":2},"end":{"line":27,"column":36}},"15":{"start":{"line":28,"column":2},"end":{"line":28,"column":67}},"16":{"start":{"line":30,"column":0},"end":{"line":30,"column":17}}},"fnMap":{"0":{"name":"bootstrap","decl":{"start":{"line":7,"column":15},"end":{"line":7,"column":24}},"loc":{"start":{"line":7,"column":24},"end":{"line":29,"column":1}}}},"branchMap":{"0":{"loc":{"start":{"line":18,"column":2},"end":{"line":24,"column":3}},"type":"if","locations":[{"start":{"line":18,"column":2},"end":{"line":24,"column":3}},{"start":{},"end":{}}]},"1":{"loc":{"start":{"line":26,"column":15},"end":{"line":26,"column":39}},"type":"binary-expr","locations":[{"start":{"line":26,"column":15},"end":{"line":26,"column":31}},{"start":{"line":26,"column":35},"end":{"line":26,"column":39}}]}},"s":{"0":0,"1":0,"2":0,"3":0,"4":0,"5":0,"6":0,"7":0,"8":0,"9":0,"10":0,"11":0,"12":0,"13":0,"14":0,"15":0,"16":0},"f":{"0":0},"b":{"0":[0,0],"1":[0,0]}}
,"/home/runner/work/auto-core-platform/auto-core-platform/apps/core-api/src/brand/brand.controller.ts": {"path":"/home/runner/work/auto-core-platform/auto-core-platform/apps/core-api/src/brand/brand.controller.ts","statementMap":{"0":{"start":{"line":1,"column":0},"end":{"line":1,"column":null}},"1":{"start":{"line":12,"column":0},"end":{"line":12,"column":47}},"2":{"start":{"line":13,"column":0},"end":{"line":13,"column":65}},"3":{"start":{"line":16,"column":7},"end":{"line":62,"column":null}},"4":{"start":{"line":17,"column":31},"end":{"line":17,"column":45}},"5":{"start":{"line":21,"column":4},"end":{"line":21,"column":52}},"6":{"start":{"line":29,"column":4},"end":{"line":42,"column":7}},"7":{"start":{"line":47,"column":4},"end":{"line":47,"column":41}},"8":{"start":{"line":55,"column":4},"end":{"line":55,"column":56}},"9":{"start":{"line":60,"column":4},"end":{"line":60,"column":40}},"10":{"start":{"line":16,"column":13},"end":{"line":16,"column":28}},"11":{"start":{"line":20,"column":2},"end":{"line":22,"column":null}},"12":{"start":{"line":25,"column":2},"end":{"line":43,"column":null}},"13":{"start":{"line":46,"column":2},"end":{"line":48,"column":null}},"14":{"start":{"line":51,"column":2},"end":{"line":56,"column":null}},"15":{"start":{"line":59,"column":2},"end":{"line":61,"column":null}},"16":{"start":{"line":16,"column":13},"end":{"line":62,"column":null}}},"fnMap":{"0":{"name":"(anonymous_4)","decl":{"start":{"line":17,"column":2},"end":{"line":17,"column":31}},"loc":{"start":{"line":17,"column":57},"end":{"line":17,"column":61}}},"1":{"name":"(anonymous_5)","decl":{"start":{"line":20,"column":2},"end":{"line":20,"column":8}},"loc":{"start":{"line":20,"column":47},"end":{"line":22,"column":3}}},"2":{"name":"(anonymous_6)","decl":{"start":{"line":25,"column":2},"end":{"line":25,"column":9}},"loc":{"start":{"line":27,"column":60},"end":{"line":43,"column":3}}},"3":{"name":"(anonymous_7)","decl":{"start":{"line":46,"column":2},"end":{"line":46,"column":9}},"loc":{"start":{"line":46,"column":47},"end":{"line":48,"column":3}}},"4":{"name":"(anonymous_8)","decl":{"start":{"line":51,"column":2},"end":{"line":51,"column":8}},"loc":{"start":{"line":53,"column":42},"end":{"line":56,"column":3}}},"5":{"name":"(anonymous_9)","decl":{"start":{"line":59,"column":2},"end":{"line":59,"column":8}},"loc":{"start":{"line":59,"column":46},"end":{"line":61,"column":3}}}},"branchMap":{"0":{"loc":{"start":{"line":31,"column":8},"end":{"line":35,"column":23}},"type":"cond-expr","locations":[{"start":{"line":32,"column":12},"end":{"line":32,"column":16}},{"start":{"line":33,"column":12},"end":{"line":35,"column":23}}]},"1":{"loc":{"start":{"line":33,"column":12},"end":{"line":35,"column":23}},"type":"cond-expr","locations":[{"start":{"line":34,"column":14},"end":{"line":34,"column":19}},{"start":{"line":35,"column":14},"end":{"line":35,"column":23}}]},"2":{"loc":{"start":{"line":37,"column":8},"end":{"line":41,"column":23}},"type":"cond-expr","locations":[{"start":{"line":38,"column":12},"end":{"line":38,"column":16}},{"start":{"line":39,"column":12},"end":{"line":41,"column":23}}]},"3":{"loc":{"start":{"line":39,"column":12},"end":{"line":41,"column":23}},"type":"cond-expr","locations":[{"start":{"line":40,"column":14},"end":{"line":40,"column":19}},{"start":{"line":41,"column":14},"end":{"line":41,"column":23}}]},"4":{"loc":{"start":{"line":20,"column":33},"end":{"line":20,"column":null}},"type":"cond-expr","locations":[{"start":{"line":20,"column":47},"end":{"line":20,"column":null}},{"start":{"line":20,"column":47},"end":{"line":20,"column":null}}]},"5":{"loc":{"start":{"line":20,"column":33},"end":{"line":20,"column":47}},"type":"binary-expr","locations":[{"start":{"line":20,"column":33},"end":{"line":20,"column":null}},{"start":{"line":20,"column":33},"end":{"line":20,"column":47}}]},"6":{"loc":{"start":{"line":53,"column":28},"end":{"line":53,"column":null}},"type":"cond-expr","locations":[{"start":{"line":53,"column":42},"end":{"line":53,"column":null}},{"start":{"line":53,"column":42},"end":{"line":53,"column":null}}]},"7":{"loc":{"start":{"line":53,"column":28},"end":{"line":53,"column":42}},"type":"binary-expr","locations":[{"start":{"line":53,"column":28},"end":{"line":53,"column":null}},{"start":{"line":53,"column":28},"end":{"line":53,"column":42}}]},"8":{"loc":{"start":{"line":17,"column":45},"end":{"line":17,"column":60}},"type":"cond-expr","locations":[{"start":{"line":17,"column":57},"end":{"line":17,"column":60}},{"start":{"line":17,"column":57},"end":{"line":17,"column":60}}]},"9":{"loc":{"start":{"line":17,"column":45},"end":{"line":17,"column":57}},"type":"binary-expr","locations":[{"start":{"line":17,"column":45},"end":{"line":17,"column":60}},{"start":{"line":17,"column":45},"end":{"line":17,"column":57}}]}},"s":{"0":0,"1":0,"2":0,"3":0,"4":0,"5":0,"6":0,"7":0,"8":0,"9":0,"10":0,"11":0,"12":0,"13":0,"14":0,"15":0,"16":0},"f":{"0":0,"1":0,"2":0,"3":0,"4":0,"5":0},"b":{"0":[0,0],"1":[0,0],"2":[0,0],"3":[0,0],"4":[0,0],"5":[0,0],"6":[0,0],"7":[0,0],"8":[0,0],"9":[0,0]}}
,"/home/runner/work/auto-core-platform/auto-core-platform/apps/core-api/src/brand/brand.module.ts": {"path":"/home/runner/work/auto-core-platform/auto-core-platform/apps/core-api/src/brand/brand.module.ts","statementMap":{"0":{"start":{"line":1,"column":0},"end":{"line":1,"column":40}},"1":{"start":{"line":2,"column":0},"end":{"line":2,"column":47}},"2":{"start":{"line":3,"column":0},"end":{"line":3,"column":53}},"3":{"start":{"line":4,"column":0},"end":{"line":4,"column":55}},"4":{"start":{"line":12,"column":7},"end":{"line":12,"column":null}},"5":{"start":{"line":12,"column":13},"end":{"line":12,"column":24}},"6":{"start":{"line":12,"column":13},"end":{"line":12,"column":null}}},"fnMap":{},"branchMap":{},"s":{"0":0,"1":0,"2":0,"3":0,"4":0,"5":0,"6":0},"f":{},"b":{}}
,"/home/runner/work/auto-core-platform/auto-core-platform/apps/core-api/src/brand/brand.service.ts": {"path":"/home/runner/work/auto-core-platform/auto-core-platform/apps/core-api/src/brand/brand.service.ts","statementMap":{"0":{"start":{"line":1,"column":0},"end":{"line":1,"column":null}},"1":{"start":{"line":8,"column":0},"end":{"line":8,"column":57}},"2":{"start":{"line":10,"column":0},"end":{"line":10,"column":null}},"3":{"start":{"line":14,"column":0},"end":{"line":14,"column":null}},"4":{"start":{"line":20,"column":7},"end":{"line":193,"column":null}},"5":{"start":{"line":23,"column":31},"end":{"line":23,"column":39}},"6":{"start":{"line":24,"column":4},"end":{"line":24,"column":69}},"7":{"start":{"line":33,"column":18},"end":{"line":40,"column":6}},"8":{"start":{"line":43,"column":4},"end":{"line":50,"column":5}},"9":{"start":{"line":44,"column":6},"end":{"line":49,"column":9}},"10":{"start":{"line":53,"column":19},"end":{"line":56,"column":6}},"11":{"start":{"line":58,"column":4},"end":{"line":66,"column":6}},"12":{"start":{"line":70,"column":4},"end":{"line":77,"column":5}},"13":{"start":{"line":71,"column":6},"end":{"line":71,"column":58}},"14":{"start":{"line":73,"column":6},"end":{"line":75,"column":7}},"15":{"start":{"line":74,"column":8},"end":{"line":74,"column":74}},"16":{"start":{"line":76,"column":6},"end":{"line":76,"column":18}},"17":{"start":{"line":81,"column":4},"end":{"line":84,"column":6}},"18":{"start":{"line":86,"column":4},"end":{"line":97,"column":5}},"19":{"start":{"line":87,"column":6},"end":{"line":89,"column":8}},"20":{"start":{"line":91,"column":6},"end":{"line":95,"column":7}},"21":{"start":{"line":92,"column":8},"end":{"line":94,"column":10}},"22":{"start":{"line":96,"column":6},"end":{"line":96,"column":18}},"23":{"start":{"line":104,"column":4},"end":{"line":104,"column":60}},"24":{"start":{"line":106,"column":4},"end":{"line":119,"column":5}},"25":{"start":{"line":107,"column":6},"end":{"line":110,"column":8}},"26":{"start":{"line":112,"column":6},"end":{"line":114,"column":7}},"27":{"start":{"line":113,"column":8},"end":{"line":113,"column":74}},"28":{"start":{"line":115,"column":6},"end":{"line":117,"column":7}},"29":{"start":{"line":116,"column":8},"end":{"line":116,"column":70}},"30":{"start":{"line":118,"column":6},"end":{"line":118,"column":18}},"31":{"start":{"line":123,"column":4},"end":{"line":123,"column":45}},"32":{"start":{"line":125,"column":4},"end":{"line":132,"column":5}},"33":{"start":{"line":126,"column":6},"end":{"line":126,"column":56}},"34":{"start":{"line":128,"column":6},"end":{"line":130,"column":7}},"35":{"start":{"line":129,"column":8},"end":{"line":129,"column":74}},"36":{"start":{"line":131,"column":6},"end":{"line":131,"column":18}},"37":{"start":{"line":139,"column":4},"end":{"line":141,"column":5}},"38":{"start":{"line":140,"column":6},"end":{"line":140,"column":71}},"39":{"start":{"line":149,"column":6},"end":{"line":150,"column":53}},"40":{"start":{"line":152,"column":4},"end":{"line":152,"column":33}},"41":{"start":{"line":152,"column":26},"end":{"line":152,"column":33}},"42":{"start":{"line":154,"column":25},"end":{"line":154,"column":52}},"43":{"start":{"line":156,"column":6},"end":{"line":156,"column":64}},"44":{"start":{"line":158,"column":6},"end":{"line":158,"column":74}},"45":{"start":{"line":160,"column":4},"end":{"line":160,"column":71}},"46":{"start":{"line":169,"column":30},"end":{"line":171,"column":6}},"47":{"start":{"line":173,"column":4},"end":{"line":177,"column":5}},"48":{"start":{"line":174,"column":6},"end":{"line":176,"column":8}},"49":{"start":{"line":179,"column":25},"end":{"line":185,"column":6}},"50":{"start":{"line":187,"column":4},"end":{"line":191,"column":5}},"51":{"start":{"line":188,"column":6},"end":{"line":190,"column":8}},"52":{"start":{"line":20,"column":13},"end":{"line":20,"column":25}},"53":{"start":{"line":20,"column":13},"end":{"line":193,"column":null}}},"fnMap":{"0":{"name":"(anonymous_2)","decl":{"start":{"line":23,"column":2},"end":{"line":23,"column":31}},"loc":{"start":{"line":23,"column":52},"end":{"line":25,"column":3}}},"1":{"name":"(anonymous_3)","decl":{"start":{"line":27,"column":2},"end":{"line":27,"column":7}},"loc":{"start":{"line":32,"column":3},"end":{"line":67,"column":3}}},"2":{"name":"(anonymous_4)","decl":{"start":{"line":69,"column":2},"end":{"line":69,"column":7}},"loc":{"start":{"line":69,"column":31},"end":{"line":78,"column":3}}},"3":{"name":"(anonymous_5)","decl":{"start":{"line":80,"column":2},"end":{"line":80,"column":7}},"loc":{"start":{"line":80,"column":45},"end":{"line":98,"column":3}}},"4":{"name":"(anonymous_6)","decl":{"start":{"line":100,"column":2},"end":{"line":100,"column":7}},"loc":{"start":{"line":102,"column":34},"end":{"line":120,"column":3}}},"5":{"name":"(anonymous_7)","decl":{"start":{"line":122,"column":2},"end":{"line":122,"column":7}},"loc":{"start":{"line":122,"column":30},"end":{"line":133,"column":3}}},"6":{"name":"(anonymous_8)","decl":{"start":{"line":135,"column":10},"end":{"line":135,"column":28}},"loc":{"start":{"line":137,"column":32},"end":{"line":142,"column":3}}},"7":{"name":"(anonymous_9)","decl":{"start":{"line":144,"column":10},"end":{"line":144,"column":15}},"loc":{"start":{"line":146,"column":34},"end":{"line":161,"column":3}}},"8":{"name":"(anonymous_10)","decl":{"start":{"line":168,"column":10},"end":{"line":168,"column":15}},"loc":{"start":{"line":168,"column":52},"end":{"line":192,"column":3}}}},"branchMap":{"0":{"loc":{"start":{"line":34,"column":10},"end":{"line":36,"column":8}},"type":"binary-expr","locations":[{"start":{"line":34,"column":10},"end":{"line":34,"column":46}},{"start":{"line":34,"column":50},"end":{"line":36,"column":8}}]},"1":{"loc":{"start":{"line":37,"column":10},"end":{"line":39,"column":8}},"type":"binary-expr","locations":[{"start":{"line":37,"column":10},"end":{"line":37,"column":51}},{"start":{"line":37,"column":55},"end":{"line":39,"column":8}}]},"2":{"loc":{"start":{"line":43,"column":4},"end":{"line":50,"column":5}},"type":"if","locations":[{"start":{"line":43,"column":4},"end":{"line":50,"column":5}},{"start":{},"end":{}}]},"3":{"loc":{"start":{"line":43,"column":8},"end":{"line":43,"column":67}},"type":"binary-expr","locations":[{"start":{"line":43,"column":8},"end":{"line":43,"column":35}},{"start":{"line":43,"column":39},"end":{"line":43,"column":67}}]},"4":{"loc":{"start":{"line":73,"column":6},"end":{"line":75,"column":7}},"type":"if","locations":[{"start":{"line":73,"column":6},"end":{"line":75,"column":7}},{"start":{},"end":{}}]},"5":{"loc":{"start":{"line":91,"column":6},"end":{"line":95,"column":7}},"type":"if","locations":[{"start":{"line":91,"column":6},"end":{"line":95,"column":7}},{"start":{},"end":{}}]},"6":{"loc":{"start":{"line":112,"column":6},"end":{"line":114,"column":7}},"type":"if","locations":[{"start":{"line":112,"column":6},"end":{"line":114,"column":7}},{"start":{},"end":{}}]},"7":{"loc":{"start":{"line":115,"column":6},"end":{"line":117,"column":7}},"type":"if","locations":[{"start":{"line":115,"column":6},"end":{"line":117,"column":7}},{"start":{},"end":{}}]},"8":{"loc":{"start":{"line":128,"column":6},"end":{"line":130,"column":7}},"type":"if","locations":[{"start":{"line":128,"column":6},"end":{"line":130,"column":7}},{"start":{},"end":{}}]},"9":{"loc":{"start":{"line":139,"column":4},"end":{"line":141,"column":5}},"type":"if","locations":[{"start":{"line":139,"column":4},"end":{"line":141,"column":5}},{"start":{},"end":{}}]},"10":{"loc":{"start":{"line":139,"column":8},"end":{"line":139,"column":45}},"type":"binary-expr","locations":[{"start":{"line":139,"column":8},"end":{"line":139,"column":22}},{"start":{"line":139,"column":26},"end":{"line":139,"column":45}}]},"11":{"loc":{"start":{"line":149,"column":6},"end":{"line":150,"column":53}},"type":"binary-expr","locations":[{"start":{"line":149,"column":6},"end":{"line":149,"column":48}},{"start":{"line":150,"column":6},"end":{"line":150,"column":53}}]},"12":{"loc":{"start":{"line":152,"column":4},"end":{"line":152,"column":33}},"type":"if","locations":[{"start":{"line":152,"column":4},"end":{"line":152,"column":33}},{"start":{},"end":{}}]},"13":{"loc":{"start":{"line":156,"column":6},"end":{"line":156,"column":64}},"type":"binary-expr","locations":[{"start":{"line":156,"column":6},"end":{"line":156,"column":34}},{"start":{"line":156,"column":38},"end":{"line":156,"column":64}}]},"14":{"loc":{"start":{"line":158,"column":6},"end":{"line":158,"column":74}},"type":"binary-expr","locations":[{"start":{"line":158,"column":6},"end":{"line":158,"column":39}},{"start":{"line":158,"column":43},"end":{"line":158,"column":74}}]},"15":{"loc":{"start":{"line":173,"column":4},"end":{"line":177,"column":5}},"type":"if","locations":[{"start":{"line":173,"column":4},"end":{"line":177,"column":5}},{"start":{},"end":{}}]},"16":{"loc":{"start":{"line":187,"column":4},"end":{"line":191,"column":5}},"type":"if","locations":[{"start":{"line":187,"column":4},"end":{"line":191,"column":5}},{"start":{},"end":{}}]},"17":{"loc":{"start":{"line":23,"column":39},"end":{"line":23,"column":null}},"type":"cond-expr","locations":[{"start":{"line":23,"column":52},"end":{"line":23,"column":null}},{"start":{"line":23,"column":52},"end":{"line":23,"column":null}}]},"18":{"loc":{"start":{"line":23,"column":39},"end":{"line":23,"column":52}},"type":"binary-expr","locations":[{"start":{"line":23,"column":39},"end":{"line":23,"column":null}},{"start":{"line":23,"column":39},"end":{"line":23,"column":52}}]}},"s":{"0":1,"1":1,"2":1,"3":1,"4":1,"5":21,"6":21,"7":5,"8":5,"9":1,"10":4,"11":4,"12":5,"13":5,"14":2,"15":1,"16":1,"17":3,"18":2,"19":2,"20":1,"21":1,"22":0,"23":6,"24":5,"25":5,"26":2,"27":1,"28":1,"29":1,"30":0,"31":4,"32":2,"33":2,"34":1,"35":1,"36":0,"37":5,"38":2,"39":6,"40":6,"41":4,"42":2,"43":2,"44":2,"45":2,"46":4,"47":4,"48":1,"49":3,"50":3,"51":1,"52":1,"53":1},"f":{"0":21,"1":5,"2":5,"3":3,"4":6,"5":4,"6":5,"7":6,"8":4},"b":{"0":[5,1],"1":[5,1],"2":[1,4],"3":[5,4],"4":[1,1],"5":[1,0],"6":[1,1],"7":[1,0],"8":[1,0],"9":[2,3],"10":[5,3],"11":[6,4],"12":[4,2],"13":[2,0],"14":[2,2],"15":[1,3],"16":[1,2],"17":[1,0],"18":[1,1]}}
,"/home/runner/work/auto-core-platform/auto-core-platform/apps/core-api/src/brand/dto/brand.dto.ts": {"path":"/home/runner/work/auto-core-platform/auto-core-platform/apps/core-api/src/brand/dto/brand.dto.ts","statementMap":{"0":{"start":{"line":1,"column":0},"end":{"line":1,"column":null}},"1":{"start":{"line":10,"column":0},"end":{"line":10,"column":13}},"2":{"start":{"line":13,"column":2},"end":{"line":13,"column":null}},"3":{"start":{"line":16,"column":2},"end":{"line":16,"column":null}},"4":{"start":{"line":19,"column":2},"end":{"line":19,"column":null}},"5":{"start":{"line":26,"column":2},"end":{"line":26,"column":null}},"6":{"start":{"line":23,"column":11},"end":{"line":23,"column":76}},"7":{"start":{"line":29,"column":0},"end":{"line":29,"column":13}},"8":{"start":{"line":32,"column":2},"end":{"line":32,"column":null}},"9":{"start":{"line":36,"column":2},"end":{"line":36,"column":null}},"10":{"start":{"line":40,"column":2},"end":{"line":40,"column":null}},"11":{"start":{"line":47,"column":2},"end":{"line":47,"column":null}},"12":{"start":{"line":44,"column":11},"end":{"line":44,"column":76}}},"fnMap":{"0":{"name":"(anonymous_2)","decl":{"start":{"line":23,"column":4},"end":{"line":23,"column":5}},"loc":{"start":{"line":23,"column":11},"end":{"line":23,"column":76}}},"1":{"name":"(anonymous_3)","decl":{"start":{"line":44,"column":4},"end":{"line":44,"column":5}},"loc":{"start":{"line":44,"column":11},"end":{"line":44,"column":76}}}},"branchMap":{"0":{"loc":{"start":{"line":23,"column":11},"end":{"line":23,"column":76}},"type":"binary-expr","locations":[{"start":{"line":23,"column":11},"end":{"line":23,"column":27}},{"start":{"line":23,"column":31},"end":{"line":23,"column":49}},{"start":{"line":23,"column":53},"end":{"line":23,"column":76}}]},"1":{"loc":{"start":{"line":44,"column":11},"end":{"line":44,"column":76}},"type":"binary-expr","locations":[{"start":{"line":44,"column":11},"end":{"line":44,"column":27}},{"start":{"line":44,"column":31},"end":{"line":44,"column":49}},{"start":{"line":44,"column":53},"end":{"line":44,"column":76}}]}},"s":{"0":0,"1":0,"2":0,"3":0,"4":0,"5":0,"6":0,"7":0,"8":0,"9":0,"10":0,"11":0,"12":0},"f":{"0":0,"1":0},"b":{"0":[0,0,0],"1":[0,0,0]}}
,"/home/runner/work/auto-core-platform/auto-core-platform/apps/core-api/src/catalog/catalog.controller.ts": {"path":"/home/runner/work/auto-core-platform/auto-core-platform/apps/core-api/src/catalog/catalog.controller.ts","statementMap":{"0":{"start":{"line":1,"column":0},"end":{"line":1,"column":56}},"1":{"start":{"line":2,"column":0},"end":{"line":2,"column":43}},"2":{"start":{"line":3,"column":0},"end":{"line":3,"column":51}},"3":{"start":{"line":6,"column":7},"end":{"line":22,"column":null}},"4":{"start":{"line":7,"column":31},"end":{"line":7,"column":47}},"5":{"start":{"line":20,"column":4},"end":{"line":20,"column":62}},"6":{"start":{"line":6,"column":13},"end":{"line":6,"column":30}},"7":{"start":{"line":16,"column":2},"end":{"line":21,"column":null}},"8":{"start":{"line":6,"column":13},"end":{"line":22,"column":null}}},"fnMap":{"0":{"name":"(anonymous_4)","decl":{"start":{"line":7,"column":2},"end":{"line":7,"column":31}},"loc":{"start":{"line":7,"column":61},"end":{"line":7,"column":65}}},"1":{"name":"(anonymous_5)","decl":{"start":{"line":16,"column":2},"end":{"line":16,"column":8}},"loc":{"start":{"line":18,"column":53},"end":{"line":21,"column":3}}}},"branchMap":{"0":{"loc":{"start":{"line":7,"column":47},"end":{"line":7,"column":64}},"type":"cond-expr","locations":[{"start":{"line":7,"column":61},"end":{"line":7,"column":64}},{"start":{"line":7,"column":61},"end":{"line":7,"column":64}}]},"1":{"loc":{"start":{"line":7,"column":47},"end":{"line":7,"column":61}},"type":"binary-expr","locations":[{"start":{"line":7,"column":47},"end":{"line":7,"column":64}},{"start":{"line":7,"column":47},"end":{"line":7,"column":61}}]}},"s":{"0":0,"1":0,"2":0,"3":0,"4":0,"5":0,"6":0,"7":0,"8":0},"f":{"0":0,"1":0},"b":{"0":[0,0],"1":[0,0]}}
,"/home/runner/work/auto-core-platform/auto-core-platform/apps/core-api/src/catalog/catalog.module.ts": {"path":"/home/runner/work/auto-core-platform/auto-core-platform/apps/core-api/src/catalog/catalog.module.ts","statementMap":{"0":{"start":{"line":1,"column":0},"end":{"line":1,"column":40}},"1":{"start":{"line":2,"column":0},"end":{"line":2,"column":55}},"2":{"start":{"line":3,"column":0},"end":{"line":3,"column":57}},"3":{"start":{"line":4,"column":0},"end":{"line":4,"column":51}},"4":{"start":{"line":11,"column":7},"end":{"line":11,"column":null}},"5":{"start":{"line":11,"column":13},"end":{"line":11,"column":26}},"6":{"start":{"line":11,"column":13},"end":{"line":11,"column":null}}},"fnMap":{},"branchMap":{},"s":{"0":0,"1":0,"2":0,"3":0,"4":0,"5":0,"6":0},"f":{},"b":{}}
,"/home/runner/work/auto-core-platform/auto-core-platform/apps/core-api/src/catalog/catalog.service.ts": {"path":"/home/runner/work/auto-core-platform/auto-core-platform/apps/core-api/src/catalog/catalog.service.ts","statementMap":{"0":{"start":{"line":1,"column":0},"end":{"line":1,"column":null}},"1":{"start":{"line":6,"column":0},"end":{"line":6,"column":40}},"2":{"start":{"line":7,"column":0},"end":{"line":7,"column":57}},"3":{"start":{"line":9,"column":21},"end":{"line":9,"column":23}},"4":{"start":{"line":17,"column":2},"end":{"line":43,"column":4}},"5":{"start":{"line":47,"column":7},"end":{"line":290,"column":null}},"6":{"start":{"line":48,"column":31},"end":{"line":48,"column":39}},"7":{"start":{"line":51,"column":25},"end":{"line":51,"column":37}},"8":{"start":{"line":52,"column":35},"end":{"line":52,"column":57}},"9":{"start":{"line":53,"column":4},"end":{"line":55,"column":5}},"10":{"start":{"line":54,"column":6},"end":{"line":54,"column":53}},"11":{"start":{"line":56,"column":4},"end":{"line":58,"column":5}},"12":{"start":{"line":57,"column":6},"end":{"line":57,"column":67}},"13":{"start":{"line":60,"column":26},"end":{"line":72,"column":6}},"14":{"start":{"line":74,"column":4},"end":{"line":78,"column":5}},"15":{"start":{"line":75,"column":6},"end":{"line":77,"column":8}},"16":{"start":{"line":80,"column":47},"end":{"line":80,"column":68}},"17":{"start":{"line":83,"column":6},"end":{"line":83,"column":56}},"18":{"start":{"line":84,"column":60},"end":{"line":88,"column":null}},"19":{"start":{"line":91,"column":57},"end":{"line":202,"column":6}},"20":{"start":{"line":214,"column":9},"end":{"line":214,"column":11}},"21":{"start":{"line":215,"column":28},"end":{"line":215,"column":45}},"22":{"start":{"line":217,"column":4},"end":{"line":244,"column":5}},"23":{"start":{"line":218,"column":28},"end":{"line":218,"column":50}},"24":{"start":{"line":219,"column":6},"end":{"line":221,"column":7}},"25":{"start":{"line":220,"column":8},"end":{"line":220,"column":17}},"26":{"start":{"line":222,"column":6},"end":{"line":222,"column":41}},"27":{"start":{"line":223,"column":29},"end":{"line":225,"column":null}},"28":{"start":{"line":224,"column":24},"end":{"line":224,"column":52}},"29":{"start":{"line":227,"column":32},"end":{"line":228,"column":null}},"30":{"start":{"line":228,"column":19},"end":{"line":228,"column":45}},"31":{"start":{"line":230,"column":6},"end":{"line":240,"column":9}},"32":{"start":{"line":241,"column":6},"end":{"line":243,"column":7}},"33":{"start":{"line":242,"column":8},"end":{"line":242,"column":14}},"34":{"start":{"line":246,"column":4},"end":{"line":272,"column":5}},"35":{"start":{"line":247,"column":6},"end":{"line":271,"column":7}},"36":{"start":{"line":248,"column":37},"end":{"line":248,"column":76}},"37":{"start":{"line":249,"column":8},"end":{"line":251,"column":9}},"38":{"start":{"line":250,"column":10},"end":{"line":250,"column":19}},"39":{"start":{"line":252,"column":8},"end":{"line":252,"column":50}},"40":{"start":{"line":253,"column":8},"end":{"line":267,"column":11}},"41":{"start":{"line":268,"column":8},"end":{"line":270,"column":9}},"42":{"start":{"line":269,"column":10},"end":{"line":269,"column":16}},"43":{"start":{"line":274,"column":4},"end":{"line":288,"column":6}},"44":{"start":{"line":275,"column":49},"end":{"line":281,"column":8}},"45":{"start":{"line":47,"column":13},"end":{"line":47,"column":27}},"46":{"start":{"line":47,"column":13},"end":{"line":290,"column":null}}},"fnMap":{"0":{"name":"buildFitmentFilter","decl":{"start":{"line":11,"column":9},"end":{"line":11,"column":27}},"loc":{"start":{"line":15,"column":28},"end":{"line":44,"column":1}}},"1":{"name":"(anonymous_3)","decl":{"start":{"line":48,"column":2},"end":{"line":48,"column":31}},"loc":{"start":{"line":48,"column":52},"end":{"line":48,"column":56}}},"2":{"name":"(anonymous_4)","decl":{"start":{"line":50,"column":2},"end":{"line":50,"column":7}},"loc":{"start":{"line":50,"column":53},"end":{"line":289,"column":3}}},"3":{"name":"(anonymous_5)","decl":{"start":{"line":224,"column":8},"end":{"line":224,"column":9}},"loc":{"start":{"line":224,"column":24},"end":{"line":224,"column":52}}},"4":{"name":"(anonymous_6)","decl":{"start":{"line":228,"column":8},"end":{"line":228,"column":9}},"loc":{"start":{"line":228,"column":19},"end":{"line":228,"column":45}}},"5":{"name":"(anonymous_7)","decl":{"start":{"line":275,"column":33},"end":{"line":275,"column":34}},"loc":{"start":{"line":275,"column":49},"end":{"line":281,"column":8}}}},"branchMap":{"0":{"loc":{"start":{"line":27,"column":10},"end":{"line":41,"column":12}},"type":"cond-expr","locations":[{"start":{"line":28,"column":10},"end":{"line":40,"column":null}},{"start":{"line":41,"column":10},"end":{"line":41,"column":12}}]},"1":{"loc":{"start":{"line":53,"column":4},"end":{"line":55,"column":5}},"type":"if","locations":[{"start":{"line":53,"column":4},"end":{"line":55,"column":5}},{"start":{},"end":{}}]},"2":{"loc":{"start":{"line":56,"column":4},"end":{"line":58,"column":5}},"type":"if","locations":[{"start":{"line":56,"column":4},"end":{"line":58,"column":5}},{"start":{},"end":{}}]},"3":{"loc":{"start":{"line":74,"column":4},"end":{"line":78,"column":5}},"type":"if","locations":[{"start":{"line":74,"column":4},"end":{"line":78,"column":5}},{"start":{},"end":{}}]},"4":{"loc":{"start":{"line":219,"column":6},"end":{"line":221,"column":7}},"type":"if","locations":[{"start":{"line":219,"column":6},"end":{"line":221,"column":7}},{"start":{},"end":{}}]},"5":{"loc":{"start":{"line":235,"column":15},"end":{"line":235,"column":40}},"type":"binary-expr","locations":[{"start":{"line":235,"column":15},"end":{"line":235,"column":31}},{"start":{"line":235,"column":35},"end":{"line":235,"column":40}}]},"6":{"loc":{"start":{"line":237,"column":21},"end":{"line":237,"column":61}},"type":"binary-expr","locations":[{"start":{"line":237,"column":21},"end":{"line":237,"column":53}},{"start":{"line":237,"column":57},"end":{"line":237,"column":61}}]},"7":{"loc":{"start":{"line":241,"column":6},"end":{"line":243,"column":7}},"type":"if","locations":[{"start":{"line":241,"column":6},"end":{"line":243,"column":7}},{"start":{},"end":{}}]},"8":{"loc":{"start":{"line":246,"column":4},"end":{"line":272,"column":5}},"type":"if","locations":[{"start":{"line":246,"column":4},"end":{"line":272,"column":5}},{"start":{},"end":{}}]},"9":{"loc":{"start":{"line":249,"column":8},"end":{"line":251,"column":9}},"type":"if","locations":[{"start":{"line":249,"column":8},"end":{"line":251,"column":9}},{"start":{},"end":{}}]},"10":{"loc":{"start":{"line":259,"column":26},"end":{"line":259,"column":69}},"type":"binary-expr","locations":[{"start":{"line":259,"column":26},"end":{"line":259,"column":64}},{"start":{"line":259,"column":68},"end":{"line":259,"column":69}}]},"11":{"loc":{"start":{"line":260,"column":23},"end":{"line":260,"column":65}},"type":"binary-expr","locations":[{"start":{"line":260,"column":23},"end":{"line":260,"column":57}},{"start":{"line":260,"column":61},"end":{"line":260,"column":65}}]},"12":{"loc":{"start":{"line":261,"column":21},"end":{"line":263,"column":18}},"type":"cond-expr","locations":[{"start":{"line":262,"column":14},"end":{"line":262,"column":53}},{"start":{"line":263,"column":14},"end":{"line":263,"column":18}}]},"13":{"loc":{"start":{"line":264,"column":23},"end":{"line":266,"column":18}},"type":"cond-expr","locations":[{"start":{"line":265,"column":14},"end":{"line":265,"column":55}},{"start":{"line":266,"column":14},"end":{"line":266,"column":18}}]},"14":{"loc":{"start":{"line":268,"column":8},"end":{"line":270,"column":9}},"type":"if","locations":[{"start":{"line":268,"column":8},"end":{"line":270,"column":9}},{"start":{},"end":{}}]},"15":{"loc":{"start":{"line":48,"column":39},"end":{"line":48,"column":55}},"type":"cond-expr","locations":[{"start":{"line":48,"column":52},"end":{"line":48,"column":55}},{"start":{"line":48,"column":52},"end":{"line":48,"column":55}}]},"16":{"loc":{"start":{"line":48,"column":39},"end":{"line":48,"column":52}},"type":"binary-expr","locations":[{"start":{"line":48,"column":39},"end":{"line":48,"column":55}},{"start":{"line":48,"column":39},"end":{"line":48,"column":52}}]}},"s":{"0":0,"1":0,"2":0,"3":0,"4":0,"5":0,"6":0,"7":0,"8":0,"9":0,"10":0,"11":0,"12":0,"13":0,"14":0,"15":0,"16":0,"17":0,"18":0,"19":0,"20":0,"21":0,"22":0,"23":0,"24":0,"25":0,"26":0,"27":0,"28":0,"29":0,"30":0,"31":0,"32":0,"33":0,"34":0,"35":0,"36":0,"37":0,"38":0,"39":0,"40":0,"41":0,"42":0,"43":0,"44":0,"45":0,"46":0},"f":{"0":0,"1":0,"2":0,"3":0,"4":0,"5":0},"b":{"0":[0,0],"1":[0,0],"2":[0,0],"3":[0,0],"4":[0,0],"5":[0,0],"6":[0,0],"7":[0,0],"8":[0,0],"9":[0,0],"10":[0,0],"11":[0,0],"12":[0,0],"13":[0,0],"14":[0,0],"15":[0,0],"16":[0,0]}}
,"/home/runner/work/auto-core-platform/auto-core-platform/apps/core-api/src/common/index.ts": {"path":"/home/runner/work/auto-core-platform/auto-core-platform/apps/core-api/src/common/index.ts","statementMap":{"0":{"start":{"line":2,"column":0},"end":{"line":2,"column":null}},"1":{"start":{"line":3,"column":2},"end":{"line":3,"column":null}},"2":{"start":{"line":11,"column":0},"end":{"line":11,"column":null}},"3":{"start":{"line":12,"column":2},"end":{"line":12,"column":null}},"4":{"start":{"line":13,"column":2},"end":{"line":13,"column":null}},"5":{"start":{"line":14,"column":2},"end":{"line":14,"column":null}},"6":{"start":{"line":15,"column":2},"end":{"line":15,"column":null}},"7":{"start":{"line":16,"column":2},"end":{"line":16,"column":null}},"8":{"start":{"line":19,"column":0},"end":{"line":19,"column":9}},"9":{"start":{"line":19,"column":9},"end":{"line":19,"column":67}}},"fnMap":{"0":{"name":"(anonymous_0)","decl":{"start":{"line":3,"column":2},"end":{"line":3,"column":18}},"loc":{"start":{"line":3,"column":2},"end":{"line":3,"column":null}}},"1":{"name":"(anonymous_1)","decl":{"start":{"line":12,"column":2},"end":{"line":12,"column":18}},"loc":{"start":{"line":12,"column":2},"end":{"line":12,"column":null}}},"2":{"name":"(anonymous_2)","decl":{"start":{"line":13,"column":2},"end":{"line":13,"column":15}},"loc":{"start":{"line":13,"column":2},"end":{"line":13,"column":null}}},"3":{"name":"(anonymous_3)","decl":{"start":{"line":14,"column":2},"end":{"line":14,"column":15}},"loc":{"start":{"line":14,"column":2},"end":{"line":14,"column":null}}},"4":{"name":"(anonymous_4)","decl":{"start":{"line":15,"column":2},"end":{"line":15,"column":17}},"loc":{"start":{"line":15,"column":2},"end":{"line":15,"column":null}}},"5":{"name":"(anonymous_5)","decl":{"start":{"line":16,"column":2},"end":{"line":16,"column":17}},"loc":{"start":{"line":16,"column":2},"end":{"line":16,"column":null}}},"6":{"name":"(anonymous_6)","decl":{"start":{"line":19,"column":9},"end":{"line":19,"column":26}},"loc":{"start":{"line":19,"column":9},"end":{"line":19,"column":67}}}},"branchMap":{},"s":{"0":0,"1":0,"2":0,"3":0,"4":0,"5":0,"6":0,"7":0,"8":0,"9":0},"f":{"0":0,"1":0,"2":0,"3":0,"4":0,"5":0,"6":0},"b":{}}
,"/home/runner/work/auto-core-platform/auto-core-platform/apps/core-api/src/common/decorators/public.decorator.ts": {"path":"/home/runner/work/auto-core-platform/auto-core-platform/apps/core-api/src/common/decorators/public.decorator.ts","statementMap":{"0":{"start":{"line":1,"column":0},"end":{"line":1,"column":45}},"1":{"start":{"line":3,"column":13},"end":{"line":3,"column":40}},"2":{"start":{"line":4,"column":22},"end":{"line":4,"column":60}},"3":{"start":{"line":4,"column":28},"end":{"line":4,"column":60}},"4":{"start":{"line":4,"column":13},"end":{"line":4,"column":22}}},"fnMap":{"0":{"name":"(anonymous_0)","decl":{"start":{"line":4,"column":22},"end":{"line":4,"column":25}},"loc":{"start":{"line":4,"column":28},"end":{"line":4,"column":60}}}},"branchMap":{},"s":{"0":9,"1":9,"2":9,"3":9,"4":9},"f":{"0":9},"b":{}}
,"/home/runner/work/auto-core-platform/auto-core-platform/apps/core-api/src/common/errors/application-errors.ts": {"path":"/home/runner/work/auto-core-platform/auto-core-platform/apps/core-api/src/common/errors/application-errors.ts","statementMap":{"0":{"start":{"line":3,"column":4},"end":{"line":3,"column":19}},"1":{"start":{"line":2,"column":30},"end":{"line":2,"column":45}},"2":{"start":{"line":4,"column":4},"end":{"line":4,"column":38}},"3":{"start":{"line":5,"column":4},"end":{"line":7,"column":5}},"4":{"start":{"line":6,"column":6},"end":{"line":6,"column":54}},"5":{"start":{"line":1,"column":0},"end":{"line":1,"column":13}},"6":{"start":{"line":13,"column":4},"end":{"line":13,"column":19}},"7":{"start":{"line":11,"column":0},"end":{"line":11,"column":13}},"8":{"start":{"line":22,"column":4},"end":{"line":22,"column":19}},"9":{"start":{"line":20,"column":20},"end":{"line":20,"column":45}},"10":{"start":{"line":17,"column":0},"end":{"line":17,"column":13}},"11":{"start":{"line":28,"column":4},"end":{"line":28,"column":19}},"12":{"start":{"line":26,"column":0},"end":{"line":26,"column":13}},"13":{"start":{"line":37,"column":4},"end":{"line":37,"column":19}},"14":{"start":{"line":35,"column":20},"end":{"line":35,"column":52}},"15":{"start":{"line":32,"column":0},"end":{"line":32,"column":13}}},"fnMap":{"0":{"name":"(anonymous_0)","decl":{"start":{"line":2,"column":2},"end":{"line":2,"column":30}},"loc":{"start":{"line":2,"column":45},"end":{"line":8,"column":3}}},"1":{"name":"(anonymous_1)","decl":{"start":{"line":12,"column":2},"end":{"line":12,"column":14}},"loc":{"start":{"line":12,"column":29},"end":{"line":14,"column":3}}},"2":{"name":"(anonymous_2)","decl":{"start":{"line":18,"column":2},"end":{"line":18,"column":null}},"loc":{"start":{"line":20,"column":45},"end":{"line":23,"column":3}}},"3":{"name":"(anonymous_3)","decl":{"start":{"line":27,"column":2},"end":{"line":27,"column":14}},"loc":{"start":{"line":27,"column":29},"end":{"line":29,"column":3}}},"4":{"name":"(anonymous_4)","decl":{"start":{"line":33,"column":2},"end":{"line":33,"column":null}},"loc":{"start":{"line":35,"column":52},"end":{"line":38,"column":3}}}},"branchMap":{"0":{"loc":{"start":{"line":5,"column":4},"end":{"line":7,"column":5}},"type":"if","locations":[{"start":{"line":5,"column":4},"end":{"line":7,"column":5}},{"start":{},"end":{}}]}},"s":{"0":17,"1":17,"2":17,"3":17,"4":17,"5":2,"6":6,"7":2,"8":6,"9":6,"10":2,"11":5,"12":2,"13":0,"14":0,"15":2},"f":{"0":17,"1":6,"2":6,"3":5,"4":0},"b":{"0":[17,0]}}
,"/home/runner/work/auto-core-platform/auto-core-platform/apps/core-api/src/common/guards/api-key.guard.ts": {"path":"/home/runner/work/auto-core-platform/auto-core-platform/apps/core-api/src/common/guards/api-key.guard.ts","statementMap":{"0":{"start":{"line":1,"column":0},"end":{"line":1,"column":null}},"1":{"start":{"line":7,"column":0},"end":{"line":7,"column":41}},"2":{"start":{"line":10,"column":0},"end":{"line":10,"column":63}},"3":{"start":{"line":13,"column":7},"end":{"line":44,"column":null}},"4":{"start":{"line":14,"column":22},"end":{"line":14,"column":33}},"5":{"start":{"line":19,"column":21},"end":{"line":22,"column":6}},"6":{"start":{"line":23,"column":4},"end":{"line":25,"column":5}},"7":{"start":{"line":24,"column":6},"end":{"line":24,"column":18}},"8":{"start":{"line":27,"column":20},"end":{"line":27,"column":64}},"9":{"start":{"line":28,"column":19},"end":{"line":28,"column":47}},"10":{"start":{"line":29,"column":24},"end":{"line":29,"column":43}},"11":{"start":{"line":31,"column":4},"end":{"line":36,"column":5}},"12":{"start":{"line":32,"column":6},"end":{"line":34,"column":8}},"13":{"start":{"line":35,"column":6},"end":{"line":35,"column":54}},"14":{"start":{"line":38,"column":4},"end":{"line":40,"column":5}},"15":{"start":{"line":39,"column":6},"end":{"line":39,"column":54}},"16":{"start":{"line":42,"column":4},"end":{"line":42,"column":16}},"17":{"start":{"line":13,"column":13},"end":{"line":13,"column":24}},"18":{"start":{"line":13,"column":13},"end":{"line":44,"column":null}}},"fnMap":{"0":{"name":"(anonymous_2)","decl":{"start":{"line":14,"column":2},"end":{"line":14,"column":22}},"loc":{"start":{"line":14,"column":42},"end":{"line":14,"column":46}}},"1":{"name":"(anonymous_3)","decl":{"start":{"line":16,"column":2},"end":{"line":16,"column":13}},"loc":{"start":{"line":17,"column":29},"end":{"line":43,"column":3}}}},"branchMap":{"0":{"loc":{"start":{"line":23,"column":4},"end":{"line":25,"column":5}},"type":"if","locations":[{"start":{"line":23,"column":4},"end":{"line":25,"column":5}},{"start":{},"end":{}}]},"1":{"loc":{"start":{"line":31,"column":4},"end":{"line":36,"column":5}},"type":"if","locations":[{"start":{"line":31,"column":4},"end":{"line":36,"column":5}},{"start":{},"end":{}}]},"2":{"loc":{"start":{"line":38,"column":4},"end":{"line":40,"column":5}},"type":"if","locations":[{"start":{"line":38,"column":4},"end":{"line":40,"column":5}},{"start":{},"end":{}}]},"3":{"loc":{"start":{"line":14,"column":33},"end":{"line":14,"column":45}},"type":"cond-expr","locations":[{"start":{"line":14,"column":42},"end":{"line":14,"column":45}},{"start":{"line":14,"column":42},"end":{"line":14,"column":45}}]},"4":{"loc":{"start":{"line":14,"column":33},"end":{"line":14,"column":42}},"type":"binary-expr","locations":[{"start":{"line":14,"column":33},"end":{"line":14,"column":45}},{"start":{"line":14,"column":33},"end":{"line":14,"column":42}}]}},"s":{"0":0,"1":0,"2":0,"3":0,"4":0,"5":0,"6":0,"7":0,"8":0,"9":0,"10":0,"11":0,"12":0,"13":0,"14":0,"15":0,"16":0,"17":0,"18":0},"f":{"0":0,"1":0},"b":{"0":[0,0],"1":[0,0],"2":[0,0],"3":[0,0],"4":[0,0]}}
,"/home/runner/work/auto-core-platform/auto-core-platform/apps/core-api/src/common/guards/cloud-tasks-worker.guard.ts": {"path":"/home/runner/work/auto-core-platform/auto-core-platform/apps/core-api/src/common/guards/cloud-tasks-worker.guard.ts","statementMap":{"0":{"start":{"line":1,"column":0},"end":{"line":1,"column":null}},"1":{"start":{"line":11,"column":7},"end":{"line":27,"column":null}},"2":{"start":{"line":13,"column":19},"end":{"line":13,"column":56}},"3":{"start":{"line":14,"column":4},"end":{"line":16,"column":5}},"4":{"start":{"line":15,"column":6},"end":{"line":15,"column":47}},"5":{"start":{"line":18,"column":20},"end":{"line":18,"column":64}},"6":{"start":{"line":19,"column":19},"end":{"line":19,"column":58}},"7":{"start":{"line":21,"column":4},"end":{"line":23,"column":5}},"8":{"start":{"line":22,"column":6},"end":{"line":22,"column":54}},"9":{"start":{"line":25,"column":4},"end":{"line":25,"column":16}},"10":{"start":{"line":11,"column":13},"end":{"line":11,"column":34}},"11":{"start":{"line":11,"column":13},"end":{"line":27,"column":null}}},"fnMap":{"0":{"name":"(anonymous_1)","decl":{"start":{"line":12,"column":2},"end":{"line":12,"column":13}},"loc":{"start":{"line":12,"column":39},"end":{"line":26,"column":3}}}},"branchMap":{"0":{"loc":{"start":{"line":14,"column":4},"end":{"line":16,"column":5}},"type":"if","locations":[{"start":{"line":14,"column":4},"end":{"line":16,"column":5}},{"start":{},"end":{}}]},"1":{"loc":{"start":{"line":21,"column":4},"end":{"line":23,"column":5}},"type":"if","locations":[{"start":{"line":21,"column":4},"end":{"line":23,"column":5}},{"start":{},"end":{}}]},"2":{"loc":{"start":{"line":21,"column":8},"end":{"line":21,"column":55}},"type":"binary-expr","locations":[{"start":{"line":21,"column":8},"end":{"line":21,"column":34}},{"start":{"line":21,"column":38},"end":{"line":21,"column":55}}]}},"s":{"0":0,"1":0,"2":0,"3":0,"4":0,"5":0,"6":0,"7":0,"8":0,"9":0,"10":0,"11":0},"f":{"0":0},"b":{"0":[0,0],"1":[0,0],"2":[0,0]}}
,"/home/runner/work/auto-core-platform/auto-core-platform/apps/core-api/src/common/repositories/prisma-repository.ts": {"path":"/home/runner/work/auto-core-platform/auto-core-platform/apps/core-api/src/common/repositories/prisma-repository.ts","statementMap":{"0":{"start":{"line":1,"column":0},"end":{"line":1,"column":40}},"1":{"start":{"line":2,"column":0},"end":{"line":2,"column":null}},"2":{"start":{"line":62,"column":31},"end":{"line":62,"column":52}},"3":{"start":{"line":67,"column":48},"end":{"line":67,"column":54}},"4":{"start":{"line":69,"column":20},"end":{"line":74,"column":6}},"5":{"start":{"line":76,"column":4},"end":{"line":76,"column":26}},"6":{"start":{"line":82,"column":70},"end":{"line":82,"column":76}},"7":{"start":{"line":84,"column":4},"end":{"line":88,"column":5}},"8":{"start":{"line":85,"column":6},"end":{"line":87,"column":8}},"9":{"start":{"line":90,"column":21},"end":{"line":90,"column":38}},"10":{"start":{"line":91,"column":22},"end":{"line":91,"column":42}},"11":{"start":{"line":92,"column":17},"end":{"line":92,"column":43}},"12":{"start":{"line":94,"column":29},"end":{"line":104,"column":6}},"13":{"start":{"line":106,"column":23},"end":{"line":106,"column":51}},"14":{"start":{"line":108,"column":4},"end":{"line":116,"column":6}},"15":{"start":{"line":123,"column":19},"end":{"line":126,"column":6}},"16":{"start":{"line":128,"column":4},"end":{"line":130,"column":5}},"17":{"start":{"line":129,"column":6},"end":{"line":129,"column":64}},"18":{"start":{"line":132,"column":4},"end":{"line":132,"column":23}},"19":{"start":{"line":141,"column":4},"end":{"line":145,"column":5}},"20":{"start":{"line":142,"column":6},"end":{"line":142,"column":63}},"21":{"start":{"line":144,"column":6},"end":{"line":144,"column":39}},"22":{"start":{"line":153,"column":4},"end":{"line":157,"column":5}},"23":{"start":{"line":154,"column":6},"end":{"line":154,"column":78}},"24":{"start":{"line":156,"column":6},"end":{"line":156,"column":43}},"25":{"start":{"line":161,"column":4},"end":{"line":165,"column":5}},"26":{"start":{"line":162,"column":6},"end":{"line":162,"column":63}},"27":{"start":{"line":164,"column":6},"end":{"line":164,"column":43}},"28":{"start":{"line":171,"column":4},"end":{"line":171,"column":39}},"29":{"start":{"line":190,"column":4},"end":{"line":213,"column":5}},"30":{"start":{"line":191,"column":6},"end":{"line":212,"column":7}},"31":{"start":{"line":194,"column":13},"end":{"line":194,"column":75}},"32":{"start":{"line":195,"column":10},"end":{"line":198,"column":12}},"33":{"start":{"line":202,"column":13},"end":{"line":202,"column":68}},"34":{"start":{"line":203,"column":10},"end":{"line":206,"column":12}},"35":{"start":{"line":209,"column":10},"end":{"line":211,"column":12}},"36":{"start":{"line":215,"column":4},"end":{"line":220,"column":5}},"37":{"start":{"line":217,"column":6},"end":{"line":219,"column":8}},"38":{"start":{"line":224,"column":4},"end":{"line":224,"column":69}},"39":{"start":{"line":61,"column":0},"end":{"line":61,"column":13}}},"fnMap":{"0":{"name":"(anonymous_0)","decl":{"start":{"line":62,"column":2},"end":{"line":62,"column":31}},"loc":{"start":{"line":62,"column":52},"end":{"line":62,"column":56}}},"1":{"name":"(anonymous_1)","decl":{"start":{"line":66,"column":2},"end":{"line":66,"column":7}},"loc":{"start":{"line":66,"column":44},"end":{"line":77,"column":3}}},"2":{"name":"(anonymous_2)","decl":{"start":{"line":79,"column":2},"end":{"line":79,"column":7}},"loc":{"start":{"line":80,"column":40},"end":{"line":117,"column":3}}},"3":{"name":"(anonymous_3)","decl":{"start":{"line":119,"column":2},"end":{"line":119,"column":7}},"loc":{"start":{"line":121,"column":37},"end":{"line":133,"column":3}}},"4":{"name":"(anonymous_4)","decl":{"start":{"line":137,"column":2},"end":{"line":137,"column":7}},"loc":{"start":{"line":139,"column":37},"end":{"line":146,"column":3}}},"5":{"name":"(anonymous_5)","decl":{"start":{"line":148,"column":2},"end":{"line":148,"column":7}},"loc":{"start":{"line":151,"column":37},"end":{"line":158,"column":3}}},"6":{"name":"(anonymous_6)","decl":{"start":{"line":160,"column":2},"end":{"line":160,"column":7}},"loc":{"start":{"line":160,"column":34},"end":{"line":166,"column":3}}},"7":{"name":"(anonymous_7)","decl":{"start":{"line":170,"column":2},"end":{"line":170,"column":7}},"loc":{"start":{"line":170,"column":45},"end":{"line":172,"column":3}}},"8":{"name":"(anonymous_8)","decl":{"start":{"line":189,"column":10},"end":{"line":189,"column":24}},"loc":{"start":{"line":189,"column":61},"end":{"line":225,"column":3}}}},"branchMap":{"0":{"loc":{"start":{"line":66,"column":17},"end":{"line":66,"column":44}},"type":"default-arg","locations":[{"start":{"line":66,"column":42},"end":{"line":66,"column":44}}]},"1":{"loc":{"start":{"line":80,"column":4},"end":{"line":80,"column":40}},"type":"default-arg","locations":[{"start":{"line":80,"column":38},"end":{"line":80,"column":40}}]},"2":{"loc":{"start":{"line":82,"column":28},"end":{"line":82,"column":36}},"type":"default-arg","locations":[{"start":{"line":82,"column":35},"end":{"line":82,"column":36}}]},"3":{"loc":{"start":{"line":82,"column":38},"end":{"line":82,"column":48}},"type":"default-arg","locations":[{"start":{"line":82,"column":46},"end":{"line":82,"column":48}}]},"4":{"loc":{"start":{"line":84,"column":4},"end":{"line":88,"column":5}},"type":"if","locations":[{"start":{"line":84,"column":4},"end":{"line":88,"column":5}},{"start":{},"end":{}}]},"5":{"loc":{"start":{"line":84,"column":8},"end":{"line":84,"column":29}},"type":"binary-expr","locations":[{"start":{"line":84,"column":8},"end":{"line":84,"column":16}},{"start":{"line":84,"column":20},"end":{"line":84,"column":29}}]},"6":{"loc":{"start":{"line":128,"column":4},"end":{"line":130,"column":5}},"type":"if","locations":[{"start":{"line":128,"column":4},"end":{"line":130,"column":5}},{"start":{},"end":{}}]},"7":{"loc":{"start":{"line":190,"column":4},"end":{"line":213,"column":5}},"type":"if","locations":[{"start":{"line":190,"column":4},"end":{"line":213,"column":5}},{"start":{},"end":{}}]},"8":{"loc":{"start":{"line":191,"column":6},"end":{"line":212,"column":7}},"type":"switch","locations":[{"start":{"line":192,"column":8},"end":{"line":199,"column":9}},{"start":{"line":200,"column":8},"end":{"line":207,"column":9}},{"start":{"line":208,"column":8},"end":{"line":211,"column":12}}]},"9":{"loc":{"start":{"line":194,"column":13},"end":{"line":194,"column":75}},"type":"binary-expr","locations":[{"start":{"line":194,"column":13},"end":{"line":194,"column":56}},{"start":{"line":194,"column":60},"end":{"line":194,"column":75}}]},"10":{"loc":{"start":{"line":202,"column":13},"end":{"line":202,"column":68}},"type":"binary-expr","locations":[{"start":{"line":202,"column":13},"end":{"line":202,"column":46}},{"start":{"line":202,"column":50},"end":{"line":202,"column":68}}]},"11":{"loc":{"start":{"line":210,"column":12},"end":{"line":210,"column":70}},"type":"cond-expr","locations":[{"start":{"line":210,"column":17},"end":{"line":210,"column":49}},{"start":{"line":210,"column":52},"end":{"line":210,"column":70}}]},"12":{"loc":{"start":{"line":215,"column":4},"end":{"line":220,"column":5}},"type":"if","locations":[{"start":{"line":215,"column":4},"end":{"line":220,"column":5}},{"start":{},"end":{}}]},"13":{"loc":{"start":{"line":224,"column":11},"end":{"line":224,"column":68}},"type":"cond-expr","locations":[{"start":{"line":224,"column":36},"end":{"line":224,"column":41}},{"start":{"line":224,"column":44},"end":{"line":224,"column":68}}]}},"s":{"0":2,"1":2,"2":41,"3":2,"4":2,"5":2,"6":7,"7":7,"8":4,"9":3,"10":3,"11":3,"12":3,"13":3,"14":3,"15":3,"16":3,"17":1,"18":2,"19":8,"20":8,"21":7,"22":2,"23":2,"24":1,"25":2,"26":2,"27":1,"28":0,"29":9,"30":6,"31":2,"32":2,"33":2,"34":2,"35":2,"36":3,"37":1,"38":2,"39":2},"f":{"0":41,"1":2,"2":7,"3":3,"4":8,"5":2,"6":2,"7":0,"8":9},"b":{"0":[1],"1":[1],"2":[3],"3":[3],"4":[4,3],"5":[7,5],"6":[1,2],"7":[6,3],"8":[2,2,2],"9":[2,0],"10":[2,0],"11":[2,0],"12":[1,2],"13":[1,1]}}
,"/home/runner/work/auto-core-platform/auto-core-platform/apps/core-api/src/common/services/cloud-tasks.service.ts": {"path":"/home/runner/work/auto-core-platform/auto-core-platform/apps/core-api/src/common/services/cloud-tasks.service.ts","statementMap":{"0":{"start":{"line":1,"column":0},"end":{"line":1,"column":null}},"1":{"start":{"line":6,"column":0},"end":{"line":6,"column":55}},"2":{"start":{"line":7,"column":0},"end":{"line":7,"column":39}},"3":{"start":{"line":10,"column":30},"end":{"line":196,"column":null}},"4":{"start":{"line":11,"column":28},"end":{"line":11,"column":62}},"5":{"start":{"line":16,"column":24},"end":{"line":16,"column":51}},"6":{"start":{"line":17,"column":4},"end":{"line":60,"column":5}},"7":{"start":{"line":18,"column":6},"end":{"line":59,"column":7}},"8":{"start":{"line":19,"column":23},"end":{"line":19,"column":73}},"9":{"start":{"line":22,"column":10},"end":{"line":24,"column":23}},"10":{"start":{"line":26,"column":10},"end":{"line":28,"column":23}},"11":{"start":{"line":31,"column":10},"end":{"line":31,"column":79}},"12":{"start":{"line":33,"column":8},"end":{"line":37,"column":9}},"13":{"start":{"line":34,"column":10},"end":{"line":36,"column":12}},"14":{"start":{"line":39,"column":8},"end":{"line":39,"column":41}},"15":{"start":{"line":41,"column":8},"end":{"line":47,"column":11}},"16":{"start":{"line":48,"column":8},"end":{"line":50,"column":10}},"17":{"start":{"line":51,"column":8},"end":{"line":51,"column":15}},"18":{"start":{"line":53,"column":24},"end":{"line":53,"column":78}},"19":{"start":{"line":54,"column":22},"end":{"line":54,"column":70}},"20":{"start":{"line":55,"column":8},"end":{"line":58,"column":10}},"21":{"start":{"line":62,"column":4},"end":{"line":62,"column":41}},"22":{"start":{"line":66,"column":4},"end":{"line":66,"column":82}},"23":{"start":{"line":66,"column":42},"end":{"line":66,"column":82}},"24":{"start":{"line":67,"column":4},"end":{"line":67,"column":58}},"25":{"start":{"line":67,"column":30},"end":{"line":67,"column":58}},"26":{"start":{"line":69,"column":4},"end":{"line":69,"column":68}},"27":{"start":{"line":70,"column":4},"end":{"line":70,"column":32}},"28":{"start":{"line":75,"column":6},"end":{"line":78,"column":52}},"29":{"start":{"line":79,"column":4},"end":{"line":81,"column":5}},"30":{"start":{"line":80,"column":6},"end":{"line":80,"column":19}},"31":{"start":{"line":83,"column":17},"end":{"line":83,"column":48}},"32":{"start":{"line":84,"column":4},"end":{"line":84,"column":37}},"33":{"start":{"line":84,"column":25},"end":{"line":84,"column":37}},"34":{"start":{"line":85,"column":4},"end":{"line":85,"column":39}},"35":{"start":{"line":85,"column":26},"end":{"line":85,"column":39}},"36":{"start":{"line":87,"column":4},"end":{"line":87,"column":49}},"37":{"start":{"line":95,"column":4},"end":{"line":194,"column":6}},"38":{"start":{"line":98,"column":30},"end":{"line":98,"column":36}},"39":{"start":{"line":99,"column":8},"end":{"line":99,"column":50}},"40":{"start":{"line":101,"column":8},"end":{"line":105,"column":9}},"41":{"start":{"line":102,"column":10},"end":{"line":104,"column":12}},"42":{"start":{"line":107,"column":23},"end":{"line":107,"column":42}},"43":{"start":{"line":108,"column":29},"end":{"line":108,"column":66}},"44":{"start":{"line":109,"column":25},"end":{"line":109,"column":57}},"45":{"start":{"line":110,"column":22},"end":{"line":110,"column":51}},"46":{"start":{"line":112,"column":8},"end":{"line":116,"column":9}},"47":{"start":{"line":113,"column":10},"end":{"line":115,"column":12}},"48":{"start":{"line":118,"column":26},"end":{"line":118,"column":51}},"49":{"start":{"line":119,"column":23},"end":{"line":119,"column":72}},"50":{"start":{"line":122,"column":8},"end":{"line":134,"column":9}},"51":{"start":{"line":123,"column":26},"end":{"line":125,"column":40}},"52":{"start":{"line":127,"column":10},"end":{"line":127,"column":80}},"53":{"start":{"line":130,"column":12},"end":{"line":130,"column":66}},"54":{"start":{"line":131,"column":10},"end":{"line":133,"column":12}},"55":{"start":{"line":136,"column":8},"end":{"line":136,"column":42}},"56":{"start":{"line":137,"column":8},"end":{"line":137,"column":48}},"57":{"start":{"line":138,"column":8},"end":{"line":138,"column":44}},"58":{"start":{"line":140,"column":29},"end":{"line":140,"column":78}},"59":{"start":{"line":142,"column":10},"end":{"line":144,"column":23}},"60":{"start":{"line":147,"column":25},"end":{"line":147,"column":113}},"61":{"start":{"line":149,"column":23},"end":{"line":173,"column":10}},"62":{"start":{"line":168,"column":10},"end":{"line":171,"column":11}},"63":{"start":{"line":169,"column":12},"end":{"line":169,"column":102}},"64":{"start":{"line":170,"column":12},"end":{"line":170,"column":40}},"65":{"start":{"line":172,"column":10},"end":{"line":172,"column":20}},"66":{"start":{"line":175,"column":29},"end":{"line":175,"column":38}},"67":{"start":{"line":176,"column":8},"end":{"line":183,"column":9}},"68":{"start":{"line":177,"column":10},"end":{"line":179,"column":12}},"69":{"start":{"line":180,"column":10},"end":{"line":182,"column":12}},"70":{"start":{"line":186,"column":23},"end":{"line":186,"column":68}},"71":{"start":{"line":188,"column":8},"end":{"line":190,"column":10}},"72":{"start":{"line":192,"column":8},"end":{"line":192,"column":26}},"73":{"start":{"line":10,"column":13},"end":{"line":10,"column":30}},"74":{"start":{"line":10,"column":13},"end":{"line":196,"column":null}}},"fnMap":{"0":{"name":"(anonymous_11)","decl":{"start":{"line":15,"column":2},"end":{"line":15,"column":null}},"loc":{"start":{"line":15,"column":2},"end":{"line":63,"column":3}}},"1":{"name":"(anonymous_12)","decl":{"start":{"line":65,"column":10},"end":{"line":65,"column":15}},"loc":{"start":{"line":65,"column":28},"end":{"line":71,"column":3}}},"2":{"name":"(anonymous_13)","decl":{"start":{"line":73,"column":2},"end":{"line":73,"column":11}},"loc":{"start":{"line":73,"column":11},"end":{"line":88,"column":3}}},"3":{"name":"(anonymous_14)","decl":{"start":{"line":90,"column":2},"end":{"line":90,"column":7}},"loc":{"start":{"line":94,"column":3},"end":{"line":195,"column":3}}},"4":{"name":"(anonymous_15)","decl":{"start":{"line":97,"column":6},"end":{"line":97,"column":11}},"loc":{"start":{"line":97,"column":21},"end":{"line":193,"column":7}}},"5":{"name":"(anonymous_16)","decl":{"start":{"line":166,"column":17},"end":{"line":166,"column":20}},"loc":{"start":{"line":166,"column":23},"end":{"line":173,"column":9}}}},"branchMap":{"0":{"loc":{"start":{"line":17,"column":4},"end":{"line":60,"column":5}},"type":"if","locations":[{"start":{"line":17,"column":4},"end":{"line":60,"column":5}},{"start":{},"end":{}}]},"1":{"loc":{"start":{"line":22,"column":10},"end":{"line":24,"column":23}},"type":"cond-expr","locations":[{"start":{"line":23,"column":14},"end":{"line":23,"column":33}},{"start":{"line":24,"column":14},"end":{"line":24,"column":23}}]},"2":{"loc":{"start":{"line":26,"column":10},"end":{"line":28,"column":23}},"type":"cond-expr","locations":[{"start":{"line":27,"column":14},"end":{"line":27,"column":32}},{"start":{"line":28,"column":14},"end":{"line":28,"column":23}}]},"3":{"loc":{"start":{"line":31,"column":10},"end":{"line":31,"column":79}},"type":"cond-expr","locations":[{"start":{"line":31,"column":50},"end":{"line":31,"column":67}},{"start":{"line":31,"column":70},"end":{"line":31,"column":79}}]},"4":{"loc":{"start":{"line":33,"column":8},"end":{"line":37,"column":9}},"type":"if","locations":[{"start":{"line":33,"column":8},"end":{"line":37,"column":9}},{"start":{},"end":{}}]},"5":{"loc":{"start":{"line":33,"column":12},"end":{"line":33,"column":39}},"type":"binary-expr","locations":[{"start":{"line":33,"column":12},"end":{"line":33,"column":24}},{"start":{"line":33,"column":28},"end":{"line":33,"column":39}}]},"6":{"loc":{"start":{"line":53,"column":24},"end":{"line":53,"column":78}},"type":"cond-expr","locations":[{"start":{"line":53,"column":49},"end":{"line":53,"column":62}},{"start":{"line":53,"column":65},"end":{"line":53,"column":78}}]},"7":{"loc":{"start":{"line":54,"column":22},"end":{"line":54,"column":70}},"type":"cond-expr","locations":[{"start":{"line":54,"column":47},"end":{"line":54,"column":58}},{"start":{"line":54,"column":61},"end":{"line":54,"column":70}}]},"8":{"loc":{"start":{"line":66,"column":4},"end":{"line":66,"column":82}},"type":"if","locations":[{"start":{"line":66,"column":4},"end":{"line":66,"column":82}},{"start":{},"end":{}}]},"9":{"loc":{"start":{"line":67,"column":4},"end":{"line":67,"column":58}},"type":"if","locations":[{"start":{"line":67,"column":4},"end":{"line":67,"column":58}},{"start":{},"end":{}}]},"10":{"loc":{"start":{"line":75,"column":6},"end":{"line":78,"column":52}},"type":"binary-expr","locations":[{"start":{"line":75,"column":6},"end":{"line":75,"column":47}},{"start":{"line":76,"column":6},"end":{"line":76,"column":44}},{"start":{"line":77,"column":6},"end":{"line":77,"column":34}},{"start":{"line":78,"column":6},"end":{"line":78,"column":52}}]},"11":{"loc":{"start":{"line":79,"column":4},"end":{"line":81,"column":5}},"type":"if","locations":[{"start":{"line":79,"column":4},"end":{"line":81,"column":5}},{"start":{},"end":{}}]},"12":{"loc":{"start":{"line":84,"column":4},"end":{"line":84,"column":37}},"type":"if","locations":[{"start":{"line":84,"column":4},"end":{"line":84,"column":37}},{"start":{},"end":{}}]},"13":{"loc":{"start":{"line":85,"column":4},"end":{"line":85,"column":39}},"type":"if","locations":[{"start":{"line":85,"column":4},"end":{"line":85,"column":39}},{"start":{},"end":{}}]},"14":{"loc":{"start":{"line":101,"column":8},"end":{"line":105,"column":9}},"type":"if","locations":[{"start":{"line":101,"column":8},"end":{"line":105,"column":9}},{"start":{},"end":{}}]},"15":{"loc":{"start":{"line":112,"column":8},"end":{"line":116,"column":9}},"type":"if","locations":[{"start":{"line":112,"column":8},"end":{"line":116,"column":9}},{"start":{},"end":{}}]},"16":{"loc":{"start":{"line":112,"column":12},"end":{"line":112,"column":59}},"type":"binary-expr","locations":[{"start":{"line":112,"column":12},"end":{"line":112,"column":19}},{"start":{"line":112,"column":23},"end":{"line":112,"column":36}},{"start":{"line":112,"column":40},"end":{"line":112,"column":49}},{"start":{"line":112,"column":53},"end":{"line":112,"column":59}}]},"17":{"loc":{"start":{"line":123,"column":26},"end":{"line":125,"column":40}},"type":"cond-expr","locations":[{"start":{"line":124,"column":14},"end":{"line":124,"column":34}},{"start":{"line":125,"column":14},"end":{"line":125,"column":40}}]},"18":{"loc":{"start":{"line":130,"column":12},"end":{"line":130,"column":66}},"type":"cond-expr","locations":[{"start":{"line":130,"column":37},"end":{"line":130,"column":50}},{"start":{"line":130,"column":53},"end":{"line":130,"column":66}}]},"19":{"loc":{"start":{"line":140,"column":52},"end":{"line":140,"column":76}},"type":"binary-expr","locations":[{"start":{"line":140,"column":52},"end":{"line":140,"column":71}},{"start":{"line":140,"column":75},"end":{"line":140,"column":76}}]},"20":{"loc":{"start":{"line":142,"column":10},"end":{"line":144,"column":23}},"type":"cond-expr","locations":[{"start":{"line":143,"column":14},"end":{"line":143,"column":71}},{"start":{"line":144,"column":14},"end":{"line":144,"column":23}}]},"21":{"loc":{"start":{"line":168,"column":10},"end":{"line":171,"column":11}},"type":"if","locations":[{"start":{"line":168,"column":10},"end":{"line":171,"column":11}},{"start":{},"end":{}}]},"22":{"loc":{"start":{"line":168,"column":14},"end":{"line":168,"column":87}},"type":"binary-expr","locations":[{"start":{"line":168,"column":14},"end":{"line":168,"column":28}},{"start":{"line":168,"column":33},"end":{"line":168,"column":44}},{"start":{"line":168,"column":48},"end":{"line":168,"column":86}}]},"23":{"loc":{"start":{"line":176,"column":8},"end":{"line":183,"column":9}},"type":"if","locations":[{"start":{"line":176,"column":8},"end":{"line":183,"column":9}},{"start":{},"end":{}}]},"24":{"loc":{"start":{"line":186,"column":23},"end":{"line":186,"column":68}},"type":"binary-expr","locations":[{"start":{"line":186,"column":23},"end":{"line":186,"column":52}},{"start":{"line":186,"column":56},"end":{"line":186,"column":68}}]}},"s":{"0":0,"1":0,"2":0,"3":0,"4":0,"5":0,"6":0,"7":0,"8":0,"9":0,"10":0,"11":0,"12":0,"13":0,"14":0,"15":0,"16":0,"17":0,"18":0,"19":0,"20":0,"21":0,"22":0,"23":0,"24":0,"25":0,"26":0,"27":0,"28":0,"29":0,"30":0,"31":0,"32":0,"33":0,"34":0,"35":0,"36":0,"37":0,"38":0,"39":0,"40":0,"41":0,"42":0,"43":0,"44":0,"45":0,"46":0,"47":0,"48":0,"49":0,"50":0,"51":0,"52":0,"53":0,"54":0,"55":0,"56":0,"57":0,"58":0,"59":0,"60":0,"61":0,"62":0,"63":0,"64":0,"65":0,"66":0,"67":0,"68":0,"69":0,"70":0,"71":0,"72":0,"73":0,"74":0},"f":{"0":0,"1":0,"2":0,"3":0,"4":0,"5":0},"b":{"0":[0,0],"1":[0,0],"2":[0,0],"3":[0,0],"4":[0,0],"5":[0,0],"6":[0,0],"7":[0,0],"8":[0,0],"9":[0,0],"10":[0,0,0,0],"11":[0,0],"12":[0,0],"13":[0,0],"14":[0,0],"15":[0,0],"16":[0,0,0,0],"17":[0,0],"18":[0,0],"19":[0,0],"20":[0,0],"21":[0,0],"22":[0,0,0],"23":[0,0],"24":[0,0]}}
,"/home/runner/work/auto-core-platform/auto-core-platform/apps/core-api/src/common/utils/promise.util.ts": {"path":"/home/runner/work/auto-core-platform/auto-core-platform/apps/core-api/src/common/utils/promise.util.ts","statementMap":{"0":{"start":{"line":10,"column":0},"end":{"line":10,"column":7}},"1":{"start":{"line":15,"column":2},"end":{"line":17,"column":3}},"2":{"start":{"line":16,"column":4},"end":{"line":16,"column":60}},"3":{"start":{"line":19,"column":23},"end":{"line":19,"column":25}},"4":{"start":{"line":21,"column":2},"end":{"line":28,"column":3}},"5":{"start":{"line":21,"column":15},"end":{"line":21,"column":16}},"6":{"start":{"line":22,"column":18},"end":{"line":22,"column":47}},"7":{"start":{"line":24,"column":25},"end":{"line":25,"column":null}},"8":{"start":{"line":25,"column":26},"end":{"line":25,"column":41}},"9":{"start":{"line":27,"column":4},"end":{"line":27,"column":34}},"10":{"start":{"line":30,"column":2},"end":{"line":30,"column":17}}},"fnMap":{"0":{"name":"chunkedPromiseAll","decl":{"start":{"line":10,"column":22},"end":{"line":10,"column":39}},"loc":{"start":{"line":13,"column":24},"end":{"line":31,"column":1}}},"1":{"name":"(anonymous_1)","decl":{"start":{"line":25,"column":16},"end":{"line":25,"column":17}},"loc":{"start":{"line":25,"column":26},"end":{"line":25,"column":41}}}},"branchMap":{"0":{"loc":{"start":{"line":13,"column":2},"end":{"line":13,"column":24}},"type":"default-arg","locations":[{"start":{"line":13,"column":22},"end":{"line":13,"column":24}}]},"1":{"loc":{"start":{"line":15,"column":2},"end":{"line":17,"column":3}},"type":"if","locations":[{"start":{"line":15,"column":2},"end":{"line":17,"column":3}},{"start":{},"end":{}}]},"2":{"loc":{"start":{"line":15,"column":6},"end":{"line":15,"column":52}},"type":"binary-expr","locations":[{"start":{"line":15,"column":6},"end":{"line":15,"column":34}},{"start":{"line":15,"column":38},"end":{"line":15,"column":52}}]}},"s":{"0":2,"1":1,"2":0,"3":1,"4":1,"5":1,"6":1,"7":1,"8":1,"9":1,"10":1},"f":{"0":1,"1":1},"b":{"0":[1],"1":[0,1],"2":[1,1]}}
,"/home/runner/work/auto-core-platform/auto-core-platform/apps/core-api/src/common/utils/query-builder.ts": {"path":"/home/runner/work/auto-core-platform/auto-core-platform/apps/core-api/src/common/utils/query-builder.ts","statementMap":{"0":{"start":{"line":44,"column":23},"end":{"line":44,"column":25}},"1":{"start":{"line":47,"column":4},"end":{"line":69,"column":5}},"2":{"start":{"line":48,"column":6},"end":{"line":50,"column":7}},"3":{"start":{"line":49,"column":8},"end":{"line":49,"column":17}},"4":{"start":{"line":52,"column":25},"end":{"line":52,"column":48}},"5":{"start":{"line":53,"column":25},"end":{"line":53,"column":30}},"6":{"start":{"line":56,"column":6},"end":{"line":62,"column":7}},"7":{"start":{"line":56,"column":19},"end":{"line":56,"column":20}},"8":{"start":{"line":57,"column":21},"end":{"line":57,"column":34}},"9":{"start":{"line":58,"column":8},"end":{"line":60,"column":9}},"10":{"start":{"line":59,"column":10},"end":{"line":59,"column":34}},"11":{"start":{"line":61,"column":8},"end":{"line":61,"column":42}},"12":{"start":{"line":64,"column":24},"end":{"line":64,"column":57}},"13":{"start":{"line":65,"column":29},"end":{"line":65,"column":76}},"14":{"start":{"line":68,"column":6},"end":{"line":68,"column":47}},"15":{"start":{"line":72,"column":4},"end":{"line":106,"column":5}},"16":{"start":{"line":73,"column":31},"end":{"line":92,"column":8}},"17":{"start":{"line":76,"column":22},"end":{"line":76,"column":38}},"18":{"start":{"line":77,"column":8},"end":{"line":79,"column":9}},"19":{"start":{"line":78,"column":10},"end":{"line":78,"column":78}},"20":{"start":{"line":81,"column":37},"end":{"line":81,"column":39}},"21":{"start":{"line":82,"column":22},"end":{"line":82,"column":37}},"22":{"start":{"line":83,"column":8},"end":{"line":86,"column":9}},"23":{"start":{"line":83,"column":21},"end":{"line":83,"column":22}},"24":{"start":{"line":84,"column":10},"end":{"line":84,"column":33}},"25":{"start":{"line":85,"column":10},"end":{"line":85,"column":38}},"26":{"start":{"line":87,"column":8},"end":{"line":90,"column":10}},"27":{"start":{"line":91,"column":8},"end":{"line":91,"column":31}},"28":{"start":{"line":94,"column":6},"end":{"line":105,"column":7}},"29":{"start":{"line":95,"column":8},"end":{"line":98,"column":10}},"30":{"start":{"line":100,"column":8},"end":{"line":102,"column":9}},"31":{"start":{"line":101,"column":10},"end":{"line":101,"column":47}},"32":{"start":{"line":101,"column":29},"end":{"line":101,"column":47}},"33":{"start":{"line":104,"column":8},"end":{"line":104,"column":39}},"34":{"start":{"line":108,"column":4},"end":{"line":108,"column":17}},"35":{"start":{"line":112,"column":27},"end":{"line":112,"column":29}},"36":{"start":{"line":114,"column":4},"end":{"line":131,"column":5}},"37":{"start":{"line":115,"column":6},"end":{"line":117,"column":7}},"38":{"start":{"line":116,"column":8},"end":{"line":116,"column":17}},"39":{"start":{"line":119,"column":25},"end":{"line":119,"column":46}},"40":{"start":{"line":120,"column":31},"end":{"line":120,"column":33}},"41":{"start":{"line":121,"column":25},"end":{"line":121,"column":36}},"42":{"start":{"line":123,"column":6},"end":{"line":127,"column":7}},"43":{"start":{"line":123,"column":19},"end":{"line":123,"column":20}},"44":{"start":{"line":124,"column":21},"end":{"line":124,"column":34}},"45":{"start":{"line":125,"column":8},"end":{"line":125,"column":32}},"46":{"start":{"line":126,"column":8},"end":{"line":126,"column":42}},"47":{"start":{"line":129,"column":6},"end":{"line":129,"column":71}},"48":{"start":{"line":130,"column":6},"end":{"line":130,"column":32}},"49":{"start":{"line":133,"column":4},"end":{"line":133,"column":52}},"50":{"start":{"line":140,"column":21},"end":{"line":140,"column":38}},"51":{"start":{"line":141,"column":25},"end":{"line":141,"column":61}},"52":{"start":{"line":143,"column":4},"end":{"line":146,"column":6}},"53":{"start":{"line":154,"column":57},"end":{"line":154,"column":63}},"54":{"start":{"line":156,"column":18},"end":{"line":156,"column":75}},"55":{"start":{"line":157,"column":20},"end":{"line":157,"column":57}},"56":{"start":{"line":158,"column":27},"end":{"line":158,"column":63}},"57":{"start":{"line":160,"column":4},"end":{"line":165,"column":6}},"58":{"start":{"line":169,"column":4},"end":{"line":192,"column":5}},"59":{"start":{"line":171,"column":8},"end":{"line":171,"column":33}},"60":{"start":{"line":173,"column":8},"end":{"line":173,"column":56}},"61":{"start":{"line":175,"column":8},"end":{"line":175,"column":58}},"62":{"start":{"line":177,"column":8},"end":{"line":177,"column":56}},"63":{"start":{"line":179,"column":8},"end":{"line":179,"column":29}},"64":{"start":{"line":181,"column":8},"end":{"line":181,"column":30}},"65":{"start":{"line":183,"column":8},"end":{"line":183,"column":29}},"66":{"start":{"line":185,"column":8},"end":{"line":185,"column":30}},"67":{"start":{"line":187,"column":8},"end":{"line":187,"column":62}},"68":{"start":{"line":189,"column":8},"end":{"line":189,"column":65}},"69":{"start":{"line":191,"column":8},"end":{"line":191,"column":33}},"70":{"start":{"line":37,"column":0},"end":{"line":37,"column":13}}},"fnMap":{"0":{"name":"(anonymous_0)","decl":{"start":{"line":38,"column":2},"end":{"line":38,"column":8}},"loc":{"start":{"line":42,"column":27},"end":{"line":109,"column":3}}},"1":{"name":"(anonymous_1)","decl":{"start":{"line":73,"column":48},"end":{"line":73,"column":49}},"loc":{"start":{"line":73,"column":58},"end":{"line":92,"column":7}}},"2":{"name":"(anonymous_2)","decl":{"start":{"line":111,"column":2},"end":{"line":111,"column":8}},"loc":{"start":{"line":111,"column":68},"end":{"line":134,"column":3}}},"3":{"name":"(anonymous_3)","decl":{"start":{"line":136,"column":2},"end":{"line":136,"column":8}},"loc":{"start":{"line":138,"column":25},"end":{"line":147,"column":3}}},"4":{"name":"(anonymous_4)","decl":{"start":{"line":149,"column":2},"end":{"line":149,"column":8}},"loc":{"start":{"line":152,"column":27},"end":{"line":166,"column":3}}},"5":{"name":"(anonymous_5)","decl":{"start":{"line":168,"column":10},"end":{"line":168,"column":16}},"loc":{"start":{"line":168,"column":57},"end":{"line":193,"column":3}}}},"branchMap":{"0":{"loc":{"start":{"line":39,"column":4},"end":{"line":39,"column":31}},"type":"default-arg","locations":[{"start":{"line":39,"column":29},"end":{"line":39,"column":31}}]},"1":{"loc":{"start":{"line":48,"column":6},"end":{"line":50,"column":7}},"type":"if","locations":[{"start":{"line":48,"column":6},"end":{"line":50,"column":7}},{"start":{},"end":{}}]},"2":{"loc":{"start":{"line":58,"column":8},"end":{"line":60,"column":9}},"type":"if","locations":[{"start":{"line":58,"column":8},"end":{"line":60,"column":9}},{"start":{},"end":{}}]},"3":{"loc":{"start":{"line":72,"column":4},"end":{"line":106,"column":5}},"type":"if","locations":[{"start":{"line":72,"column":4},"end":{"line":106,"column":5}},{"start":{},"end":{}}]},"4":{"loc":{"start":{"line":72,"column":8},"end":{"line":72,"column":63}},"type":"binary-expr","locations":[{"start":{"line":72,"column":8},"end":{"line":72,"column":20}},{"start":{"line":72,"column":24},"end":{"line":72,"column":36}},{"start":{"line":72,"column":40},"end":{"line":72,"column":63}}]},"5":{"loc":{"start":{"line":77,"column":8},"end":{"line":79,"column":9}},"type":"if","locations":[{"start":{"line":77,"column":8},"end":{"line":79,"column":9}},{"start":{},"end":{}}]},"6":{"loc":{"start":{"line":94,"column":6},"end":{"line":105,"column":7}},"type":"if","locations":[{"start":{"line":94,"column":6},"end":{
[...]
"21":{"name":"(anonymous_25)","decl":{"start":{"line":453,"column":18},"end":{"line":453,"column":19}},"loc":{"start":{"line":453,"column":25},"end":{"line":453,"column":33}}},"22":{"name":"(anonymous_26)","decl":{"start":{"line":470,"column":2},"end":{"line":470,"column":7}},"loc":{"start":{"line":470,"column":50},"end":{"line":520,"column":3}}},"23":{"name":"(anonymous_27)","decl":{"start":{"line":471,"column":35},"end":{"line":471,"column":40}},"loc":{"start":{"line":471,"column":48},"end":{"line":517,"column":5}}},"24":{"name":"(anonymous_28)","decl":{"start":{"line":508,"column":18},"end":{"line":508,"column":19}},"loc":{"start":{"line":508,"column":36},"end":{"line":508,"column":55}}},"25":{"name":"(anonymous_29)","decl":{"start":{"line":522,"column":2},"end":{"line":522,"column":7}},"loc":{"start":{"line":525,"column":40},"end":{"line":570,"column":3}}},"26":{"name":"(anonymous_30)","decl":{"start":{"line":547,"column":35},"end":{"line":547,"column":40}},"loc":{"start":{"line":547,"column":48},"end":{"line":567,"column":5}}},"27":{"name":"(anonymous_31)","decl":{"start":{"line":554,"column":30},"end":{"line":554,"column":31}},"loc":{"start":{"line":554,"column":41},"end":{"line":564,"column":12}}},"28":{"name":"(anonymous_32)","decl":{"start":{"line":572,"column":2},"end":{"line":572,"column":7}},"loc":{"start":{"line":572,"column":46},"end":{"line":574,"column":3}}},"29":{"name":"(anonymous_33)","decl":{"start":{"line":576,"column":2},"end":{"line":576,"column":7}},"loc":{"start":{"line":576,"column":28},"end":{"line":636,"column":3}}}},"branchMap":{"0":{"loc":{"start":{"line":73,"column":4},"end":{"line":73,"column":69}},"type":"if","locations":[{"start":{"line":73,"column":4},"end":{"line":73,"column":69}},{"start":{},"end":{}}]},"1":{"loc":{"start":{"line":74,"column":4},"end":{"line":76,"column":5}},"type":"if","locations":[{"start":{"line":74,"column":4},"end":{"line":76,"column":5}},{"start":{},"end":{}}]},"2":{"loc":{"start":{"line":77,"column":4},"end":{"line":81,"column":5}},"type":"if","locations":[{"start":{"line":77,"column":4},"end":{"line":81,"column":5}},{"start":{},"end":{}}]},"3":{"loc":{"start":{"line":86,"column":4},"end":{"line":88,"column":5}},"type":"if","locations":[{"start":{"line":86,"column":4},"end":{"line":88,"column":5}},{"start":{},"end":{}}]},"4":{"loc":{"start":{"line":95,"column":8},"end":{"line":107,"column":17}},"type":"binary-expr","locations":[{"start":{"line":95,"column":8},"end":{"line":107,"column":11}},{"start":{"line":107,"column":15},"end":{"line":107,"column":17}}]},"5":{"loc":{"start":{"line":99,"column":12},"end":{"line":106,"column":21}},"type":"binary-expr","locations":[{"start":{"line":99,"column":12},"end":{"line":106,"column":15}},{"start":{"line":106,"column":19},"end":{"line":106,"column":21}}]},"6":{"loc":{"start":{"line":114,"column":4},"end":{"line":139,"column":5}},"type":"if","locations":[{"start":{"line":114,"column":4},"end":{"line":139,"column":5}},{"start":{"line":133,"column":11},"end":{"line":139,"column":5}}]},"7":{"loc":{"start":{"line":115,"column":31},"end":{"line":117,"column":14}},"type":"cond-expr","locations":[{"start":{"line":116,"column":10},"end":{"line":116,"column":80}},{"start":{"line":117,"column":10},"end":{"line":117,"column":14}}]},"8":{"loc":{"start":{"line":119,"column":6},"end":{"line":132,"column":7}},"type":"if","locations":[{"start":{"line":119,"column":6},"end":{"line":132,"column":7}},{"start":{"line":121,"column":13},"end":{"line":132,"column":7}}]},"9":{"loc":{"start":{"line":124,"column":24},"end":{"line":124,"column":43}},"type":"binary-expr","locations":[{"start":{"line":124,"column":24},"end":{"line":124,"column":37}},{"start":{"line":124,"column":41},"end":{"line":124,"column":43}}]},"10":{"loc":{"start":{"line":125,"column":23},"end":{"line":125,"column":41}},"type":"binary-expr","locations":[{"start":{"line":125,"column":23},"end":{"line":125,"column":35}},{"start":{"line":125,"column":39},"end":{"line":125,"column":41}}]},"11":{"loc":{"start":{"line":137,"column":6},"end":{"line":138,"column":72}},"type":"if","locations":[{"start":{"line":137,"column":6},"end":{"line":138,"column":72}},{"start":{},"end":{}}]},"12":{"loc":{"start":{"line":168,"column":4},"end":{"line":169,"column":74}},"type":"if","locations":[{"start":{"line":168,"column":4},"end":{"line":169,"column":74}},{"start":{},"end":{}}]},"13":{"loc":{"start":{"line":170,"column":4},"end":{"line":171,"column":72}},"type":"if","locations":[{"start":{"line":170,"column":4},"end":{"line":171,"column":72}},{"start":{},"end":{}}]},"14":{"loc":{"start":{"line":207,"column":17},"end":{"line":207,"column":65}},"type":"cond-expr","locations":[{"start":{"line":207,"column":50},"end":{"line":207,"column":61}},{"start":{"line":207,"column":64},"end":{"line":207,"column":65}}]},"15":{"loc":{"start":{"line":207,"column":17},"end":{"line":207,"column":47}},"type":"binary-expr","locations":[{"start":{"line":207,"column":17},"end":{"line":207,"column":28}},{"start":{"line":207,"column":32},"end":{"line":207,"column":47}}]},"16":{"loc":{"start":{"line":209,"column":6},"end":{"line":211,"column":27}},"type":"cond-expr","locations":[{"start":{"line":210,"column":10},"end":{"line":210,"column":25}},{"start":{"line":211,"column":10},"end":{"line":211,"column":27}}]},"17":{"loc":{"start":{"line":209,"column":6},"end":{"line":209,"column":44}},"type":"binary-expr","locations":[{"start":{"line":209,"column":6},"end":{"line":209,"column":21}},{"start":{"line":209,"column":25},"end":{"line":209,"column":44}}]},"18":{"loc":{"start":{"line":214,"column":50},"end":{"line":254,"column":10}},"type":"cond-expr","locations":[{"start":{"line":215,"column":8},"end":{"line":253,"column":null}},{"start":{"line":254,"column":8},"end":{"line":254,"column":10}}]},"19":{"loc":{"start":{"line":256,"column":22},"end":{"line":256,"column":53}},"type":"binary-expr","locations":[{"start":{"line":256,"column":22},"end":{"line":256,"column":38}},{"start":{"line":256,"column":42},"end":{"line":256,"column":53}}]},"20":{"loc":{"start":{"line":257,"column":26},"end":{"line":257,"column":56}},"type":"binary-expr","locations":[{"start":{"line":257,"column":26},"end":{"line":257,"column":46}},{"start":{"line":257,"column":50},"end":{"line":257,"column":56}}]},"21":{"loc":{"start":{"line":263,"column":4},"end":{"line":273,"column":5}},"type":"if","locations":[{"start":{"line":263,"column":4},"end":{"line":273,"column":5}},{"start":{"line":265,"column":11},"end":{"line":273,"column":5}}]},"22":{"loc":{"start":{"line":265,"column":11},"end":{"line":273,"column":5}},"type":"if","locations":[{"start":{"line":265,"column":11},"end":{"line":273,"column":5}},{"start":{"line":267,"column":11},"end":{"line":273,"column":5}}]},"23":{"loc":{"start":{"line":265,"column":15},"end":{"line":265,"column":70}},"type":"binary-expr","locations":[{"start":{"line":265,"column":15},"end":{"line":265,"column":38}},{"start":{"line":265,"column":42},"end":{"line":265,"column":70}}]},"24":{"loc":{"start":{"line":267,"column":11},"end":{"line":273,"column":5}},"type":"if","locations":[{"start":{"line":267,"column":11},"end":{"line":273,"column":5}},{"start":{"line":269,"column":11},"end":{"line":273,"column":5}}]},"25":{"loc":{"start":{"line":269,"column":11},"end":{"line":273,"column":5}},"type":"if","locations":[{"start":{"line":269,"column":11},"end":{"line":273,"column":5}},{"start":{"line":271,"column":11},"end":{"line":273,"column":5}}]},"26":{"loc":{"start":{"line":271,"column":11},"end":{"line":273,"column":5}},"type":"if","locations":[{"start":{"line":271,"column":11},"end":{"line":273,"column":5}},{"start":{},"end":{}}]},"27":{"loc":{"start":{"line":321,"column":4},"end":{"line":323,"column":5}},"type":"if","locations":[{"start":{"line":321,"column":4},"end":{"line":323,"column":5}},{"start":{},"end":{}}]},"28":{"loc":{"start":{"line":364,"column":6},"end":{"line":366,"column":7}},"type":"if","locations":[{"start":{"line":364,"column":6},"end":{"line":366,"column":7}},{"start":{},"end":{}}]},"29":{"loc":{"start":{"line":385,"column":6},"end":{"line":400,"column":7}},"type":"if","locations":[{"start":{"line":385,"column":6},"end":{"line":400,"column":7}},{"start":{},"end":{}}]},"30":{"loc":{"start":{"line":393,"column":8},"end":{"line":399,"column":9}},"type":"if","locations":[{"start":{"line":393,"column":8},"end":{"line":399,"column":9}},{"start":{},"end":{}}]},"31":{"loc":{"start":{"line":433,"column":6},"end":{"line":435,"column":7}},"type":"if","locations":[{"start":{"line":433,"column":6},"end":{"line":435,"column":7}},{"start":{},"end":{}}]},"32":{"loc":{"start":{"line":462,"column":6},"end":{"line":464,"column":7}},"type":"if","locations":[{"start":{"line":462,"column":6},"end":{"line":464,"column":7}},{"start":{},"end":{}}]},"33":{"loc":{"start":{"line":487,"column":6},"end":{"line":489,"column":7}},"type":"if","locations":[{"start":{"line":487,"column":6},"end":{"line":489,"column":7}},{"start":{},"end":{}}]},"34":{"loc":{"start":{"line":492,"column":6},"end":{"line":496,"column":7}},"type":"if","locations":[{"start":{"line":492,"column":6},"end":{"line":496,"column":7}},{"start":{},"end":{}}]},"35":{"loc":{"start":{"line":542,"column":4},"end":{"line":544,"column":5}},"type":"if","locations":[{"start":{"line":542,"column":4},"end":{"line":544,"column":5}},{"start":{},"end":{}}]},"36":{"loc":{"start":{"line":552,"column":6},"end":{"line":566,"column":7}},"type":"if","locations":[{"start":{"line":552,"column":6},"end":{"line":566,"column":7}},{"start":{},"end":{}}]},"37":{"loc":{"start":{"line":557,"column":14},"end":{"line":559,"column":43}},"type":"cond-expr","locations":[{"start":{"line":558,"column":18},"end":{"line":558,"column":44}},{"start":{"line":559,"column":18},"end":{"line":559,"column":43}}]},"38":{"loc":{"start":{"line":595,"column":12},"end":{"line":595,"column":53}},"type":"cond-expr","locations":[{"start":{"line":595,"column":21},"end":{"line":595,"column":48}},{"start":{"line":595,"column":51},"end":{"line":595,"column":53}}]},"39":{"loc":{"start":{"line":29,"column":43},"end":{"line":29,"column":null}},"type":"cond-expr","locations":[{"start":{"line":29,"column":56},"end":{"line":29,"column":null}},{"start":{"line":29,"column":56},"end":{"line":29,"column":null}}]},"40":{"loc":{"start":{"line":29,"column":43},"end":{"line":29,"column":56}},"type":"binary-expr","locations":[{"start":{"line":29,"column":43},"end":{"line":29,"column":null}},{"start":{"line":29,"column":43},"end":{"line":29,"column":56}}]},"41":{"loc":{"start":{"line":29,"column":56},"end":{"line":30,"column":null}},"type":"cond-expr","locations":[{"start":{"line":30,"column":69},"end":{"line":30,"column":null}},{"start":{"line":30,"column":69},"end":{"line":30,"column":null}}]},"42":{"loc":{"start":{"line":29,"column":56},"end":{"line":30,"column":69}},"type":"binary-expr","locations":[{"start":{"line":29,"column":56},"end":{"line":30,"column":null}},{"start":{"line":30,"column":54},"end":{"line":30,"column":69}}]}},"s":{"0":1,"1":1,"2":1,"3":1,"4":1,"5":1,"6":1,"7":1,"8":9,"9":9,"10":1,"11":1,"12":1,"13":1,"14":1,"15":1,"16":1,"17":3,"18":1,"19":2,"20":4,"21":1,"22":1,"23":1,"24":0,"25":1,"26":5,"27":1,"28":1,"29":0,"30":0,"31":0,"32":0,"33":0,"34":0,"35":0,"36":0,"37":0,"38":0,"39":0,"40":0,"41":0,"42":0,"43":1,"44":1,"45":0,"46":1,"47":0,"48":1,"49":1,"50":1,"51":0,"52":0,"53":0,"54":0,"55":0,"56":0,"57":0,"58":0,"59":0,"60":0,"61":0,"62":0,"63":0,"64":0,"65":0,"66":0,"67":0,"68":0,"69":0,"70":0,"71":0,"72":0,"73":0,"74":0,"75":0,"76":0,"77":0,"78":0,"79":0,"80":0,"81":0,"82":0,"83":0,"84":0,"85":0,"86":0,"87":0,"88":0,"89":0,"90":0,"91":0,"92":0,"93":0,"94":4,"95":4,"96":4,"97":1,"98":3,"99":2,"100":2,"101":2,"102":4,"103":2,"104":2,"105":0,"106":2,"107":3,"108":3,"109":3,"110":1,"111":2,"112":2,"113":1,"114":1,"115":1,"116":1,"117":0,"118":1,"119":1,"120":0,"121":0,"122":0,"123":0,"124":0,"125":0,"126":0,"127":0,"128":0,"129":0,"130":1,"131":0,"132":0,"133":0,"134":0,"135":0,"136":0,"137":0,"138":0,"139":0,"140":1,"141":1},"f":{"0":9,"1":1,"2":1,"3":3,"4":4,"5":1,"6":5,"7":1,"8":0,"9":0,"10":0,"11":1,"12":0,"13":0,"14":0,"15":0,"16":0,"17":0,"18":0,"19":4,"20":4,"21":4,"22":3,"23":3,"24":0,"25":0,"26":0,"27":0,"28":1,"29":0},"b":{"0":[1,2],"1":[1,1],"2":[0,1],"3":[1,4],"4":[1,0],"5":[0,0],"6":[0,0],"7":[0,0],"8":[0,0],"9":[0,0],"10":[0,0],"11":[0,0],"12":[0,1],"13":[0,1],"14":[0,0],"15":[0,0],"16":[0,0],"17":[0,0],"18":[0,0],"19":[0,0],"20":[0,0],"21":[0,0],"22":[0,0],"23":[0,0],"24":[0,0],"25":[0,0],"26":[0,0],"27":[0,0],"28":[0,0],"29":[0,0],"30":[0,0],"31":[1,3],"32":[0,2],"33":[1,2],"34":[1,1],"35":[0,0],"36":[0,0],"37":[0,0],"38":[0,0],"39":[1,0],"40":[1,1],"41":[1,0],"42":[1,1]}}
,"/home/runner/work/auto-core-platform/auto-core-platform/apps/core-api/src/workshop/dto/create-workshop-order.dto.ts": {"path":"/home/runner/work/auto-core-platform/auto-core-platform/apps/core-api/src/workshop/dto/create-workshop-order.dto.ts","statementMap":{"0":{"start":{"line":1,"column":0},"end":{"line":1,"column":null}},"1":{"start":{"line":11,"column":0},"end":{"line":11,"column":13}},"2":{"start":{"line":14,"column":2},"end":{"line":14,"column":null}},"3":{"start":{"line":18,"column":2},"end":{"line":18,"column":null}},"4":{"start":{"line":22,"column":2},"end":{"line":22,"column":null}},"5":{"start":{"line":27,"column":2},"end":{"line":27,"column":null}},"6":{"start":{"line":31,"column":2},"end":{"line":31,"column":null}},"7":{"start":{"line":35,"column":2},"end":{"line":35,"column":null}}},"fnMap":{},"branchMap":{},"s":{"0":0,"1":0,"2":0,"3":0,"4":0,"5":0,"6":0,"7":0},"f":{},"b":{}}
,"/home/runner/work/auto-core-platform/auto-core-platform/apps/core-api/src/workshop/dto/create-workshop-task.dto.ts": {"path":"/home/runner/work/auto-core-platform/auto-core-platform/apps/core-api/src/workshop/dto/create-workshop-task.dto.ts","statementMap":{"0":{"start":{"line":1,"column":0},"end":{"line":1,"column":55}},"1":{"start":{"line":3,"column":0},"end":{"line":3,"column":13}},"2":{"start":{"line":6,"column":2},"end":{"line":6,"column":null}}},"fnMap":{},"branchMap":{},"s":{"0":0,"1":0,"2":0},"f":{},"b":{}}
,"/home/runner/work/auto-core-platform/auto-core-platform/apps/core-api/src/workshop/dto/register-intake.dto.ts": {"path":"/home/runner/work/auto-core-platform/auto-core-platform/apps/core-api/src/workshop/dto/register-intake.dto.ts","statementMap":{"0":{"start":{"line":1,"column":0},"end":{"line":1,"column":null}},"1":{"start":{"line":11,"column":0},"end":{"line":11,"column":13}},"2":{"start":{"line":15,"column":2},"end":{"line":15,"column":null}},"3":{"start":{"line":19,"column":2},"end":{"line":19,"column":null}},"4":{"start":{"line":23,"column":2},"end":{"line":23,"column":null}},"5":{"start":{"line":27,"column":2},"end":{"line":27,"column":null}},"6":{"start":{"line":31,"column":2},"end":{"line":31,"column":null}},"7":{"start":{"line":36,"column":2},"end":{"line":36,"column":null}},"8":{"start":{"line":42,"column":2},"end":{"line":42,"column":null}},"9":{"start":{"line":39,"column":21},"end":{"line":39,"column":34}},"10":{"start":{"line":47,"column":2},"end":{"line":47,"column":null}},"11":{"start":{"line":44,"column":21},"end":{"line":44,"column":34}},"12":{"start":{"line":51,"column":2},"end":{"line":51,"column":null}},"13":{"start":{"line":55,"column":2},"end":{"line":55,"column":null}}},"fnMap":{"0":{"name":"(anonymous_2)","decl":{"start":{"line":39,"column":14},"end":{"line":39,"column":15}},"loc":{"start":{"line":39,"column":21},"end":{"line":39,"column":34}}},"1":{"name":"(anonymous_3)","decl":{"start":{"line":44,"column":14},"end":{"line":44,"column":15}},"loc":{"start":{"line":44,"column":21},"end":{"line":44,"column":34}}}},"branchMap":{},"s":{"0":0,"1":0,"2":0,"3":0,"4":0,"5":0,"6":0,"7":0,"8":0,"9":0,"10":0,"11":0,"12":0,"13":0},"f":{"0":0,"1":0},"b":{}}
,"/home/runner/work/auto-core-platform/auto-core-platform/apps/core-api/src/workshop/dto/replace-workshop-task-line-items.dto.ts": {"path":"/home/runner/work/auto-core-platform/auto-core-platform/apps/core-api/src/workshop/dto/replace-workshop-task-line-items.dto.ts","statementMap":{"0":{"start":{"line":1,"column":0},"end":{"line":1,"column":54}},"1":{"start":{"line":2,"column":0},"end":{"line":2,"column":null}},"2":{"start":{"line":11,"column":0},"end":{"line":11,"column":41}},"3":{"start":{"line":15,"column":2},"end":{"line":15,"column":null}},"4":{"start":{"line":19,"column":2},"end":{"line":19,"column":null}},"5":{"start":{"line":23,"column":2},"end":{"line":23,"column":null}},"6":{"start":{"line":28,"column":2},"end":{"line":28,"column":null}},"7":{"start":{"line":27,"column":14},"end":{"line":27,"column":20}},"8":{"start":{"line":33,"column":2},"end":{"line":33,"column":null}},"9":{"start":{"line":32,"column":14},"end":{"line":32,"column":20}},"10":{"start":{"line":36,"column":0},"end":{"line":36,"column":13}},"11":{"start":{"line":40,"column":2},"end":{"line":40,"column":null}},"12":{"start":{"line":39,"column":14},"end":{"line":39,"column":37}}},"fnMap":{"0":{"name":"(anonymous_2)","decl":{"start":{"line":27,"column":8},"end":{"line":27,"column":11}},"loc":{"start":{"line":27,"column":14},"end":{"line":27,"column":20}}},"1":{"name":"(anonymous_3)","decl":{"start":{"line":32,"column":8},"end":{"line":32,"column":11}},"loc":{"start":{"line":32,"column":14},"end":{"line":32,"column":20}}},"2":{"name":"(anonymous_4)","decl":{"start":{"line":39,"column":8},"end":{"line":39,"column":11}},"loc":{"start":{"line":39,"column":14},"end":{"line":39,"column":37}}}},"branchMap":{"0":{"loc":{"start":{"line":15,"column":8},"end":{"line":15,"column":29}},"type":"cond-expr","locations":[{"start":{"line":15,"column":28},"end":{"line":15,"column":29}},{"start":{"line":15,"column":28},"end":{"line":15,"column":29}}]},"1":{"loc":{"start":{"line":15,"column":8},"end":{"line":15,"column":28}},"type":"binary-expr","locations":[{"start":{"line":15,"column":8},"end":{"line":15,"column":29}},{"start":{"line":15,"column":8},"end":{"line":15,"column":28}}]}},"s":{"0":0,"1":0,"2":0,"3":0,"4":0,"5":0,"6":0,"7":0,"8":0,"9":0,"10":0,"11":0,"12":0},"f":{"0":0,"1":0,"2":0},"b":{"0":[0,0],"1":[0,0]}}
,"/home/runner/work/auto-core-platform/auto-core-platform/apps/core-api/src/workshop/dto/update-workshop-order.dto.ts": {"path":"/home/runner/work/auto-core-platform/auto-core-platform/apps/core-api/src/workshop/dto/update-workshop-order.dto.ts","statementMap":{"0":{"start":{"line":1,"column":0},"end":{"line":1,"column":55}},"1":{"start":{"line":3,"column":0},"end":{"line":3,"column":13}},"2":{"start":{"line":6,"column":2},"end":{"line":6,"column":null}},"3":{"start":{"line":10,"column":2},"end":{"line":10,"column":null}}},"fnMap":{},"branchMap":{},"s":{"0":0,"1":0,"2":0,"3":0},"f":{},"b":{}}
,"/home/runner/work/auto-core-platform/auto-core-platform/apps/core-api/src/workshop/dto/update-workshop-task.dto.ts": {"path":"/home/runner/work/auto-core-platform/auto-core-platform/apps/core-api/src/workshop/dto/update-workshop-task.dto.ts","statementMap":{"0":{"start":{"line":1,"column":0},"end":{"line":1,"column":52}},"1":{"start":{"line":2,"column":0},"end":{"line":2,"column":63}},"2":{"start":{"line":4,"column":0},"end":{"line":4,"column":13}},"3":{"start":{"line":7,"column":2},"end":{"line":7,"column":null}},"4":{"start":{"line":11,"column":2},"end":{"line":11,"column":null}},"5":{"start":{"line":15,"column":2},"end":{"line":15,"column":null}}},"fnMap":{},"branchMap":{"0":{"loc":{"start":{"line":11,"column":11},"end":{"line":11,"column":30}},"type":"cond-expr","locations":[{"start":{"line":11,"column":29},"end":{"line":11,"column":30}},{"start":{"line":11,"column":29},"end":{"line":11,"column":30}}]},"1":{"loc":{"start":{"line":11,"column":11},"end":{"line":11,"column":29}},"type":"binary-expr","locations":[{"start":{"line":11,"column":11},"end":{"line":11,"column":30}},{"start":{"line":11,"column":11},"end":{"line":11,"column":29}}]}},"s":{"0":0,"1":0,"2":0,"3":0,"4":0,"5":0},"f":{},"b":{"0":[0,0],"1":[0,0]}}
}
