TN:
SF:src/app.controller.ts
FN:6,(anonymous_2)
FN:9,(anonymous_3)
FN:14,(anonymous_4)
FNF:3
FNH:3
FNDA:3,(anonymous_2)
FNDA:1,(anonymous_3)
FNDA:2,(anonymous_4)
DA:1,1
DA:2,1
DA:5,1
DA:6,3
DA:9,1
DA:10,1
DA:14,1
DA:15,2
DA:16,1
DA:19,1
LF:10
LH:10
BRDA:15,0,0,1
BRDA:15,0,1,1
BRDA:6,1,0,1
BRDA:6,1,1,0
BRDA:6,2,0,1
BRDA:6,2,1,1
BRF:6
BRH:5
end_of_record
TN:
SF:src/app.module.ts
FNF:0
FNH:0
DA:1,0
DA:2,0
DA:3,0
DA:4,0
DA:5,0
DA:6,0
DA:7,0
DA:8,0
DA:10,0
DA:11,0
DA:12,0
DA:13,0
DA:14,0
DA:15,0
DA:16,0
DA:17,0
DA:18,0
DA:19,0
DA:20,0
DA:21,0
DA:22,0
DA:55,0
LF:22
LH:0
BRF:0
BRH:0
end_of_record
TN:
SF:src/app.service.ts
FN:5,(anonymous_1)
FNF:1
FNH:1
FNDA:1,(anonymous_1)
DA:1,1
DA:4,1
DA:6,1
LF:3
LH:3
BRF:0
BRH:0
end_of_record
TN:
SF:src/instrument.ts
FNF:0
FNH:0
DA:1,0
DA:2,0
DA:3,0
DA:5,0
DA:7,0
DA:8,0
DA:9,0
DA:11,0
LF:8
LH:0
BRDA:7,0,0,0
BRDA:7,0,1,0
BRDA:8,1,0,0
BRDA:8,1,1,0
BRDA:13,2,0,0
BRDA:13,2,1,0
BRDA:16,3,0,0
BRDA:16,3,1,0
BRF:8
BRH:0
end_of_record
TN:
SF:src/main.ts
FN:7,bootstrap
FNF:1
FNH:0
FNDA:0,bootstrap
DA:1,0
DA:2,0
DA:3,0
DA:4,0
DA:5,0
DA:8,0
DA:9,0
DA:10,0
DA:13,0
DA:14,0
DA:17,0
DA:18,0
DA:19,0
DA:26,0
DA:27,0
DA:28,0
DA:30,0
LF:17
LH:0
BRDA:18,0,0,0
BRDA:18,0,1,0
BRDA:26,1,0,0
BRDA:26,1,1,0
BRF:4
BRH:0
end_of_record
TN:
SF:src/brand/brand.controller.ts
FN:17,(anonymous_4)
FN:20,(anonymous_5)
FN:25,(anonymous_6)
FN:46,(anonymous_7)
FN:51,(anonymous_8)
FN:59,(anonymous_9)
FNF:6
FNH:0
FNDA:0,(anonymous_4)
FNDA:0,(anonymous_5)
FNDA:0,(anonymous_6)
FNDA:0,(anonymous_7)
FNDA:0,(anonymous_8)
FNDA:0,(anonymous_9)
DA:1,0
DA:12,0
DA:13,0
DA:16,0
DA:17,0
DA:20,0
DA:21,0
DA:25,0
DA:29,0
DA:46,0
DA:47,0
DA:51,0
DA:55,0
DA:59,0
DA:60,0
LF:15
LH:0
BRDA:31,0,0,0
BRDA:31,0,1,0
BRDA:33,1,0,0
BRDA:33,1,1,0
BRDA:37,2,0,0
BRDA:37,2,1,0
BRDA:39,3,0,0
BRDA:39,3,1,0
BRDA:20,4,0,0
BRDA:20,4,1,0
BRDA:20,5,0,0
BRDA:20,5,1,0
BRDA:53,6,0,0
BRDA:53,6,1,0
BRDA:53,7,0,0
BRDA:53,7,1,0
BRDA:17,8,0,0
BRDA:17,8,1,0
BRDA:17,9,0,0
BRDA:17,9,1,0
BRF:20
BRH:0
end_of_record
TN:
SF:src/brand/brand.module.ts
FNF:0
FNH:0
DA:1,0
DA:2,0
DA:3,0
DA:4,0
DA:12,0
LF:5
LH:0
BRF:0
BRH:0
end_of_record
TN:
SF:src/brand/brand.service.ts
FN:23,(anonymous_2)
FN:27,(anonymous_3)
FN:69,(anonymous_4)
FN:80,(anonymous_5)
FN:100,(anonymous_6)
FN:122,(anonymous_7)
FN:135,(anonymous_8)
FN:144,(anonymous_9)
FN:168,(anonymous_10)
FNF:9
FNH:9
FNDA:21,(anonymous_2)
FNDA:5,(anonymous_3)
FNDA:5,(anonymous_4)
FNDA:3,(anonymous_5)
FNDA:6,(anonymous_6)
FNDA:4,(anonymous_7)
FNDA:5,(anonymous_8)
FNDA:6,(anonymous_9)
FNDA:4,(anonymous_10)
DA:1,1
DA:8,1
DA:10,1
DA:14,1
DA:20,1
DA:23,21
DA:24,21
DA:33,5
DA:43,5
DA:44,1
DA:53,4
DA:58,4
DA:70,5
DA:71,5
DA:73,2
DA:74,1
DA:76,1
DA:81,3
DA:86,2
DA:87,2
DA:91,1
DA:92,1
DA:96,0
DA:104,6
DA:106,5
DA:107,5
DA:112,2
DA:113,1
DA:115,1
DA:116,1
DA:118,0
DA:123,4
DA:125,2
DA:126,2
DA:128,1
DA:129,1
DA:131,0
DA:139,5
DA:140,2
DA:149,6
DA:152,6
DA:154,2
DA:156,2
DA:158,2
DA:160,2
DA:169,4
DA:173,4
DA:174,1
DA:179,3
DA:187,3
DA:188,1
LF:51
LH:48
BRDA:34,0,0,5
BRDA:34,0,1,1
BRDA:37,1,0,5
BRDA:37,1,1,1
BRDA:43,2,0,1
BRDA:43,2,1,4
BRDA:43,3,0,5
BRDA:43,3,1,4
BRDA:73,4,0,1
BRDA:73,4,1,1
BRDA:91,5,0,1
BRDA:91,5,1,0
BRDA:112,6,0,1
BRDA:112,6,1,1
BRDA:115,7,0,1
BRDA:115,7,1,0
BRDA:128,8,0,1
BRDA:128,8,1,0
BRDA:139,9,0,2
BRDA:139,9,1,3
BRDA:139,10,0,5
BRDA:139,10,1,3
BRDA:149,11,0,6
BRDA:149,11,1,4
BRDA:152,12,0,4
BRDA:152,12,1,2
BRDA:156,13,0,2
BRDA:156,13,1,0
BRDA:158,14,0,2
BRDA:158,14,1,2
BRDA:173,15,0,1
BRDA:173,15,1,3
BRDA:187,16,0,1
BRDA:187,16,1,2
BRDA:23,17,0,1
BRDA:23,17,1,0
BRDA:23,18,0,1
BRDA:23,18,1,1
BRF:38
BRH:33
end_of_record
TN:
SF:src/brand/dto/brand.dto.ts
FN:23,(anonymous_2)
FN:44,(anonymous_3)
FNF:2
FNH:0
FNDA:0,(anonymous_2)
FNDA:0,(anonymous_3)
DA:1,0
DA:10,0
DA:13,0
DA:16,0
DA:19,0
DA:23,0
DA:26,0
DA:29,0
DA:32,0
DA:36,0
DA:40,0
DA:44,0
DA:47,0
LF:13
LH:0
BRDA:23,0,0,0
BRDA:23,0,1,0
BRDA:23,0,2,0
BRDA:44,1,0,0
BRDA:44,1,1,0
BRDA:44,1,2,0
BRF:6
BRH:0
end_of_record
TN:
SF:src/catalog/catalog.controller.ts
FN:7,(anonymous_4)
FN:16,(anonymous_5)
FNF:2
FNH:0
FNDA:0,(anonymous_4)
FNDA:0,(anonymous_5)
DA:1,0
DA:2,0
DA:3,0
DA:6,0
DA:7,0
DA:16,0
DA:20,0
LF:7
LH:0
BRDA:7,0,0,0
BRDA:7,0,1,0
BRDA:7,1,0,0
BRDA:7,1,1,0
BRF:4
BRH:0
end_of_record
TN:
SF:src/catalog/catalog.module.ts
FNF:0
FNH:0
DA:1,0
DA:2,0
DA:3,0
DA:4,0
DA:11,0
LF:5
LH:0
BRF:0
BRH:0
end_of_record
TN:
SF:src/catalog/catalog.service.ts
FN:11,buildFitmentFilter
FN:48,(anonymous_3)
FN:50,(anonymous_4)
FN:224,(anonymous_5)
FN:228,(anonymous_6)
FN:275,(anonymous_7)
FNF:6
FNH:0
FNDA:0,buildFitmentFilter
FNDA:0,(anonymous_3)
FNDA:0,(anonymous_4)
FNDA:0,(anonymous_5)
FNDA:0,(anonymous_6)
FNDA:0,(anonymous_7)
DA:1,0
DA:6,0
DA:7,0
DA:9,0
DA:17,0
DA:47,0
DA:48,0
DA:51,0
DA:52,0
DA:53,0
DA:54,0
DA:56,0
DA:57,0
DA:60,0
DA:74,0
DA:75,0
DA:80,0
DA:83,0
DA:84,0
DA:91,0
DA:214,0
DA:215,0
DA:217,0
DA:218,0
DA:219,0
DA:220,0
DA:222,0
DA:223,0
DA:224,0
DA:227,0
DA:228,0
DA:230,0
DA:241,0
DA:242,0
DA:246,0
DA:247,0
DA:248,0
DA:249,0
DA:250,0
DA:252,0
DA:253,0
DA:268,0
DA:269,0
DA:274,0
DA:275,0
LF:45
LH:0
BRDA:27,0,0,0
BRDA:27,0,1,0
BRDA:53,1,0,0
BRDA:53,1,1,0
BRDA:56,2,0,0
BRDA:56,2,1,0
BRDA:74,3,0,0
BRDA:74,3,1,0
BRDA:219,4,0,0
BRDA:219,4,1,0
BRDA:235,5,0,0
BRDA:235,5,1,0
BRDA:237,6,0,0
BRDA:237,6,1,0
BRDA:241,7,0,0
BRDA:241,7,1,0
BRDA:246,8,0,0
BRDA:246,8,1,0
BRDA:249,9,0,0
BRDA:249,9,1,0
BRDA:259,10,0,0
BRDA:259,10,1,0
BRDA:260,11,0,0
BRDA:260,11,1,0
BRDA:261,12,0,0
BRDA:261,12,1,0
BRDA:264,13,0,0
BRDA:264,13,1,0
BRDA:268,14,0,0
BRDA:268,14,1,0
BRDA:48,15,0,0
BRDA:48,15,1,0
BRDA:48,16,0,0
BRDA:48,16,1,0
BRF:34
BRH:0
end_of_record
TN:
SF:src/common/index.ts
FN:3,(anonymous_0)
FN:12,(anonymous_1)
FN:13,(anonymous_2)
FN:14,(anonymous_3)
FN:15,(anonymous_4)
FN:16,(anonymous_5)
FN:19,(anonymous_6)
FNF:7
FNH:0
FNDA:0,(anonymous_0)
FNDA:0,(anonymous_1)
FNDA:0,(anonymous_2)
FNDA:0,(anonymous_3)
FNDA:0,(anonymous_4)
FNDA:0,(anonymous_5)
FNDA:0,(anonymous_6)
DA:2,0
DA:3,0
DA:11,0
DA:12,0
DA:13,0
DA:14,0
DA:15,0
DA:16,0
DA:19,0
LF:9
LH:0
BRF:0
BRH:0
end_of_record
TN:
SF:src/common/decorators/public.decorator.ts
FN:4,(anonymous_0)
FNF:1
FNH:1
FNDA:9,(anonymous_0)
DA:1,9
DA:3,9
DA:4,9
LF:3
LH:3
BRF:0
BRH:0
end_of_record
TN:
SF:src/common/errors/application-errors.ts
FN:2,(anonymous_0)
FN:12,(anonymous_1)
FN:18,(anonymous_2)
FN:27,(anonymous_3)
FN:33,(anonymous_4)
FNF:5
FNH:4
FNDA:17,(anonymous_0)
FNDA:6,(anonymous_1)
FNDA:6,(anonymous_2)
FNDA:5,(anonymous_3)
FNDA:0,(anonymous_4)
DA:1,2
DA:2,17
DA:3,17
DA:4,17
DA:5,17
DA:6,17
DA:11,2
DA:13,6
DA:17,2
DA:20,6
DA:22,6
DA:26,2
DA:28,5
DA:32,2
DA:35,0
DA:37,0
LF:16
LH:14
BRDA:5,0,0,17
BRDA:5,0,1,0
BRF:2
BRH:1
end_of_record
TN:
SF:src/common/guards/api-key.guard.ts
FN:14,(anonymous_2)
FN:16,(anonymous_3)
FNF:2
FNH:0
FNDA:0,(anonymous_2)
FNDA:0,(anonymous_3)
DA:1,0
DA:7,0
DA:10,0
DA:13,0
DA:14,0
DA:19,0
DA:23,0
DA:24,0
DA:27,0
DA:28,0
DA:29,0
DA:31,0
DA:32,0
DA:35,0
DA:38,0
DA:39,0
DA:42,0
LF:17
LH:0
BRDA:23,0,0,0
BRDA:23,0,1,0
BRDA:31,1,0,0
BRDA:31,1,1,0
BRDA:38,2,0,0
BRDA:38,2,1,0
BRDA:14,3,0,0
BRDA:14,3,1,0
BRDA:14,4,0,0
BRDA:14,4,1,0
BRF:10
BRH:0
end_of_record
TN:
SF:src/common/guards/cloud-tasks-worker.guard.ts
FN:12,(anonymous_1)
FNF:1
FNH:0
FNDA:0,(anonymous_1)
DA:1,0
DA:11,0
DA:13,0
DA:14,0
DA:15,0
DA:18,0
DA:19,0
DA:21,0
DA:22,0
DA:25,0
LF:10
LH:0
BRDA:14,0,0,0
BRDA:14,0,1,0
BRDA:21,1,0,0
BRDA:21,1,1,0
BRDA:21,2,0,0
BRDA:21,2,1,0
BRF:6
BRH:0
end_of_record
TN:
SF:src/common/repositories/prisma-repository.ts
FN:62,(anonymous_0)
FN:66,(anonymous_1)
FN:79,(anonymous_2)
FN:119,(anonymous_3)
FN:137,(anonymous_4)
FN:148,(anonymous_5)
FN:160,(anonymous_6)
FN:170,(anonymous_7)
FN:189,(anonymous_8)
FNF:9
FNH:8
FNDA:41,(anonymous_0)
FNDA:2,(anonymous_1)
FNDA:7,(anonymous_2)
FNDA:3,(anonymous_3)
FNDA:8,(anonymous_4)
FNDA:2,(anonymous_5)
FNDA:2,(anonymous_6)
FNDA:0,(anonymous_7)
FNDA:9,(anonymous_8)
DA:1,2
DA:2,2
DA:61,2
DA:62,41
DA:67,2
DA:69,2
DA:76,2
DA:82,7
DA:84,7
DA:85,4
DA:90,3
DA:91,3
DA:92,3
DA:94,3
DA:106,3
DA:108,3
DA:123,3
DA:128,3
DA:129,1
DA:132,2
DA:141,8
DA:142,8
DA:144,7
DA:153,2
DA:154,2
DA:156,1
DA:161,2
DA:162,2
DA:164,1
DA:171,0
DA:190,9
DA:191,6
DA:194,2
DA:195,2
DA:202,2
DA:203,2
DA:209,2
DA:215,3
DA:217,1
DA:224,2
LF:40
LH:39
BRDA:66,0,0,1
BRDA:80,1,0,1
BRDA:82,2,0,3
BRDA:82,3,0,3
BRDA:84,4,0,4
BRDA:84,4,1,3
BRDA:84,5,0,7
BRDA:84,5,1,5
BRDA:128,6,0,1
BRDA:128,6,1,2
BRDA:190,7,0,6
BRDA:190,7,1,3
BRDA:191,8,0,2
BRDA:191,8,1,2
BRDA:191,8,2,2
BRDA:194,9,0,2
BRDA:194,9,1,0
BRDA:202,10,0,2
BRDA:202,10,1,0
BRDA:210,11,0,2
BRDA:210,11,1,0
BRDA:215,12,0,1
BRDA:215,12,1,2
BRDA:224,13,0,1
BRDA:224,13,1,1
BRF:25
BRH:22
end_of_record
TN:
SF:src/common/services/cloud-tasks.service.ts
FN:15,(anonymous_11)
FN:65,(anonymous_12)
FN:73,(anonymous_13)
FN:90,(anonymous_14)
FN:97,(anonymous_15)
FN:166,(anonymous_16)
FNF:6
FNH:0
FNDA:0,(anonymous_11)
FNDA:0,(anonymous_12)
FNDA:0,(anonymous_13)
FNDA:0,(anonymous_14)
FNDA:0,(anonymous_15)
FNDA:0,(anonymous_16)
DA:1,0
DA:6,0
DA:7,0
DA:10,0
DA:11,0
DA:16,0
DA:17,0
DA:18,0
DA:19,0
DA:22,0
DA:26,0
DA:31,0
DA:33,0
DA:34,0
DA:39,0
DA:41,0
DA:48,0
DA:51,0
DA:53,0
DA:54,0
DA:55,0
DA:62,0
DA:66,0
DA:67,0
DA:69,0
DA:70,0
DA:75,0
DA:79,0
DA:80,0
DA:83,0
DA:84,0
DA:85,0
DA:87,0
DA:95,0
DA:98,0
DA:99,0
DA:101,0
DA:102,0
DA:107,0
DA:108,0
DA:109,0
DA:110,0
DA:112,0
DA:113,0
DA:118,0
DA:119,0
DA:122,0
DA:123,0
DA:127,0
DA:130,0
DA:131,0
DA:136,0
DA:137,0
DA:138,0
DA:140,0
DA:142,0
DA:147,0
DA:149,0
DA:168,0
DA:169,0
DA:170,0
DA:172,0
DA:175,0
DA:176,0
DA:177,0
DA:180,0
DA:186,0
DA:188,0
DA:192,0
LF:69
LH:0
BRDA:17,0,0,0
BRDA:17,0,1,0
BRDA:22,1,0,0
BRDA:22,1,1,0
BRDA:26,2,0,0
BRDA:26,2,1,0
BRDA:31,3,0,0
BRDA:31,3,1,0
BRDA:33,4,0,0
BRDA:33,4,1,0
BRDA:33,5,0,0
BRDA:33,5,1,0
BRDA:53,6,0,0
BRDA:53,6,1,0
BRDA:54,7,0,0
BRDA:54,7,1,0
BRDA:66,8,0,0
BRDA:66,8,1,0
BRDA:67,9,0,0
BRDA:67,9,1,0
BRDA:75,10,0,0
BRDA:75,10,1,0
BRDA:75,10,2,0
BRDA:75,10,3,0
BRDA:79,11,0,0
BRDA:79,11,1,0
BRDA:84,12,0,0
BRDA:84,12,1,0
BRDA:85,13,0,0
BRDA:85,13,1,0
BRDA:101,14,0,0
BRDA:101,14,1,0
BRDA:112,15,0,0
BRDA:112,15,1,0
BRDA:112,16,0,0
BRDA:112,16,1,0
BRDA:112,16,2,0
BRDA:112,16,3,0
BRDA:123,17,0,0
BRDA:123,17,1,0
BRDA:130,18,0,0
BRDA:130,18,1,0
BRDA:140,19,0,0
BRDA:140,19,1,0
BRDA:142,20,0,0
BRDA:142,20,1,0
BRDA:168,21,0,0
BRDA:168,21,1,0
BRDA:168,22,0,0
BRDA:168,22,1,0
BRDA:168,22,2,0
BRDA:176,23,0,0
BRDA:176,23,1,0
BRDA:186,24,0,0
BRDA:186,24,1,0
BRF:55
BRH:0
end_of_record
TN:
SF:src/common/utils/promise.util.ts
FN:10,chunkedPromiseAll
FN:25,(anonymous_1)
FNF:2
FNH:2
FNDA:1,chunkedPromiseAll
FNDA:1,(anonymous_1)
DA:10,2
DA:15,1
DA:16,0
DA:19,1
DA:21,1
DA:22,1
DA:24,1
DA:25,1
DA:27,1
DA:30,1
LF:10
LH:9
BRDA:13,0,0,1
BRDA:15,1,0,0
BRDA:15,1,1,1
BRDA:15,2,0,1
BRDA:15,2,1,1
BRF:5
BRH:4
end_of_record
TN:
SF:src/common/utils/query-builder.ts
FN:38,(anonymous_0)
FN:73,(anonymous_1)
FN:111,(anonymous_2)
FN:136,(anonymous_3)
FN:149,(anonymous_4)
FN:168,(anonymous_5)
FNF:6
FNH:0
FNDA:0,(anonymous_0)
FNDA:0,(anonymous_1)
FNDA:0,(anonymous_2)
FNDA:0,(anonymous_3)
FNDA:0,(anonymous_4)
FNDA:0,(anonymous_5)
DA:37,0
DA:44,0
DA:47,0
DA:48,0
DA:49,0
DA:52,0
DA:53,0
DA:56,0
DA:57,0
DA:58,0
DA:59,0
DA:61,0
DA:64,0
DA:65,0
DA:68,0
DA:72,0
DA:73,0
DA:76,0
DA:77,0
DA:78,0
DA:81,0
DA:82,0
DA:83,0
DA:84,0
DA:85,0
DA:87,0
DA:91,0
DA:94,0
DA:95,0
DA:100,0
DA:101,0
DA:104,0
DA:108,0
DA:112,0
DA:114,0
DA:115,0
DA:116,0
DA:119,0
DA:120,0
DA:121,0
DA:123,0
DA:124,0
DA:125,0
DA:126,0
DA:129,0
DA:130,0
DA:133,0
DA:140,0
DA:141,0
DA:143,0
DA:154,0
DA:156,0
DA:157,0
DA:158,0
DA:160,0
DA:169,0
DA:171,0
DA:173,0
DA:175,0
DA:177,0
DA:179,0
DA:181,0
DA:183,0
DA:185,0
DA:187,0
DA:189,0
DA:191,0
LF:67
LH:0
BRDA:39,0,0,0
BRDA:48,1,0,0
BRDA:48,1,1,0
BRDA:58,2,0,0
BRDA:58,2,1,0
BRDA:72,3,0,0
BRDA:72,3,1,0
BRDA:72,4,0,0
BRDA:72,4,1,0
BRDA:72,4,2,0
BRDA:77,5,0,0
BRDA:77,5,1,0
BRDA:94,6,0,0
BRDA:94,6,1,0
BRDA:101,7,0,0
BRDA:101,7,1,0
BRDA:111,8,0,0
BRDA:115,9,0,0
BRDA:115,9,1,0
BRDA:133,10,0,0
BRDA:133,10,1,0
BRDA:137,11,0,0
BRDA:138,12,0,0
BRDA:169,13,0,0
BRDA:169,13,1,0
BRDA:169,13,2,0
BRDA:169,13,3,0
BRDA:169,13,4,0
BRDA:169,13,5,0
BRDA:169,13,6,0
BRDA:169,13,7,0
BRDA:169,13,8,0
BRDA:169,13,9,0
BRDA:169,13,10,0
BRDA:187,14,0,0
BRDA:187,14,1,0
BRDA:189,15,0,0
BRDA:189,15,1,0
BRF:38
BRH:0
end_of_record
TN:
SF:src/customer/customer.controller.ts
FN:20,(anonymous_4)
FN:23,(anonymous_5)
FN:50,(anonymous_6)
FN:128,(anonymous_7)
FN:149,(anonymous_8)
FN:157,(anonymous_9)
FNF:6
FNH:0
FNDA:0,(anonymous_4)
FNDA:0,(anonymous_5)
FNDA:0,(anonymous_6)
FNDA:0,(anonymous_7)
FNDA:0,(anonymous_8)
FNDA:0,(anonymous_9)
DA:1,0
DA:11,0
DA:12,0
DA:13,0
DA:14,0
DA:15,0
DA:16,0
DA:19,0
DA:20,0
DA:23,0
DA:24,0
DA:50,0
DA:58,0
DA:59,0
DA:60,0
DA:62,0
DA:63,0
DA:64,0
DA:66,0
DA:67,0
DA:69,0
DA:70,0
DA:77,0
DA:78,0
DA:83,0
DA:84,0
DA:94,0
DA:95,0
DA:100,0
DA:102,0
DA:113,0
DA:128,0
DA:133,0
DA:134,0
DA:136,0
DA:149,0
DA:153,0
DA:157,0
DA:158,0
LF:39
LH:0
BRDA:59,0,0,0
BRDA:59,0,1,0
BRDA:60,1,0,0
BRDA:60,1,1,0
BRDA:62,2,0,0
BRDA:62,2,1,0
BRDA:63,3,0,0
BRDA:63,3,1,0
BRDA:63,4,0,0
BRDA:63,4,1,0
BRDA:66,5,0,0
BRDA:66,5,1,0
BRDA:66,6,0,0
BRDA:66,6,1,0
BRDA:69,7,0,0
BRDA:69,7,1,0
BRDA:73,8,0,0
BRDA:73,8,1,0
BRDA:77,9,0,0
BRDA:77,9,1,0
BRDA:83,10,0,0
BRDA:83,10,1,0
BRDA:106,11,0,0
BRDA:106,11,1,0
BRDA:107,12,0,0
BRDA:107,12,1,0
BRDA:108,13,0,0
BRDA:108,13,1,0
BRDA:133,14,0,0
BRDA:133,14,1,0
BRDA:134,15,0,0
BRDA:134,15,1,0
BRDA:138,16,0,0
BRDA:138,16,1,0
BRDA:138,17,0,0
BRDA:138,17,1,0
BRDA:142,18,0,0
BRDA:142,18,1,0
BRDA:142,19,0,0
BRDA:142,19,1,0
BRDA:23,20,0,0
BRDA:23,20,1,0
BRDA:23,21,0,0
BRDA:23,21,1,0
BRDA:151,22,0,0
BRDA:151,22,1,0
BRDA:151,23,0,0
BRDA:151,23,1,0
BRDA:20,24,0,0
BRDA:20,24,1,0
BRDA:20,25,0,0
BRDA:20,25,1,0
BRF:52
BRH:0
end_of_record
TN:
SF:src/customer/customer.module.ts
FNF:0
FNH:0
DA:1,0
DA:2,0
DA:3,0
DA:4,0
DA:11,0
LF:5
LH:0
BRF:0
BRH:0
end_of_record
TN:
SF:src/customer/customer.service.ts
FN:16,(anonymous_2)
FN:18,(anonymous_3)
FN:43,(anonymous_4)
FN:76,(anonymous_5)
FN:157,(anonymous_6)
FN:167,(anonymous_7)
FN:201,(anonymous_8)
FNF:7
FNH:3
FNDA:4,(anonymous_2)
FNDA:0,(anonymous_3)
FNDA:0,(anonymous_4)
FNDA:0,(anonymous_5)
FNDA:0,(anonymous_6)
FNDA:4,(anonymous_7)
FNDA:4,(anonymous_8)
DA:1,1
DA:7,1
DA:11,1
DA:12,1
DA:15,1
DA:16,4
DA:19,0
DA:35,0
DA:47,0
DA:52,0
DA:56,0
DA:60,0
DA:61,0
DA:81,0
DA:83,0
DA:86,0
DA:87,0
DA:89,0
DA:127,0
DA:128,0
DA:130,0
DA:133,0
DA:135,0
DA:158,0
DA:159,0
DA:164,0
DA:168,4
DA:175,3
DA:182,3
DA:183,1
DA:188,2
DA:189,1
DA:194,1
DA:198,1
DA:202,4
DA:206,4
DA:207,1
LF:37
LH:17
BRDA:47,0,0,0
BRDA:47,0,1,0
BRDA:48,1,0,0
BRDA:48,1,1,0
BRDA:48,1,2,0
BRDA:48,1,3,0
BRDA:48,1,4,0
BRDA:60,2,0,0
BRDA:60,2,1,0
BRDA:62,3,0,0
BRDA:62,3,1,0
BRDA:81,4,0,0
BRDA:81,4,1,0
BRDA:81,5,0,0
BRDA:81,5,1,0
BRDA:83,6,0,0
BRDA:83,6,1,0
BRDA:83,7,0,0
BRDA:83,7,1,0
BRDA:127,8,0,0
BRDA:127,8,1,0
BRDA:144,9,0,0
BRDA:144,9,1,0
BRDA:152,10,0,0
BRDA:152,10,1,0
BRDA:182,11,0,1
BRDA:182,11,1,2
BRDA:182,12,0,3
BRDA:182,12,1,2
BRDA:182,12,2,2
BRDA:188,13,0,1
BRDA:188,13,1,1
BRDA:206,14,0,1
BRDA:206,14,1,3
BRDA:16,15,0,1
BRDA:16,15,1,0
BRDA:16,16,0,1
BRDA:16,16,1,1
BRF:38
BRH:12
end_of_record
TN:
SF:src/customer/dto/create-customer.dto.ts
FNF:0
FNH:0
DA:1,0
DA:2,0
DA:4,0
DA:7,0
DA:11,0
DA:14,0
DA:17,0
DA:21,0
DA:25,0
DA:29,0
DA:33,0
DA:37,0
DA:41,0
DA:45,0
LF:14
LH:0
BRDA:7,0,0,0
BRDA:7,0,1,0
BRDA:7,1,0,0
BRDA:7,1,1,0
BRF:4
BRH:0
end_of_record
TN:
SF:src/customer/dto/customer-detail-response.dto.ts
FN:65,(anonymous_2)
FN:72,(anonymous_3)
FN:79,(anonymous_4)
FN:86,(anonymous_5)
FN:146,(anonymous_6)
FN:164,(anonymous_7)
FN:169,(anonymous_8)
FNF:7
FNH:0
FNDA:0,(anonymous_2)
FNDA:0,(anonymous_3)
FNDA:0,(anonymous_4)
FNDA:0,(anonymous_5)
FNDA:0,(anonymous_6)
FNDA:0,(anonymous_7)
FNDA:0,(anonymous_8)
DA:1,0
DA:7,0
DA:9,0
DA:11,0
DA:14,0
DA:17,0
DA:20,0
DA:23,0
DA:26,0
DA:28,0
DA:31,0
DA:34,0
DA:37,0
DA:40,0
DA:43,0
DA:46,0
DA:49,0
DA:52,0
DA:55,0
DA:58,0
DA:61,0
DA:65,0
DA:68,0
DA:72,0
DA:75,0
DA:79,0
DA:82,0
DA:86,0
DA:89,0
DA:92,0
DA:95,0
DA:98,0
DA:100,0
DA:103,0
DA:106,0
DA:109,0
DA:112,0
DA:115,0
DA:118,0
DA:120,0
DA:123,0
DA:126,0
DA:129,0
DA:132,0
DA:135,0
DA:137,0
DA:140,0
DA:143,0
DA:146,0
DA:148,0
DA:151,0
DA:153,0
DA:156,0
DA:159,0
DA:162,0
DA:164,0
DA:165,0
DA:169,0
DA:171,0
DA:174,0
DA:176,0
DA:179,0
DA:182,0
DA:185,0
DA:188,0
LF:65
LH:0
BRDA:31,0,0,0
BRDA:31,0,1,0
BRDA:31,1,0,0
BRDA:31,1,1,0
BRDA:126,2,0,0
BRDA:126,2,1,0
BRDA:126,3,0,0
BRDA:126,3,1,0
BRDA:156,4,0,0
BRDA:156,4,1,0
BRDA:156,5,0,0
BRDA:156,5,1,0
BRDA:182,6,0,0
BRDA:182,6,1,0
BRDA:182,7,0,0
BRDA:182,7,1,0
BRF:16
BRH:0
end_of_record
TN:
SF:src/customer/dto/update-customer.dto.ts
FNF:0
FNH:0
DA:1,0
DA:2,0
DA:4,0
LF:3
LH:0
BRF:0
BRH:0
end_of_record
TN:
SF:src/dashboard-realtime/dashboard-events.types.ts
FNF:0
FNH:0
DA:1,9
LF:1
LH:1
BRF:0
BRH:0
end_of_record
TN:
SF:src/dashboard-realtime/dashboard-realtime.module.ts
FNF:0
FNH:0
DA:1,0
DA:2,0
DA:3,0
DA:10,0
LF:4
LH:0
BRF:0
BRH:0
end_of_record
TN:
SF:src/dashboard-realtime/dashboard-realtime.service.ts
FN:10,(anonymous_2)
FN:12,(anonymous_3)
FNF:2
FNH:0
FNDA:0,(anonymous_2)
FNDA:0,(anonymous_3)
DA:1,9
DA:2,9
DA:9,9
DA:10,0
DA:13,0
DA:17,0
LF:6
LH:3
BRDA:10,0,0,9
BRDA:10,0,1,0
BRDA:10,1,0,9
BRDA:10,1,1,9
BRF:4
BRH:3
end_of_record
TN:
SF:src/dashboard-realtime/dashboard.gateway.ts
FN:10,resolveCorsOrigins
FN:12,(anonymous_3)
FN:43,(anonymous_4)
FNF:3
FNH:1
FNDA:9,resolveCorsOrigins
FNDA:0,(anonymous_3)
FNDA:0,(anonymous_4)
DA:1,9
DA:2,9
DA:3,9
DA:4,9
DA:5,9
DA:11,9
DA:12,0
DA:15,9
DA:17,9
DA:18,9
DA:19,0
DA:21,9
DA:22,9
DA:25,0
DA:37,9
DA:38,0
DA:41,9
DA:44,0
DA:45,0
LF:19
LH:13
BRDA:15,0,0,9
BRDA:15,0,1,0
BRDA:15,1,0,9
BRDA:15,1,1,0
BRDA:18,2,0,0
BRDA:18,2,1,9
BRDA:46,3,0,0
BRDA:46,3,1,0
BRDA:41,4,0,9
BRDA:41,4,1,0
BRDA:41,5,0,9
BRDA:41,5,1,9
BRF:12
BRH:6
end_of_record
TN:
SF:src/finance/finance.controller.ts
FN:8,(anonymous_4)
FN:11,(anonymous_5)
FN:16,(anonymous_6)
FN:21,(anonymous_7)
FN:26,(anonymous_8)
FN:31,(anonymous_9)
FNF:6
FNH:0
FNDA:0,(anonymous_4)
FNDA:0,(anonymous_5)
FNDA:0,(anonymous_6)
FNDA:0,(anonymous_7)
FNDA:0,(anonymous_8)
FNDA:0,(anonymous_9)
DA:1,0
DA:2,0
DA:3,0
DA:4,0
DA:7,0
DA:8,0
DA:11,0
DA:12,0
DA:16,0
DA:17,0
DA:21,0
DA:22,0
DA:26,0
DA:27,0
DA:31,0
DA:32,0
LF:16
LH:0
BRDA:16,0,0,0
BRDA:16,0,1,0
BRDA:16,1,0,0
BRDA:16,1,1,0
BRDA:26,2,0,0
BRDA:26,2,1,0
BRDA:26,3,0,0
BRDA:26,3,1,0
BRDA:8,4,0,0
BRDA:8,4,1,0
BRDA:8,5,0,0
BRDA:8,5,1,0
BRF:12
BRH:0
end_of_record
TN:
SF:src/finance/finance.module.ts
FNF:0
FNH:0
DA:1,0
DA:2,0
DA:3,0
DA:4,0
DA:13,0
LF:5
LH:0
BRF:0
BRH:0
end_of_record
TN:
SF:src/finance/finance.service.ts
FN:9,(anonymous_2)
FN:11,(anonymous_3)
FN:28,(anonymous_4)
FN:42,(anonymous_5)
FN:51,(anonymous_6)
FN:57,(anonymous_7)
FN:66,(anonymous_8)
FN:87,(anonymous_9)
FN:94,(anonymous_10)
FN:107,(anonymous_11)
FNF:10
FNH:0
FNDA:0,(anonymous_2)
FNDA:0,(anonymous_3)
FNDA:0,(anonymous_4)
FNDA:0,(anonymous_5)
FNDA:0,(anonymous_6)
FNDA:0,(anonymous_7)
FNDA:0,(anonymous_8)
FNDA:0,(anonymous_9)
FNDA:0,(anonymous_10)
FNDA:0,(anonymous_11)
DA:1,2
DA:2,2
DA:3,2
DA:8,2
DA:9,0
DA:12,0
DA:13,0
DA:29,0
DA:43,0
DA:44,0
DA:45,0
DA:52,0
DA:58,0
DA:67,0
DA:68,0
DA:70,0
DA:84,0
DA:85,0
DA:87,0
DA:88,0
DA:89,0
DA:90,0
DA:91,0
DA:94,0
DA:100,0
DA:108,0
DA:109,0
DA:110,0
LF:28
LH:4
BRDA:33,0,0,0
BRDA:33,0,1,0
BRDA:44,1,0,0
BRDA:44,1,1,0
BRDA:44,2,0,0
BRDA:44,2,1,0
BRDA:88,3,0,0
BRDA:88,3,1,0
BRDA:90,4,0,0
BRDA:90,4,1,0
BRDA:108,5,0,0
BRDA:108,5,1,0
BRDA:109,6,0,0
BRDA:109,6,1,0
BRDA:109,7,0,0
BRDA:109,7,1,0
BRDA:9,8,0,2
BRDA:9,8,1,0
BRDA:9,9,0,2
BRDA:9,9,1,2
BRF:20
BRH:3
end_of_record
TN:
SF:src/finance/dto/create-revenue-group.dto.ts
FNF:0
FNH:0
DA:1,0
DA:9,0
DA:12,0
DA:16,0
DA:20,0
DA:24,0
LF:6
LH:0
BRF:0
BRH:0
end_of_record
TN:
SF:src/finance/dto/update-finance-settings.dto.ts
FN:19,(anonymous_2)
FNF:1
FNH:0
FNDA:0,(anonymous_2)
DA:1,0
DA:11,0
DA:16,0
DA:19,0
DA:21,0
DA:26,0
DA:30,0
LF:7
LH:0
BRF:0
BRH:0
end_of_record
TN:
SF:src/inventory/inventory.controller.ts
FN:9,(anonymous_4)
FN:15,(anonymous_5)
FN:20,(anonymous_6)
FN:45,(anonymous_7)
FN:74,(anonymous_8)
FNF:5
FNH:2
FNDA:3,(anonymous_4)
FNDA:0,(anonymous_5)
FNDA:0,(anonymous_6)
FNDA:2,(anonymous_7)
FNDA:0,(anonymous_8)
DA:1,1
DA:2,1
DA:3,1
DA:4,1
DA:5,1
DA:8,1
DA:10,3
DA:11,3
DA:15,1
DA:16,0
DA:20,1
DA:21,0
DA:23,0
DA:45,1
DA:53,2
DA:54,2
DA:55,2
DA:57,2
DA:74,1
DA:75,0
LF:20
LH:16
BRDA:53,0,0,1
BRDA:53,0,1,1
BRDA:54,1,0,1
BRDA:54,1,1,1
BRDA:55,2,0,0
BRDA:55,2,1,2
BRDA:58,3,0,1
BRDA:58,3,1,1
BRDA:58,4,0,2
BRDA:58,4,1,1
BRDA:60,5,0,1
BRDA:60,5,1,1
BRDA:60,6,0,2
BRDA:60,6,1,1
BRDA:67,7,0,0
BRDA:67,7,1,2
BRDA:67,8,0,2
BRDA:67,8,1,0
BRDA:74,9,0,1
BRDA:74,9,1,0
BRDA:74,10,0,1
BRDA:74,10,1,1
BRDA:10,11,0,1
BRDA:10,11,1,0
BRDA:10,12,0,1
BRDA:10,12,1,1
BRDA:10,13,0,1
BRDA:10,13,1,0
BRDA:10,14,0,1
BRDA:10,14,1,1
BRF:30
BRH:24
end_of_record
TN:
SF:src/inventory/inventory.module.ts
FNF:0
FNH:0
DA:1,0
DA:2,0
DA:3,0
DA:4,0
DA:5,0
DA:6,0
DA:7,0
DA:15,0
LF:8
LH:0
BRF:0
BRH:0
end_of_record
TN:
SF:src/inventory/inventory.service.ts
FN:10,(anonymous_2)
FN:17,(anonymous_3)
FN:51,(anonymous_4)
FN:53,(anonymous_5)
FN:73,(anonymous_6)
FN:160,(anonymous_7)
FN:162,(anonymous_8)
FN:166,(anonymous_9)
FN:205,(anonymous_10)
FNF:9
FNH:8
FNDA:7,(anonymous_2)
FNDA:4,(anonymous_3)
FNDA:2,(anonymous_4)
FNDA:2,(anonymous_5)
FNDA:4,(anonymous_6)
FNDA:6,(anonymous_7)
FNDA:3,(anonymous_8)
FNDA:3,(anonymous_9)
FNDA:0,(anonymous_10)
DA:1,2
DA:6,2
DA:9,2
DA:10,7
DA:18,4
DA:33,4
DA:34,1
DA:38,3
DA:39,1
DA:42,1
DA:51,2
DA:52,2
DA:53,2
DA:56,2
DA:58,2
DA:77,4
DA:81,0
DA:108,4
DA:109,4
DA:110,4
DA:111,4
DA:113,4
DA:114,1
DA:121,4
DA:122,4
DA:123,4
DA:124,1
DA:133,4
DA:156,4
DA:157,4
DA:160,4
DA:161,6
DA:162,3
DA:165,6
DA:166,3
DA:169,6
DA:172,6
DA:173,3
DA:174,3
DA:175,3
DA:177,0
DA:180,6
DA:193,4
DA:214,0
DA:215,0
DA:218,0
DA:219,0
DA:225,0
DA:237,0
LF:49
LH:41
BRDA:33,0,0,1
BRDA:33,0,1,3
BRDA:38,1,0,1
BRDA:38,1,1,2
BRDA:61,2,0,2
BRDA:61,2,1,0
BRDA:77,3,0,0
BRDA:77,3,1,4
BRDA:78,4,0,4
BRDA:78,4,1,4
BRDA:78,4,2,4
BRDA:78,4,3,4
BRDA:101,5,0,0
BRDA:103,6,0,0
BRDA:109,7,0,4
BRDA:109,7,1,4
BRDA:113,8,0,1
BRDA:113,8,1,3
BRDA:121,9,0,0
BRDA:121,9,1,4
BRDA:122,10,0,0
BRDA:122,10,1,4
BRDA:123,11,0,1
BRDA:123,11,1,3
BRDA:156,12,0,4
BRDA:156,12,1,4
BRDA:156,12,2,4
BRDA:156,12,3,0
BRDA:172,13,0,3
BRDA:172,13,1,3
BRDA:174,14,0,3
BRDA:174,14,1,0
BRDA:184,15,0,6
BRDA:184,15,1,0
BRDA:189,16,0,6
BRDA:189,16,1,3
BRDA:198,17,0,4
BRDA:198,17,1,0
BRDA:198,18,0,0
BRDA:198,18,1,0
BRDA:214,19,0,0
BRDA:214,19,1,0
BRDA:218,20,0,0
BRDA:218,20,1,0
BRDA:231,21,0,0
BRDA:231,21,1,0
BRDA:10,22,0,2
BRDA:10,22,1,0
BRDA:10,23,0,2
BRDA:10,23,1,2
BRF:50
BRH:31
end_of_record
TN:
SF:src/inventory/ledger.service.ts
FN:19,(anonymous_2)
FN:29,(anonymous_3)
FN:43,(anonymous_4)
FN:52,(anonymous_5)
FN:56,(anonymous_6)
FN:73,(anonymous_7)
FN:117,(anonymous_8)
FN:125,(anonymous_9)
FN:132,(anonymous_10)
FN:170,(anonymous_11)
FN:205,(anonymous_12)
FN:227,(anonymous_13)
FNF:12
FNH:0
FNDA:0,(anonymous_2)
FNDA:0,(anonymous_3)
FNDA:0,(anonymous_4)
FNDA:0,(anonymous_5)
FNDA:0,(anonymous_6)
FNDA:0,(anonymous_7)
FNDA:0,(anonymous_8)
FNDA:0,(anonymous_9)
FNDA:0,(anonymous_10)
FNDA:0,(anonymous_11)
FNDA:0,(anonymous_12)
FNDA:0,(anonymous_13)
DA:1,2
DA:2,2
DA:3,2
DA:4,2
DA:6,2
DA:18,2
DA:19,0
DA:34,0
DA:47,0
DA:49,0
DA:52,0
DA:53,0
DA:56,0
DA:58,0
DA:59,0
DA:60,0
DA:61,0
DA:65,0
DA:66,0
DA:73,0
DA:85,0
DA:95,0
DA:100,0
DA:101,0
DA:102,0
DA:103,0
DA:106,0
DA:108,0
DA:112,0
DA:115,0
DA:117,0
DA:124,0
DA:125,0
DA:132,0
DA:133,0
DA:134,0
DA:137,0
DA:138,0
DA:147,0
DA:155,0
DA:158,0
DA:159,0
DA:171,0
DA:209,0
DA:226,0
DA:227,0
DA:231,0
LF:47
LH:6
BRDA:47,0,0,0
BRDA:47,0,1,0
BRDA:49,1,0,0
BRDA:49,1,1,0
BRDA:60,2,0,0
BRDA:60,2,1,0
BRDA:65,3,0,0
BRDA:65,3,1,0
BRDA:80,4,0,0
BRDA:80,4,1,0
BRDA:80,5,0,0
BRDA:80,5,1,0
BRDA:103,6,0,0
BRDA:103,6,1,0
BRDA:137,7,0,0
BRDA:137,7,1,0
BRDA:158,8,0,0
BRDA:158,8,1,0
BRDA:174,9,0,0
BRDA:174,9,1,0
BRDA:231,10,0,0
BRDA:231,10,1,0
BRDA:19,11,0,2
BRDA:19,11,1,0
BRDA:19,12,0,2
BRDA:19,12,1,2
BRF:26
BRH:3
end_of_record
TN:
SF:src/inventory/location.controller.ts
FN:17,(anonymous_4)
FN:20,(anonymous_5)
FN:25,(anonymous_6)
FN:30,(anonymous_7)
FN:35,(anonymous_8)
FN:40,(anonymous_9)
FN:45,(anonymous_10)
FN:53,(anonymous_11)
FNF:8
FNH:0
FNDA:0,(anonymous_4)
FNDA:0,(anonymous_5)
FNDA:0,(anonymous_6)
FNDA:0,(anonymous_7)
FNDA:0,(anonymous_8)
FNDA:0,(anonymous_9)
FNDA:0,(anonymous_10)
FNDA:0,(anonymous_11)
DA:1,0
DA:10,0
DA:12,0
DA:13,0
DA:16,0
DA:17,0
DA:20,0
DA:21,0
DA:25,0
DA:26,0
DA:30,0
DA:31,0
DA:35,0
DA:36,0
DA:40,0
DA:41,0
DA:45,0
DA:49,0
DA:53,0
DA:54,0
LF:20
LH:0
BRDA:40,0,0,0
BRDA:40,0,1,0
BRDA:40,1,0,0
BRDA:40,1,1,0
BRDA:47,2,0,0
BRDA:47,2,1,0
BRDA:47,3,0,0
BRDA:47,3,1,0
BRDA:17,4,0,0
BRDA:17,4,1,0
BRDA:17,5,0,0
BRDA:17,5,1,0
BRF:12
BRH:0
end_of_record
TN:
SF:src/inventory/location.service.ts
FN:11,(anonymous_2)
FN:13,(anonymous_3)
FN:26,(anonymous_4)
FN:31,(anonymous_5)
FN:43,(anonymous_6)
FN:51,(anonymous_7)
FN:53,(anonymous_8)
FN:54,(anonymous_9)
FN:60,(anonymous_10)
FN:86,(anonymous_11)
FN:131,(anonymous_12)
FN:155,(anonymous_13)
FNF:12
FNH:0
FNDA:0,(anonymous_2)
FNDA:0,(anonymous_3)
FNDA:0,(anonymous_4)
FNDA:0,(anonymous_5)
FNDA:0,(anonymous_6)
FNDA:0,(anonymous_7)
FNDA:0,(anonymous_8)
FNDA:0,(anonymous_9)
FNDA:0,(anonymous_10)
FNDA:0,(anonymous_11)
FNDA:0,(anonymous_12)
FNDA:0,(anonymous_13)
DA:1,0
DA:6,0
DA:7,0
DA:10,0
DA:11,0
DA:14,0
DA:27,0
DA:28,0
DA:32,0
DA:44,0
DA:52,0
DA:53,0
DA:54,0
DA:67,0
DA:69,0
DA:72,0
DA:73,0
DA:76,0
DA:95,0
DA:98,0
DA:100,0
DA:101,0
DA:104,0
DA:108,0
DA:109,0
DA:111,0
DA:114,0
DA:115,0
DA:117,0
DA:120,0
DA:132,0
DA:137,0
DA:139,0
DA:140,0
DA:145,0
DA:146,0
DA:149,0
DA:159,0
DA:160,0
DA:161,0
DA:164,0
DA:167,0
DA:168,0
DA:170,0
DA:173,0
DA:177,0
DA:188,0
DA:189,0
LF:48
LH:0
BRDA:51,0,0,0
BRDA:72,1,0,0
BRDA:72,1,1,0
BRDA:98,2,0,0
BRDA:98,2,1,0
BRDA:100,3,0,0
BRDA:100,3,1,0
BRDA:100,4,0,0
BRDA:100,4,1,0
BRDA:104,5,0,0
BRDA:104,5,1,0
BRDA:108,6,0,0
BRDA:108,6,1,0
BRDA:108,7,0,0
BRDA:108,7,1,0
BRDA:109,8,0,0
BRDA:109,8,1,0
BRDA:111,9,0,0
BRDA:111,9,1,0
BRDA:114,10,0,0
BRDA:114,10,1,0
BRDA:137,11,0,0
BRDA:137,11,1,0
BRDA:139,12,0,0
BRDA:139,12,1,0
BRDA:145,13,0,0
BRDA:145,13,1,0
BRDA:159,14,0,0
BRDA:159,14,1,0
BRDA:160,15,0,0
BRDA:160,15,1,0
BRDA:167,16,0,0
BRDA:167,16,1,0
BRDA:173,17,0,0
BRDA:173,17,1,0
BRDA:188,18,0,0
BRDA:188,18,1,0
BRDA:11,19,0,0
BRDA:11,19,1,0
BRDA:11,20,0,0
BRDA:11,20,1,0
BRF:41
BRH:0
end_of_record
TN:
SF:src/inventory/dto/create-inventory-item.dto.ts
FNF:0
FNH:0
DA:1,1
DA:10,1
DA:13,1
DA:17,1
DA:21,1
DA:25,1
DA:29,1
DA:33,1
DA:37,1
LF:9
LH:9
BRF:0
BRH:0
end_of_record
TN:
SF:src/inventory/dto/create-location.dto.ts
FNF:0
FNH:0
DA:1,0
DA:8,0
DA:10,0
DA:13,0
DA:17,0
DA:20,0
DA:24,0
LF:7
LH:0
BRDA:20,0,0,0
BRDA:20,0,1,0
BRDA:20,1,0,0
BRDA:20,1,1,0
BRF:4
BRH:0
end_of_record
TN:
SF:src/inventory/dto/update-location.dto.ts
FNF:0
FNH:0
DA:1,0
DA:8,0
DA:10,0
DA:14,0
DA:19,0
DA:23,0
DA:27,0
LF:7
LH:0
BRDA:23,0,0,0
BRDA:23,0,1,0
BRDA:23,1,0,0
BRDA:23,1,1,0
BRF:4
BRH:0
end_of_record
TN:
SF:src/invoices/invoice-pdf.renderer.ts
FN:8,(anonymous_10)
FN:11,(anonymous_11)
FN:15,(anonymous_12)
FN:25,(anonymous_13)
FN:43,(anonymous_14)
FN:55,(anonymous_15)
FN:62,(anonymous_16)
FN:220,(anonymous_17)
FN:239,(anonymous_18)
FN:252,(anonymous_19)
FNF:10
FNH:0
FNDA:0,(anonymous_10)
FNDA:0,(anonymous_11)
FNDA:0,(anonymous_12)
FNDA:0,(anonymous_13)
FNDA:0,(anonymous_14)
FNDA:0,(anonymous_15)
FNDA:0,(anonymous_16)
FNDA:0,(anonymous_17)
FNDA:0,(anonymous_18)
FNDA:0,(anonymous_19)
DA:1,0
DA:2,0
DA:3,0
DA:7,0
DA:9,0
DA:12,0
DA:13,0
DA:15,0
DA:18,0
DA:19,0
DA:20,0
DA:21,0
DA:23,0
DA:26,0
DA:41,0
DA:43,0
DA:45,0
DA:59,0
DA:60,0
DA:62,0
DA:74,0
DA:79,0
DA:86,0
DA:221,0
DA:222,0
DA:240,0
DA:241,0
DA:243,0
DA:244,0
DA:253,0
DA:254,0
DA:255,0
DA:257,0
LF:33
LH:0
BRDA:12,0,0,0
BRDA:12,0,1,0
BRDA:67,1,0,0
BRDA:67,1,1,0
BRDA:74,2,0,0
BRDA:74,2,1,0
BRDA:75,3,0,0
BRDA:75,3,1,0
BRDA:150,4,0,0
BRDA:150,4,1,0
BRDA:152,5,0,0
BRDA:152,5,1,0
BRDA:153,6,0,0
BRDA:153,6,1,0
BRDA:164,7,0,0
BRDA:164,7,1,0
BRDA:169,8,0,0
BRDA:169,8,1,0
BRDA:170,9,0,0
BRDA:170,9,1,0
BRDA:206,10,0,0
BRDA:206,10,1,0
BRDA:240,11,0,0
BRDA:240,11,1,0
BRDA:240,12,0,0
BRDA:240,12,1,0
BRDA:254,13,0,0
BRDA:254,13,1,0
BRF:28
BRH:0
end_of_record
TN:
SF:src/invoices/invoice-pdf.service.ts
FN:31,(anonymous_12)
FN:38,(anonymous_13)
FN:149,(anonymous_14)
FN:157,(anonymous_15)
FN:222,(anonymous_16)
FN:249,(anonymous_17)
FN:306,(anonymous_18)
FN:343,(anonymous_19)
FN:372,(anonymous_20)
FN:379,(anonymous_21)
FN:381,(anonymous_22)
FN:383,(anonymous_23)
FN:424,(anonymous_24)
FN:446,(anonymous_25)
FNF:14
FNH:0
FNDA:0,(anonymous_12)
FNDA:0,(anonymous_13)
FNDA:0,(anonymous_14)
FNDA:0,(anonymous_15)
FNDA:0,(anonymous_16)
FNDA:0,(anonymous_17)
FNDA:0,(anonymous_18)
FNDA:0,(anonymous_19)
FNDA:0,(anonymous_20)
FNDA:0,(anonymous_21)
FNDA:0,(anonymous_22)
FNDA:0,(anonymous_23)
FNDA:0,(anonymous_24)
FNDA:0,(anonymous_25)
DA:1,0
DA:8,0
DA:10,0
DA:11,0
DA:12,0
DA:13,0
DA:14,0
DA:15,0
DA:16,0
DA:28,0
DA:29,0
DA:32,0
DA:33,0
DA:34,0
DA:35,0
DA:42,0
DA:53,0
DA:54,0
DA:57,0
DA:62,0
DA:71,0
DA:75,0
DA:80,0
DA:81,0
DA:83,0
DA:85,0
DA:86,0
DA:92,0
DA:93,0
DA:96,0
DA:97,0
DA:102,0
DA:103,0
DA:108,0
DA:109,0
DA:113,0
DA:122,0
DA:123,0
DA:127,0
DA:132,0
DA:133,0
DA:134,0
DA:135,0
DA:138,0
DA:143,0
DA:155,0
DA:158,0
DA:159,0
DA:174,0
DA:175,0
DA:178,0
DA:179,0
DA:180,0
DA:183,0
DA:188,0
DA:196,0
DA:204,0
DA:208,0
DA:213,0
DA:217,0
DA:220,0
DA:221,0
DA:223,0
DA:224,0
DA:225,0
DA:233,0
DA:236,0
DA:237,0
DA:238,0
DA:242,0
DA:251,0
DA:252,0
DA:256,0
DA:266,0
DA:267,0
DA:277,0
DA:285,0
DA:286,0
DA:291,0
DA:299,0
DA:300,0
DA:312,0
DA:322,0
DA:323,0
DA:326,0
DA:327,0
DA:330,0
DA:334,0
DA:335,0
DA:347,0
DA:348,0
DA:351,0
DA:360,0
DA:361,0
DA:364,0
DA:365,0
DA:369,0
DA:373,0
DA:374,0
DA:377,0
DA:379,0
DA:380,0
DA:381,0
DA:382,0
DA:383,0
DA:385,0
DA:387,0
DA:388,0
DA:389,0
DA:390,0
DA:391,0
DA:392,0
DA:393,0
DA:394,0
DA:396,0
DA:397,0
DA:398,0
DA:399,0
DA:400,0
DA:401,0
DA:402,0
DA:403,0
DA:404,0
DA:405,0
DA:406,0
DA:407,0
DA:408,0
DA:409,0
DA:411,0
DA:412,0
DA:413,0
DA:414,0
DA:415,0
DA:416,0
DA:417,0
DA:418,0
DA:419,0
DA:422,0
DA:423,0
DA:425,0
DA:426,0
DA:427,0
DA:428,0
DA:429,0
DA:430,0
DA:431,0
DA:432,0
DA:433,0
DA:434,0
DA:435,0
DA:438,0
DA:441,0
DA:443,0
DA:447,0
DA:448,0
DA:455,0
DA:456,0
LF:157
LH:0
BRDA:53,0,0,0
BRDA:53,0,1,0
BRDA:57,1,0,0
BRDA:57,1,1,0
BRDA:58,2,0,0
BRDA:58,2,1,0
BRDA:58,2,2,0
BRDA:71,3,0,0
BRDA:71,3,1,0
BRDA:72,4,0,0
BRDA:72,4,1,0
BRDA:83,5,0,0
BRDA:83,5,1,0
BRDA:83,6,0,0
BRDA:83,6,1,0
BRDA:85,7,0,0
BRDA:85,7,1,0
BRDA:102,8,0,0
BRDA:102,8,1,0
BRDA:122,9,0,0
BRDA:122,9,1,0
BRDA:125,10,0,0
BRDA:125,10,1,0
BRDA:132,11,0,0
BRDA:132,11,1,0
BRDA:174,12,0,0
BRDA:174,12,1,0
BRDA:179,13,0,0
BRDA:179,13,1,0
BRDA:183,14,0,0
BRDA:183,14,1,0
BRDA:184,15,0,0
BRDA:184,15,1,0
BRDA:184,15,2,0
BRDA:204,16,0,0
BRDA:204,16,1,0
BRDA:205,17,0,0
BRDA:205,17,1,0
BRDA:236,18,0,0
BRDA:236,18,1,0
BRDA:237,19,0,0
BRDA:237,19,1,0
BRDA:237,20,0,0
BRDA:237,20,1,0
BRDA:237,20,2,0
BRDA:239,21,0,0
BRDA:239,21,1,0
BRDA:251,22,0,0
BRDA:251,22,1,0
BRDA:285,23,0,0
BRDA:285,23,1,0
BRDA:288,24,0,0
BRDA:288,24,1,0
BRDA:295,25,0,0
BRDA:295,25,1,0
BRDA:322,26,0,0
BRDA:322,26,1,0
BRDA:326,27,0,0
BRDA:326,27,1,0
BRDA:331,28,0,0
BRDA:331,28,1,0
BRDA:334,29,0,0
BRDA:334,29,1,0
BRDA:337,30,0,0
BRDA:337,30,1,0
BRDA:347,31,0,0
BRDA:347,31,1,0
BRDA:360,32,0,0
BRDA:360,32,1,0
BRDA:373,33,0,0
BRDA:373,33,1,0
BRDA:373,34,0,0
BRDA:373,34,1,0
BRDA:382,35,0,0
BRDA:382,35,1,0
BRDA:385,36,0,0
BRDA:385,36,1,0
BRDA:387,37,0,0
BRDA:387,37,1,0
BRDA:388,38,0,0
BRDA:388,38,1,0
BRDA:389,39,0,0
BRDA:389,39,1,0
BRDA:390,40,0,0
BRDA:390,40,1,0
BRDA:391,41,0,0
BRDA:391,41,1,0
BRDA:392,42,0,0
BRDA:392,42,1,0
BRDA:393,43,0,0
BRDA:393,43,1,0
BRDA:394,44,0,0
BRDA:394,44,1,0
BRDA:396,45,0,0
BRDA:396,45,1,0
BRDA:398,46,0,0
BRDA:398,46,1,0
BRDA:398,47,0,0
BRDA:398,47,1,0
BRDA:400,48,0,0
BRDA:400,48,1,0
BRDA:401,49,0,0
BRDA:401,49,1,0
BRDA:402,50,0,0
BRDA:402,50,1,0
BRDA:403,51,0,0
BRDA:403,51,1,0
BRDA:404,52,0,0
BRDA:404,52,1,0
BRDA:405,53,0,0
BRDA:405,53,1,0
BRDA:406,54,0,0
BRDA:406,54,1,0
BRDA:407,55,0,0
BRDA:407,55,1,0
BRDA:408,56,0,0
BRDA:408,56,1,0
BRDA:409,57,0,0
BRDA:409,57,1,0
BRDA:411,58,0,0
BRDA:411,58,1,0
BRDA:412,59,0,0
BRDA:412,59,1,0
BRDA:414,60,0,0
BRDA:414,60,1,0
BRDA:415,61,0,0
BRDA:415,61,1,0
BRDA:416,62,0,0
BRDA:416,62,1,0
BRDA:417,63,0,0
BRDA:417,63,1,0
BRDA:418,64,0,0
BRDA:418,64,1,0
BRDA:419,65,0,0
BRDA:419,65,1,0
BRDA:422,66,0,0
BRDA:422,66,1,0
BRDA:423,67,0,0
BRDA:423,67,1,0
BRDA:425,68,0,0
BRDA:425,68,1,0
BRDA:427,69,0,0
BRDA:427,69,1,0
BRDA:428,70,0,0
BRDA:428,70,1,0
BRDA:429,71,0,0
BRDA:429,71,1,0
BRDA:430,72,0,0
BRDA:430,72,1,0
BRDA:431,73,0,0
BRDA:431,73,1,0
BRDA:432,74,0,0
BRDA:432,74,1,0
BRDA:433,75,0,0
BRDA:433,75,1,0
BRDA:434,76,0,0
BRDA:434,76,1,0
BRDA:441,77,0,0
BRDA:441,77,1,0
BRDA:455,78,0,0
BRDA:455,78,1,0
BRDA:458,79,0,0
BRDA:458,79,1,0
BRDA:32,80,0,0
BRDA:32,80,1,0
BRDA:32,81,0,0
BRDA:32,81,1,0
BRDA:32,82,0,0
BRDA:32,82,1,0
BRDA:32,83,0,0
BRDA:32,83,1,0
BRDA:33,84,0,0
BRDA:33,84,1,0
BRDA:33,85,0,0
BRDA:33,85,1,0
BRDA:34,86,0,0
BRDA:34,86,1,0
BRDA:34,87,0,0
BRDA:34,87,1,0
BRF:179
BRH:0
end_of_record
TN:
SF:src/invoices/invoice-pdf.storage.ts
FN:16,(anonymous_11)
FN:33,(anonymous_12)
FN:40,(anonymous_13)
FN:74,(anonymous_14)
FN:116,(anonymous_15)
FNF:5
FNH:0
FNDA:0,(anonymous_11)
FNDA:0,(anonymous_12)
FNDA:0,(anonymous_13)
FNDA:0,(anonymous_14)
FNDA:0,(anonymous_15)
DA:1,0
DA:7,0
DA:9,0
DA:12,0
DA:13,0
DA:17,0
DA:18,0
DA:19,0
DA:20,0
DA:23,0
DA:25,0
DA:26,0
DA:29,0
DA:38,0
DA:41,0
DA:42,0
DA:43,0
DA:45,0
DA:46,0
DA:48,0
DA:49,0
DA:54,0
DA:61,0
DA:62,0
DA:66,0
DA:81,0
DA:82,0
DA:83,0
DA:85,0
DA:86,0
DA:87,0
DA:88,0
DA:91,0
DA:93,0
DA:101,0
DA:102,0
DA:105,0
DA:106,0
DA:110,0
DA:117,0
DA:118,0
DA:119,0
DA:123,0
LF:43
LH:0
BRDA:18,0,0,0
BRDA:18,0,1,0
BRDA:61,1,0,0
BRDA:61,1,1,0
BRDA:64,2,0,0
BRDA:64,2,1,0
BRDA:81,3,0,0
BRDA:81,3,1,0
BRDA:87,4,0,0
BRDA:87,4,1,0
BRDA:97,5,0,0
BRDA:97,5,1,0
BRDA:98,6,0,0
BRDA:98,6,1,0
BRDA:101,7,0,0
BRDA:101,7,1,0
BRDA:105,8,0,0
BRDA:105,8,1,0
BRDA:108,9,0,0
BRDA:108,9,1,0
BRDA:118,10,0,0
BRDA:118,10,1,0
BRF:22
BRH:0
end_of_record
TN:
SF:src/invoices/invoice-snapshot.ts
FN:66,(anonymous_0)
FN:73,(anonymous_1)
FN:82,(anonymous_2)
FN:121,(anonymous_3)
FNF:4
FNH:4
FNDA:22,(anonymous_0)
FNDA:6,(anonymous_1)
FNDA:3,(anonymous_2)
FNDA:3,(anonymous_3)
DA:1,2
DA:66,2
DA:67,22
DA:68,22
DA:70,0
DA:73,2
DA:76,6
DA:77,2
DA:79,4
DA:82,2
DA:85,3
DA:121,3
LF:12
LH:11
BRDA:67,0,0,22
BRDA:67,0,1,0
BRDA:76,1,0,2
BRDA:76,1,1,4
BRDA:76,2,0,6
BRDA:76,2,1,4
BRDA:94,3,0,3
BRDA:94,3,1,0
BRDA:98,4,0,3
BRDA:98,4,1,3
BRDA:101,5,0,3
BRDA:101,5,1,0
BRDA:102,6,0,3
BRDA:102,6,1,0
BRDA:103,7,0,3
BRDA:103,7,1,3
BRDA:104,8,0,3
BRDA:104,8,1,0
BRDA:105,9,0,3
BRDA:105,9,1,0
BRDA:106,10,0,3
BRDA:106,10,1,0
BRDA:107,11,0,3
BRDA:107,11,1,0
BRDA:110,12,0,0
BRDA:110,12,1,3
BRDA:115,13,0,0
BRDA:115,13,1,0
BRDA:116,14,0,0
BRDA:116,14,1,0
BRDA:117,15,0,0
BRDA:117,15,1,0
BRDA:126,16,0,3
BRDA:126,16,1,2
BRDA:129,17,0,3
BRDA:129,17,1,3
BRF:36
BRH:21
end_of_record
TN:
SF:src/invoices/invoices.controller.ts
FN:25,(anonymous_13)
FN:31,(anonymous_14)
FN:36,(anonymous_15)
FN:41,(anonymous_16)
FN:57,(anonymous_17)
FN:78,(anonymous_18)
FNF:6
FNH:0
FNDA:0,(anonymous_13)
FNDA:0,(anonymous_14)
FNDA:0,(anonymous_15)
FNDA:0,(anonymous_16)
FNDA:0,(anonymous_17)
FNDA:0,(anonymous_18)
DA:1,0
DA:14,0
DA:15,0
DA:16,0
DA:17,0
DA:18,0
DA:19,0
DA:22,0
DA:23,0
DA:26,0
DA:27,0
DA:31,0
DA:32,0
DA:36,0
DA:37,0
DA:41,0
DA:42,0
DA:44,0
DA:45,0
DA:50,0
DA:57,0
DA:58,0
DA:59,0
DA:61,0
DA:62,0
DA:63,0
DA:66,0
DA:70,0
DA:73,0
DA:78,0
DA:79,0
DA:80,0
DA:82,0
LF:33
LH:0
BRDA:42,0,0,0
BRDA:42,0,1,0
BRDA:44,1,0,0
BRDA:44,1,1,0
BRDA:61,2,0,0
BRDA:61,2,1,0
BRDA:61,3,0,0
BRDA:61,3,1,0
BRDA:62,4,0,0
BRDA:62,4,1,0
BRDA:83,5,0,0
BRDA:83,5,1,0
BRDA:85,6,0,0
BRDA:85,6,1,0
BRDA:31,7,0,0
BRDA:31,7,1,0
BRDA:31,8,0,0
BRDA:31,8,1,0
BRDA:26,9,0,0
BRDA:26,9,1,0
BRDA:26,10,0,0
BRDA:26,10,1,0
BRDA:26,11,0,0
BRDA:26,11,1,0
BRDA:26,12,0,0
BRDA:26,12,1,0
BRF:26
BRH:0
end_of_record
TN:
SF:src/invoices/invoices.module.ts
FNF:0
FNH:0
DA:1,0
DA:2,0
DA:3,0
DA:4,0
DA:5,0
DA:6,0
DA:7,0
DA:8,0
DA:9,0
DA:24,0
LF:10
LH:0
BRF:0
BRH:0
end_of_record
TN:
SF:src/invoices/invoices.service.ts
FN:22,(anonymous_2)
FN:27,(anonymous_3)
FN:30,(anonymous_4)
FN:59,(anonymous_5)
FN:70,(anonymous_6)
FN:114,(anonymous_7)
FN:115,(anonymous_8)
FN:187,(anonymous_9)
FN:191,(anonymous_10)
FN:214,(anonymous_11)
FN:221,(anonymous_12)
FN:225,(anonymous_13)
FN:239,(anonymous_14)
FN:245,(anonymous_15)
FNF:14
FNH:0
FNDA:0,(anonymous_2)
FNDA:0,(anonymous_3)
FNDA:0,(anonymous_4)
FNDA:0,(anonymous_5)
FNDA:0,(anonymous_6)
FNDA:0,(anonymous_7)
FNDA:0,(anonymous_8)
FNDA:0,(anonymous_9)
FNDA:0,(anonymous_10)
FNDA:0,(anonymous_11)
FNDA:0,(anonymous_12)
FNDA:0,(anonymous_13)
FNDA:0,(anonymous_14)
FNDA:0,(anonymous_15)
DA:1,1
DA:6,1
DA:7,1
DA:8,1
DA:15,1
DA:17,1
DA:18,1
DA:21,1
DA:23,0
DA:24,0
DA:28,0
DA:30,0
DA:31,0
DA:43,0
DA:44,0
DA:49,0
DA:50,0
DA:53,0
DA:54,0
DA:59,0
DA:60,0
DA:61,0
DA:67,0
DA:68,0
DA:69,0
DA:70,0
DA:71,0
DA:78,0
DA:79,0
DA:103,0
DA:107,0
DA:109,0
DA:115,0
DA:116,0
DA:126,0
DA:127,0
DA:130,0
DA:131,0
DA:136,0
DA:138,0
DA:145,0
DA:146,0
DA:150,0
DA:151,0
DA:156,0
DA:164,0
DA:169,0
DA:179,0
DA:180,0
DA:183,0
DA:188,0
DA:189,0
DA:191,0
DA:192,0
DA:193,0
DA:194,0
DA:195,0
DA:197,0
DA:198,0
DA:200,0
DA:211,0
DA:218,0
DA:222,0
DA:230,0
DA:231,0
DA:232,0
DA:233,0
DA:240,0
DA:241,0
DA:242,0
DA:248,0
DA:249,0
DA:251,0
DA:257,0
LF:74
LH:8
BRDA:17,0,0,1
BRDA:17,0,1,1
BRDA:43,1,0,0
BRDA:43,1,1,0
BRDA:49,2,0,0
BRDA:49,2,1,0
BRDA:53,3,0,0
BRDA:53,3,1,0
BRDA:60,4,0,0
BRDA:60,4,1,0
BRDA:103,5,0,0
BRDA:103,5,1,0
BRDA:104,6,0,0
BRDA:104,6,1,0
BRDA:126,7,0,0
BRDA:126,7,1,0
BRDA:130,8,0,0
BRDA:130,8,1,0
BRDA:145,9,0,0
BRDA:145,9,1,0
BRDA:150,10,0,0
BRDA:150,10,1,0
BRDA:179,11,0,0
BRDA:179,11,1,0
BRDA:230,12,0,0
BRDA:230,12,1,0
BRDA:231,13,0,0
BRDA:231,13,1,0
BRDA:232,14,0,0
BRDA:232,14,1,0
BRDA:23,15,0,1
BRDA:23,15,1,0
BRDA:23,16,0,1
BRDA:23,16,1,1
BRDA:23,17,0,1
BRDA:23,17,1,0
BRDA:23,18,0,1
BRDA:23,18,1,1
BRF:38
BRH:8
end_of_record
TN:
SF:src/invoices/verify-pdf-layout.ts
FN:6,generatePDFs
FN:42,renderToFile
FN:56,(anonymous_11)
FN:129,(anonymous_12)
FN:132,(anonymous_13)
FNF:5
FNH:0
FNDA:0,generatePDFs
FNDA:0,renderToFile
FNDA:0,(anonymous_11)
FNDA:0,(anonymous_12)
FNDA:0,(anonymous_13)
DA:1,0
DA:2,0
DA:3,0
DA:4,0
DA:7,0
DA:10,0
DA:11,0
DA:12,0
DA:15,0
DA:43,0
DA:44,0
DA:45,0
DA:49,0
DA:56,0
DA:69,0
DA:96,0
DA:121,0
DA:122,0
DA:123,0
DA:127,0
DA:128,0
DA:130,0
DA:133,0
DA:134,0
LF:24
LH:0
BRDA:11,0,0,0
BRDA:11,0,1,0
BRDA:127,1,0,0
BRDA:127,1,1,0
BRF:4
BRH:0
end_of_record
TN:
SF:src/invoices/dto/create-draft-invoice.dto.ts
FNF:0
FNH:0
DA:1,0
DA:2,0
DA:4,0
DA:8,0
LF:4
LH:0
BRF:0
BRH:0
end_of_record
TN:
SF:src/labor/labor.controller.ts
FN:7,(anonymous_4)
FN:16,(anonymous_5)
FNF:2
FNH:0
FNDA:0,(anonymous_4)
FNDA:0,(anonymous_5)
DA:1,0
DA:2,0
DA:3,0
DA:6,0
DA:7,0
DA:16,0
DA:20,0
LF:7
LH:0
BRDA:7,0,0,0
BRDA:7,0,1,0
BRDA:7,1,0,0
BRDA:7,1,1,0
BRF:4
BRH:0
end_of_record
TN:
SF:src/labor/labor.module.ts
FNF:0
FNH:0
DA:1,0
DA:2,0
DA:3,0
DA:4,0
DA:11,0
LF:5
LH:0
BRF:0
BRH:0
end_of_record
TN:
SF:src/labor/labor.service.ts
FN:13,(anonymous_2)
FN:15,(anonymous_3)
FN:113,(anonymous_4)
FNF:3
FNH:0
FNDA:0,(anonymous_2)
FNDA:0,(anonymous_3)
FNDA:0,(anonymous_4)
DA:1,0
DA:7,0
DA:9,0
DA:12,0
DA:13,0
DA:16,0
DA:17,0
DA:18,0
DA:19,0
DA:22,0
DA:23,0
DA:26,0
DA:40,0
DA:41,0
DA:45,0
DA:46,0
DA:51,0
DA:53,0
DA:94,0
DA:112,0
DA:113,0
LF:21
LH:0
BRDA:18,0,0,0
BRDA:18,0,1,0
BRDA:22,1,0,0
BRDA:22,1,1,0
BRDA:40,2,0,0
BRDA:40,2,1,0
BRDA:45,3,0,0
BRDA:45,3,1,0
BRDA:79,4,0,0
BRDA:79,4,1,0
BRDA:13,5,0,0
BRDA:13,5,1,0
BRDA:13,6,0,0
BRDA:13,6,1,0
BRF:14
BRH:0
end_of_record
TN:
SF:src/prisma/prisma-dashboard-realtime.extension.ts
FN:19,modelNameToEntityType
FN:27,operationToAction
FN:41,extractEntityId
FN:48,createDashboardRealtimeExtension
FN:55,(anonymous_4)
FN:68,(anonymous_5)
FN:81,(anonymous_6)
FN:94,(anonymous_7)
FN:106,(anonymous_8)
FN:118,(anonymous_9)
FNF:10
FNH:1
FNDA:0,modelNameToEntityType
FNDA:0,operationToAction
FNDA:0,extractEntityId
FNDA:1,createDashboardRealtimeExtension
FNDA:0,(anonymous_4)
FNDA:0,(anonymous_5)
FNDA:0,(anonymous_6)
FNDA:0,(anonymous_7)
FNDA:0,(anonymous_8)
FNDA:0,(anonymous_9)
DA:1,9
DA:8,9
DA:20,0
DA:24,0
DA:28,0
DA:29,0
DA:30,0
DA:35,0
DA:38,0
DA:42,0
DA:44,0
DA:45,0
DA:48,9
DA:51,1
DA:56,0
DA:57,0
DA:58,0
DA:59,0
DA:60,0
DA:66,0
DA:69,0
DA:70,0
DA:71,0
DA:72,0
DA:73,0
DA:79,0
DA:82,0
DA:83,0
DA:84,0
DA:85,0
DA:86,0
DA:92,0
DA:95,0
DA:96,0
DA:97,0
DA:98,0
DA:99,0
DA:104,0
DA:107,0
DA:108,0
DA:109,0
DA:110,0
DA:111,0
DA:116,0
DA:120,0
DA:121,0
DA:126,0
DA:127,0
DA:128,0
DA:132,0
DA:133,0
DA:139,0
LF:52
LH:4
BRDA:24,0,0,0
BRDA:24,0,1,0
BRDA:28,1,0,0
BRDA:28,1,1,0
BRDA:29,2,0,0
BRDA:29,2,1,0
BRDA:29,3,0,0
BRDA:29,3,1,0
BRDA:30,4,0,0
BRDA:30,4,1,0
BRDA:31,5,0,0
BRDA:31,5,1,0
BRDA:31,5,2,0
BRDA:42,6,0,0
BRDA:42,6,1,0
BRDA:42,7,0,0
BRDA:42,7,1,0
BRDA:45,8,0,0
BRDA:45,8,1,0
BRDA:59,9,0,0
BRDA:59,9,1,0
BRDA:59,10,0,0
BRDA:59,10,1,0
BRDA:72,11,0,0
BRDA:72,11,1,0
BRDA:72,12,0,0
BRDA:72,12,1,0
BRDA:85,13,0,0
BRDA:85,13,1,0
BRDA:85,14,0,0
BRDA:85,14,1,0
BRDA:98,15,0,0
BRDA:98,15,1,0
BRDA:98,16,0,0
BRDA:98,16,1,0
BRDA:110,17,0,0
BRDA:110,17,1,0
BRDA:110,18,0,0
BRDA:110,18,1,0
BRDA:128,19,0,0
BRDA:128,19,1,0
BRDA:132,20,0,0
BRDA:132,20,1,0
BRF:43
BRH:0
end_of_record
TN:
SF:src/prisma/prisma.module.ts
FNF:0
FNH:0
DA:1,0
DA:2,0
DA:3,0
DA:11,0
LF:4
LH:0
BRF:0
BRH:0
end_of_record
TN:
SF:src/prisma/prisma.service.ts
FN:22,(anonymous_2)
FN:38,(anonymous_3)
FN:55,(anonymous_4)
FN:60,(anonymous_5)
FN:75,(anonymous_6)
FNF:5
FNH:1
FNDA:1,(anonymous_2)
FNDA:0,(anonymous_3)
FNDA:0,(anonymous_4)
FNDA:0,(anonymous_5)
FNDA:0,(anonymous_6)
DA:1,9
DA:7,9
DA:8,9
DA:9,9
DA:10,9
DA:11,9
DA:14,9
DA:18,1
DA:23,1
DA:24,1
DA:25,1
DA:27,1
DA:32,1
DA:33,1
DA:39,0
DA:43,0
DA:46,0
DA:52,0
DA:56,0
DA:57,0
DA:61,0
DA:62,0
DA:63,0
DA:64,0
DA:65,0
DA:67,0
DA:71,0
DA:72,0
DA:73,0
DA:75,0
LF:30
LH:14
BRDA:39,0,0,0
BRDA:39,0,1,0
BRDA:40,1,0,0
BRDA:40,1,1,0
BRDA:60,2,0,0
BRDA:60,3,0,0
BRDA:71,4,0,0
BRDA:71,4,1,0
BRDA:22,5,0,9
BRDA:22,5,1,0
BRDA:22,6,0,9
BRDA:22,6,1,9
BRF:12
BRH:3
end_of_record
TN:
SF:src/purchase/purchase-invoice.controller.ts
FN:17,(anonymous_4)
FN:20,(anonymous_5)
FN:25,(anonymous_6)
FN:56,(anonymous_7)
FN:61,(anonymous_8)
FN:66,(anonymous_9)
FN:71,(anonymous_10)
FN:76,(anonymous_11)
FN:81,(anonymous_12)
FNF:9
FNH:0
FNDA:0,(anonymous_4)
FNDA:0,(anonymous_5)
FNDA:0,(anonymous_6)
FNDA:0,(anonymous_7)
FNDA:0,(anonymous_8)
FNDA:0,(anonymous_9)
FNDA:0,(anonymous_10)
FNDA:0,(anonymous_11)
FNDA:0,(anonymous_12)
DA:1,0
DA:11,0
DA:12,0
DA:13,0
DA:16,0
DA:17,0
DA:20,0
DA:21,0
DA:25,0
DA:34,0
DA:35,0
DA:38,0
DA:39,0
DA:42,0
DA:43,0
DA:45,0
DA:56,0
DA:57,0
DA:61,0
DA:62,0
DA:66,0
DA:67,0
DA:71,0
DA:72,0
DA:76,0
DA:77,0
DA:81,0
DA:82,0
LF:28
LH:0
BRDA:30,0,0,0
BRDA:31,1,0,0
BRDA:34,2,0,0
BRDA:34,2,1,0
BRDA:35,3,0,0
BRDA:35,3,1,0
BRDA:38,4,0,0
BRDA:38,4,1,0
BRDA:38,5,0,0
BRDA:38,5,1,0
BRDA:39,6,0,0
BRDA:39,6,1,0
BRDA:39,7,0,0
BRDA:39,7,1,0
BRDA:43,8,0,0
BRDA:43,8,1,0
BRDA:20,9,0,0
BRDA:20,9,1,0
BRDA:20,10,0,0
BRDA:20,10,1,0
BRDA:27,11,0,0
BRDA:27,11,1,0
BRDA:27,12,0,0
BRDA:27,12,1,0
BRDA:61,13,0,0
BRDA:61,13,1,0
BRDA:61,14,0,0
BRDA:61,14,1,0
BRDA:17,15,0,0
BRDA:17,15,1,0
BRDA:17,16,0,0
BRDA:17,16,1,0
BRF:32
BRH:0
end_of_record
TN:
SF:src/purchase/purchase-invoice.service.ts
FN:14,(anonymous_2)
FN:19,(anonymous_3)
FN:47,(anonymous_4)
FN:55,(anonymous_5)
FN:69,(anonymous_6)
FN:79,(anonymous_7)
FN:94,(anonymous_8)
FN:120,(anonymous_9)
FN:155,(anonymous_10)
FN:178,(anonymous_11)
FN:188,(anonymous_12)
FN:210,(anonymous_13)
FN:212,(anonymous_14)
FN:238,(anonymous_15)
FN:270,(anonymous_16)
FN:315,(anonymous_17)
FN:339,(anonymous_18)
FN:340,(anonymous_19)
FN:384,(anonymous_20)
FN:405,(anonymous_21)
FN:408,(anonymous_22)
FN:428,(anonymous_23)
FN:430,(anonymous_24)
FN:462,(anonymous_25)
FN:463,(anonymous_26)
FN:511,(anonymous_27)
FN:538,(anonymous_28)
FN:598,(anonymous_29)
FNF:28
FNH:0
FNDA:0,(anonymous_2)
FNDA:0,(anonymous_3)
FNDA:0,(anonymous_4)
FNDA:0,(anonymous_5)
FNDA:0,(anonymous_6)
FNDA:0,(anonymous_7)
FNDA:0,(anonymous_8)
FNDA:0,(anonymous_9)
FNDA:0,(anonymous_10)
FNDA:0,(anonymous_11)
FNDA:0,(anonymous_12)
FNDA:0,(anonymous_13)
FNDA:0,(anonymous_14)
FNDA:0,(anonymous_15)
FNDA:0,(anonymous_16)
FNDA:0,(anonymous_17)
FNDA:0,(anonymous_18)
FNDA:0,(anonymous_19)
FNDA:0,(anonymous_20)
FNDA:0,(anonymous_21)
FNDA:0,(anonymous_22)
FNDA:0,(anonymous_23)
FNDA:0,(anonymous_24)
FNDA:0,(anonymous_25)
FNDA:0,(anonymous_26)
FNDA:0,(anonymous_27)
FNDA:0,(anonymous_28)
FNDA:0,(anonymous_29)
DA:1,0
DA:6,0
DA:8,0
DA:9,0
DA:10,0
DA:13,0
DA:15,0
DA:16,0
DA:20,0
DA:46,0
DA:48,0
DA:49,0
DA:50,0
DA:53,0
DA:55,0
DA:70,0
DA:71,0
DA:73,0
DA:74,0
DA:75,0
DA:76,0
DA:79,0
DA:80,0
DA:81,0
DA:82,0
DA:93,0
DA:94,0
DA:97,0
DA:98,0
DA:99,0
DA:100,0
DA:103,0
DA:104,0
DA:110,0
DA:111,0
DA:112,0
DA:119,0
DA:120,0
DA:121,0
DA:122,0
DA:123,0
DA:124,0
DA:125,0
DA:126,0
DA:136,0
DA:154,0
DA:155,0
DA:156,0
DA:166,0
DA:169,0
DA:175,0
DA:179,0
DA:180,0
DA:182,0
DA:183,0
DA:184,0
DA:185,0
DA:188,0
DA:190,0
DA:195,0
DA:196,0
DA:201,0
DA:206,0
DA:209,0
DA:210,0
DA:212,0
DA:213,0
DA:224,0
DA:225,0
DA:226,0
DA:237,0
DA:238,0
DA:241,0
DA:242,0
DA:243,0
DA:244,0
DA:247,0
DA:248,0
DA:254,0
DA:255,0
DA:256,0
DA:264,0
DA:269,0
DA:270,0
DA:271,0
DA:272,0
DA:273,0
DA:274,0
DA:275,0
DA:276,0
DA:286,0
DA:312,0
DA:313,0
DA:316,0
DA:327,0
DA:330,0
DA:336,0
DA:340,0
DA:342,0
DA:346,0
DA:347,0
DA:348,0
DA:352,0
DA:356,0
DA:357,0
DA:361,0
DA:366,0
DA:367,0
DA:372,0
DA:375,0
DA:381,0
DA:385,0
DA:390,0
DA:391,0
DA:396,0
DA:402,0
DA:408,0
DA:410,0
DA:415,0
DA:416,0
DA:421,0
DA:426,0
DA:427,0
DA:428,0
DA:430,0
DA:431,0
DA:442,0
DA:446,0
DA:447,0
DA:453,0
DA:459,0
DA:463,0
DA:465,0
DA:470,0
DA:471,0
DA:476,0
DA:480,0
DA:481,0
DA:485,0
DA:486,0
DA:497,0
DA:501,0
DA:502,0
DA:506,0
DA:510,0
DA:511,0
DA:515,0
DA:520,0
DA:521,0
DA:526,0
DA:529,0
DA:535,0
DA:547,0
DA:556,0
DA:557,0
DA:563,0
DA:565,0
DA:567,0
DA:572,0
DA:585,0
DA:587,0
DA:599,0
DA:614,0
DA:615,0
LF:164
LH:0
BRDA:32,0,0,0
BRDA:32,0,1,0
BRDA:50,1,0,0
BRDA:50,1,1,0
BRDA:53,2,0,0
BRDA:53,2,1,0
BRDA:74,3,0,0
BRDA:74,3,1,0
BRDA:75,4,0,0
BRDA:75,4,1,0
BRDA:80,5,0,0
BRDA:80,5,1,0
BRDA:99,6,0,0
BRDA:99,6,1,0
BRDA:103,7,0,0
BRDA:103,7,1,0
BRDA:111,8,0,0
BRDA:111,8,1,0
BRDA:122,9,0,0
BRDA:122,9,1,0
BRDA:183,10,0,0
BRDA:183,10,1,0
BRDA:184,11,0,0
BRDA:184,11,1,0
BRDA:195,12,0,0
BRDA:195,12,1,0
BRDA:206,13,0,0
BRDA:206,13,1,0
BRDA:224,14,0,0
BRDA:224,14,1,0
BRDA:243,15,0,0
BRDA:243,15,1,0
BRDA:247,16,0,0
BRDA:247,16,1,0
BRDA:255,17,0,0
BRDA:255,17,1,0
BRDA:272,18,0,0
BRDA:272,18,1,0
BRDA:346,19,0,0
BRDA:346,19,1,0
BRDA:347,20,0,0
BRDA:347,20,1,0
BRDA:356,21,0,0
BRDA:356,21,1,0
BRDA:366,22,0,0
BRDA:366,22,1,0
BRDA:390,23,0,0
BRDA:390,23,1,0
BRDA:415,24,0,0
BRDA:415,24,1,0
BRDA:426,25,0,0
BRDA:426,25,1,0
BRDA:446,26,0,0
BRDA:446,26,1,0
BRDA:470,27,0,0
BRDA:470,27,1,0
BRDA:480,28,0,0
BRDA:480,28,1,0
BRDA:480,29,0,0
BRDA:480,29,1,0
BRDA:485,30,0,0
BRDA:485,30,1,0
BRDA:501,31,0,0
BRDA:501,31,1,0
BRDA:520,32,0,0
BRDA:520,32,1,0
BRDA:541,33,0,0
BRDA:542,34,0,0
BRDA:543,35,0,0
BRDA:544,36,0,0
BRDA:556,37,0,0
BRDA:556,37,1,0
BRDA:563,38,0,0
BRDA:563,38,1,0
BRDA:568,39,0,0
BRDA:568,39,1,0
BRDA:569,40,0,0
BRDA:569,40,1,0
BRDA:614,41,0,0
BRDA:614,41,1,0
BRDA:15,42,0,0
BRDA:15,42,1,0
BRDA:15,43,0,0
BRDA:15,43,1,0
BRDA:15,44,0,0
BRDA:15,44,1,0
BRDA:15,45,0,0
BRDA:15,45,1,0
BRF:88
BRH:0
end_of_record
TN:
SF:src/purchase/purchase.controller.ts
FN:24,(anonymous_4)
FN:27,(anonymous_5)
FN:38,(anonymous_6)
FN:90,(anonymous_7)
FN:152,(anonymous_8)
FN:157,(anonymous_9)
FN:162,(anonymous_10)
FN:170,(anonymous_11)
FN:179,(anonymous_12)
FNF:9
FNH:0
FNDA:0,(anonymous_4)
FNDA:0,(anonymous_5)
FNDA:0,(anonymous_6)
FNDA:0,(anonymous_7)
FNDA:0,(anonymous_8)
FNDA:0,(anonymous_9)
FNDA:0,(anonymous_10)
FNDA:0,(anonymous_11)
FNDA:0,(anonymous_12)
DA:1,0
DA:13,0
DA:14,0
DA:15,0
DA:16,0
DA:17,0
DA:18,0
DA:19,0
DA:23,0
DA:24,0
DA:27,0
DA:30,0
DA:38,0
DA:42,0
DA:46,0
DA:47,0
DA:49,0
DA:90,0
DA:98,0
DA:99,0
DA:100,0
DA:102,0
DA:103,0
DA:104,0
DA:106,0
DA:107,0
DA:109,0
DA:110,0
DA:117,0
DA:118,0
DA:123,0
DA:124,0
DA:133,0
DA:135,0
DA:136,0
DA:137,0
DA:148,0
DA:152,0
DA:153,0
DA:157,0
DA:158,0
DA:162,0
DA:166,0
DA:170,0
DA:175,0
DA:179,0
DA:183,0
LF:47
LH:0
BRDA:46,0,0,0
BRDA:46,0,1,0
BRDA:99,1,0,0
BRDA:99,1,1,0
BRDA:100,2,0,0
BRDA:100,2,1,0
BRDA:102,3,0,0
BRDA:102,3,1,0
BRDA:103,4,0,0
BRDA:103,4,1,0
BRDA:103,5,0,0
BRDA:103,5,1,0
BRDA:106,6,0,0
BRDA:106,6,1,0
BRDA:106,7,0,0
BRDA:106,7,1,0
BRDA:109,8,0,0
BRDA:109,8,1,0
BRDA:113,9,0,0
BRDA:113,9,1,0
BRDA:117,10,0,0
BRDA:117,10,1,0
BRDA:117,11,0,0
BRDA:117,11,1,0
BRDA:117,11,2,0
BRDA:123,12,0,0
BRDA:123,12,1,0
BRDA:141,13,0,0
BRDA:141,13,1,0
BRDA:142,14,0,0
BRDA:142,14,1,0
BRDA:143,15,0,0
BRDA:143,15,1,0
BRDA:28,16,0,0
BRDA:28,16,1,0
BRDA:28,17,0,0
BRDA:28,17,1,0
BRDA:40,18,0,0
BRDA:40,18,1,0
BRDA:40,19,0,0
BRDA:40,19,1,0
BRDA:164,20,0,0
BRDA:164,20,1,0
BRDA:164,21,0,0
BRDA:164,21,1,0
BRDA:173,22,0,0
BRDA:173,22,1,0
BRDA:173,23,0,0
BRDA:173,23,1,0
BRDA:24,24,0,0
BRDA:24,24,1,0
BRDA:24,25,0,0
BRDA:24,25,1,0
BRF:53
BRH:0
end_of_record
TN:
SF:src/purchase/purchase.module.ts
FNF:0
FNH:0
DA:1,0
DA:2,0
DA:3,0
DA:4,0
DA:5,0
DA:6,0
DA:7,0
DA:8,0
DA:9,0
DA:20,0
LF:10
LH:0
BRF:0
BRH:0
end_of_record
TN:
SF:src/purchase/purchase.service.ts
FN:24,(anonymous_2)
FN:29,(anonymous_3)
FN:36,(anonymous_4)
FN:44,(anonymous_5)
FN:46,(anonymous_6)
FN:63,(anonymous_7)
FN:73,(anonymous_8)
FN:80,(anonymous_9)
FN:88,(anonymous_10)
FN:91,(anonymous_11)
FN:105,(anonymous_12)
FN:119,(anonymous_13)
FN:124,(anonymous_14)
FN:165,(anonymous_15)
FN:170,(anonymous_16)
FN:187,(anonymous_17)
FN:191,(anonymous_18)
FN:231,(anonymous_19)
FN:262,(anonymous_20)
FN:265,(anonymous_21)
FN:292,(anonymous_22)
FN:313,(anonymous_23)
FN:320,(anonymous_24)
FN:328,(anonymous_25)
FN:331,(anonymous_26)
FN:340,(anonymous_27)
FN:350,(anonymous_28)
FN:353,(anonymous_29)
FN:395,(anonymous_30)
FN:406,(anonymous_31)
FN:428,(anonymous_32)
FN:462,(anonymous_33)
FN:469,(anonymous_34)
FN:480,(anonymous_35)
FN:517,(anonymous_36)
FN:560,(anonymous_37)
FN:572,(anonymous_38)
FN:573,(anonymous_39)
FN:596,(anonymous_40)
FN:604,(anonymous_41)
FNF:40
FNH:21
FNDA:13,(anonymous_2)
FNDA:2,(anonymous_3)
FNDA:0,(anonymous_4)
FNDA:0,(anonymous_5)
FNDA:0,(anonymous_6)
FNDA:4,(anonymous_7)
FNDA:3,(anonymous_8)
FNDA:3,(anonymous_9)
FNDA:3,(anonymous_10)
FNDA:1,(anonymous_11)
FNDA:2,(anonymous_12)
FNDA:1,(anonymous_13)
FNDA:1,(anonymous_14)
FNDA:1,(anonymous_15)
FNDA:1,(anonymous_16)
FNDA:1,(anonymous_17)
FNDA:0,(anonymous_18)
FNDA:1,(anonymous_19)
FNDA:1,(anonymous_20)
FNDA:1,(anonymous_21)
FNDA:0,(anonymous_22)
FNDA:0,(anonymous_23)
FNDA:0,(anonymous_24)
FNDA:0,(anonymous_25)
FNDA:0,(anonymous_26)
FNDA:0,(anonymous_27)
FNDA:0,(anonymous_28)
FNDA:0,(anonymous_29)
FNDA:0,(anonymous_30)
FNDA:0,(anonymous_31)
FNDA:0,(anonymous_32)
FNDA:0,(anonymous_33)
FNDA:0,(anonymous_34)
FNDA:0,(anonymous_35)
FNDA:3,(anonymous_36)
FNDA:0,(anonymous_37)
FNDA:4,(anonymous_38)
FNDA:4,(anonymous_39)
FNDA:3,(anonymous_40)
FNDA:2,(anonymous_41)
DA:1,1
DA:2,1
DA:7,1
DA:8,1
DA:9,1
DA:11,1
DA:23,1
DA:25,13
DA:26,13
DA:30,2
DA:31,2
DA:40,0
DA:41,0
DA:44,0
DA:45,0
DA:46,0
DA:49,0
DA:51,0
DA:52,0
DA:53,0
DA:54,0
DA:57,0
DA:67,4
DA:71,4
DA:73,3
DA:74,3
DA:79,3
DA:80,3
DA:81,3
DA:82,0
DA:86,3
DA:88,3
DA:90,1
DA:91,1
DA:93,1
DA:99,2
DA:105,2
DA:116,2
DA:123,1
DA:124,1
DA:125,1
DA:129,1
DA:131,1
DA:134,1
DA:135,0
DA:145,1
DA:153,1
DA:154,0
DA:165,1
DA:166,1
DA:169,1
DA:170,1
DA:174,1
DA:179,1
DA:180,1
DA:181,0
DA:186,1
DA:187,1
DA:189,1
DA:190,0
DA:191,0
DA:193,0
DA:198,1
DA:199,1
DA:200,0
DA:202,1
DA:210,1
DA:214,1
DA:215,1
DA:216,1
DA:217,0
DA:221,1
DA:222,0
DA:229,1
DA:232,1
DA:238,1
DA:254,1
DA:259,1
DA:261,1
DA:262,1
DA:264,1
DA:265,1
DA:267,1
DA:269,1
DA:270,1
DA:272,1
DA:273,0
DA:279,1
DA:282,1
DA:284,0
DA:285,0
DA:286,0
DA:287,0
DA:288,0
DA:296,0
DA:300,0
DA:303,0
DA:304,0
DA:305,0
DA:306,0
DA:310,0
DA:313,0
DA:314,0
DA:319,0
DA:320,0
DA:321,0
DA:322,0
DA:326,0
DA:328,0
DA:330,0
DA:331,0
DA:333,0
DA:339,0
DA:340,0
DA:342,0
DA:343,0
DA:350,0
DA:352,0
DA:354,0
DA:367,0
DA:371,0
DA:374,0
DA:380,0
DA:392,0
DA:400,0
DA:404,0
DA:406,0
DA:407,0
DA:408,0
DA:411,0
DA:415,0
DA:421,0
DA:422,0
DA:423,0
DA:424,0
DA:425,0
DA:428,0
DA:429,0
DA:435,0
DA:439,0
DA:442,0
DA:447,0
DA:459,0
DA:463,0
DA:467,0
DA:469,0
DA:470,0
DA:471,0
DA:473,0
DA:474,0
DA:480,0
DA:481,0
DA:486,0
DA:490,0
DA:493,0
DA:498,0
DA:510,0
DA:520,3
DA:525,0
DA:534,0
DA:537,3
DA:538,3
DA:539,3
DA:541,3
DA:542,1
DA:553,3
DA:561,0
DA:573,4
DA:574,4
DA:585,4
DA:586,0
DA:589,4
DA:590,1
DA:595,3
DA:596,3
DA:598,3
DA:599,1
DA:604,2
DA:606,2
DA:610,2
DA:612,2
DA:613,1
DA:618,1
DA:622,1
DA:627,1
LF:185
LH:91
BRDA:40,0,0,0
BRDA:40,0,1,0
BRDA:51,1,0,0
BRDA:51,1,1,0
BRDA:53,2,0,0
BRDA:53,2,1,0
BRDA:57,3,0,0
BRDA:57,3,1,0
BRDA:71,4,0,1
BRDA:71,4,1,3
BRDA:81,5,0,0
BRDA:81,5,1,3
BRDA:86,6,0,1
BRDA:86,6,1,2
BRDA:87,7,0,3
BRDA:87,7,1,3
BRDA:129,8,0,0
BRDA:129,8,1,1
BRDA:134,9,0,0
BRDA:134,9,1,1
BRDA:153,10,0,0
BRDA:153,10,1,1
BRDA:180,11,0,0
BRDA:180,11,1,1
BRDA:189,12,0,0
BRDA:189,12,1,1
BRDA:199,13,0,0
BRDA:199,13,1,1
BRDA:216,14,0,0
BRDA:216,14,1,1
BRDA:221,15,0,0
BRDA:221,15,1,1
BRDA:259,16,0,0
BRDA:259,16,1,1
BRDA:269,17,0,0
BRDA:269,17,1,1
BRDA:270,18,0,0
BRDA:270,18,1,1
BRDA:272,19,0,0
BRDA:272,19,1,1
BRDA:300,20,0,0
BRDA:300,20,1,0
BRDA:305,21,0,0
BRDA:305,21,1,0
BRDA:321,22,0,0
BRDA:321,22,1,0
BRDA:326,23,0,0
BRDA:326,23,1,0
BRDA:327,24,0,0
BRDA:327,24,1,0
BRDA:342,25,0,0
BRDA:342,25,1,0
BRDA:371,26,0,0
BRDA:371,26,1,0
BRDA:404,27,0,0
BRDA:404,27,1,0
BRDA:407,28,0,0
BRDA:407,28,1,0
BRDA:411,29,0,0
BRDA:411,29,1,0
BRDA:412,30,0,0
BRDA:412,30,1,0
BRDA:422,31,0,0
BRDA:422,31,1,0
BRDA:424,32,0,0
BRDA:424,32,1,0
BRDA:439,33,0,0
BRDA:439,33,1,0
BRDA:467,34,0,0
BRDA:467,34,1,0
BRDA:470,35,0,0
BRDA:470,35,1,0
BRDA:473,36,0,0
BRDA:473,36,1,0
BRDA:490,37,0,0
BRDA:490,37,1,0
BRDA:520,38,0,0
BRDA:520,38,1,3
BRDA:521,39,0,3
BRDA:521,39,1,2
BRDA:521,39,2,0
BRDA:521,39,3,0
BRDA:521,39,4,0
BRDA:539,40,0,3
BRDA:539,40,1,1
BRDA:541,41,0,1
BRDA:541,41,1,2
BRDA:585,42,0,0
BRDA:585,42,1,4
BRDA:589,43,0,1
BRDA:589,43,1,3
BRDA:598,44,0,1
BRDA:598,44,1,2
BRDA:606,45,0,0
BRDA:606,45,1,2
BRDA:608,46,0,2
BRDA:608,46,1,2
BRDA:610,47,0,2
BRDA:610,47,1,2
BRDA:612,48,0,1
BRDA:612,48,1,1
BRDA:25,49,0,1
BRDA:25,49,1,0
BRDA:25,50,0,1
BRDA:25,50,1,1
BRDA:25,51,0,1
BRDA:25,51,1,0
BRDA:25,52,0,1
BRDA:25,52,1,1
BRF:109
BRH:44
end_of_record
TN:
SF:src/purchase/vendor-unbilled.controller.ts
FN:7,(anonymous_4)
FN:11,(anonymous_5)
FNF:2
FNH:0
FNDA:0,(anonymous_4)
FNDA:0,(anonymous_5)
DA:1,0
DA:2,0
DA:3,0
DA:6,0
DA:7,0
DA:11,0
DA:15,0
LF:7
LH:0
BRDA:7,0,0,0
BRDA:7,0,1,0
BRDA:7,1,0,0
BRDA:7,1,1,0
BRF:4
BRH:0
end_of_record
TN:
SF:src/purchase/dto/add-purchase-order-items.dto.ts
FN:8,(anonymous_2)
FNF:1
FNH:0
FNDA:0,(anonymous_2)
DA:1,0
DA:2,0
DA:3,0
DA:5,0
DA:8,0
DA:9,0
LF:6
LH:0
BRF:0
BRH:0
end_of_record
TN:
SF:src/purchase/dto/create-purchase-invoice.dto.ts
FN:58,(anonymous_2)
FNF:1
FNH:0
FNDA:0,(anonymous_2)
DA:1,0
DA:13,0
DA:15,0
DA:18,0
DA:22,0
DA:26,0
DA:30,0
DA:36,0
DA:39,0
DA:42,0
DA:46,0
DA:50,0
DA:54,0
DA:58,0
DA:59,0
LF:15
LH:0
BRF:0
BRH:0
end_of_record
TN:
SF:src/purchase/dto/create-purchase-order.dto.ts
FN:30,(anonymous_2)
FNF:1
FNH:0
FNDA:0,(anonymous_2)
DA:1,0
DA:9,0
DA:11,0
DA:14,0
DA:17,0
DA:20,0
DA:23,0
DA:26,0
DA:30,0
DA:31,0
LF:10
LH:0
BRF:0
BRH:0
end_of_record
TN:
SF:src/purchase/dto/receive-items.dto.ts
FN:27,(anonymous_2)
FNF:1
FNH:0
FNDA:0,(anonymous_2)
DA:1,0
DA:9,0
DA:11,0
DA:14,0
DA:17,0
DA:21,0
DA:24,0
DA:27,0
DA:28,0
LF:9
LH:0
BRF:0
BRH:0
end_of_record
TN:
SF:src/purchase/dto/update-purchase-order-item.dto.ts
FNF:0
FNH:0
DA:1,0
DA:3,0
DA:6,0
DA:10,0
LF:4
LH:0
BRF:0
BRH:0
end_of_record
TN:
SF:src/sales/sales.controller.ts
FN:7,(anonymous_4)
FN:10,(anonymous_5)
FN:15,(anonymous_6)
FN:20,(anonymous_7)
FN:25,(anonymous_8)
FNF:5
FNH:0
FNDA:0,(anonymous_4)
FNDA:0,(anonymous_5)
FNDA:0,(anonymous_6)
FNDA:0,(anonymous_7)
FNDA:0,(anonymous_8)
DA:1,0
DA:2,0
DA:3,0
DA:6,0
DA:7,0
DA:10,0
DA:11,0
DA:15,0
DA:16,0
DA:20,0
DA:21,0
DA:25,0
DA:26,0
LF:13
LH:0
BRDA:10,0,0,0
BRDA:10,0,1,0
BRDA:10,1,0,0
BRDA:10,1,1,0
BRDA:7,2,0,0
BRDA:7,2,1,0
BRDA:7,3,0,0
BRDA:7,3,1,0
BRF:8
BRH:0
end_of_record
TN:
SF:src/sales/sales.module.ts
FNF:0
FNH:0
DA:1,0
DA:2,0
DA:3,0
DA:4,0
DA:11,0
LF:5
LH:0
BRF:0
BRH:0
end_of_record
TN:
SF:src/sales/sales.service.ts
FN:18,(anonymous_2)
FN:23,(anonymous_3)
FN:90,(anonymous_4)
FN:108,(anonymous_5)
FN:202,(anonymous_6)
FN:218,(anonymous_7)
FN:225,(anonymous_8)
FNF:7
FNH:0
FNDA:0,(anonymous_2)
FNDA:0,(anonymous_3)
FNDA:0,(anonymous_4)
FNDA:0,(anonymous_5)
FNDA:0,(anonymous_6)
FNDA:0,(anonymous_7)
FNDA:0,(anonymous_8)
DA:1,0
DA:6,0
DA:7,0
DA:9,0
DA:17,0
DA:19,0
DA:20,0
DA:24,0
DA:27,0
DA:28,0
DA:31,0
DA:33,0
DA:34,0
DA:35,0
DA:37,0
DA:38,0
DA:43,0
DA:44,0
DA:45,0
DA:49,0
DA:50,0
DA:51,0
DA:52,0
DA:54,0
DA:64,0
DA:65,0
DA:66,0
DA:68,0
DA:91,0
DA:96,0
DA:97,0
DA:100,0
DA:101,0
DA:105,0
DA:108,0
DA:110,0
DA:113,0
DA:114,0
DA:116,0
DA:120,0
DA:121,0
DA:126,0
DA:127,0
DA:130,0
DA:141,0
DA:142,0
DA:148,0
DA:161,0
DA:170,0
DA:171,0
DA:176,0
DA:177,0
DA:180,0
DA:186,0
DA:187,0
DA:192,0
DA:198,0
DA:205,0
DA:206,0
DA:209,0
DA:215,0
DA:219,0
DA:226,0
DA:231,0
DA:232,0
DA:234,0
LF:66
LH:0
BRDA:37,0,0,0
BRDA:37,0,1,0
BRDA:43,1,0,0
BRDA:43,1,1,0
BRDA:96,2,0,0
BRDA:96,2,1,0
BRDA:100,3,0,0
BRDA:100,3,1,0
BRDA:114,4,0,0
BRDA:114,4,1,0
BRDA:120,5,0,0
BRDA:120,5,1,0
BRDA:141,6,0,0
BRDA:141,6,1,0
BRDA:170,7,0,0
BRDA:170,7,1,0
BRDA:176,8,0,0
BRDA:176,8,1,0
BRDA:186,9,0,0
BRDA:186,9,1,0
BRDA:231,10,0,0
BRDA:231,10,1,0
BRDA:19,11,0,0
BRDA:19,11,1,0
BRDA:19,12,0,0
BRDA:19,12,1,0
BRDA:19,13,0,0
BRDA:19,13,1,0
BRDA:19,14,0,0
BRDA:19,14,1,0
BRF:30
BRH:0
end_of_record
TN:
SF:src/sales/dto/create-invoice.dto.ts
FN:53,(anonymous_2)
FNF:1
FNH:0
FNDA:0,(anonymous_2)
DA:1,0
DA:10,0
DA:12,0
DA:15,0
DA:19,0
DA:23,0
DA:27,0
DA:31,0
DA:34,0
DA:37,0
DA:41,0
DA:45,0
DA:49,0
DA:53,0
DA:54,0
LF:15
LH:0
BRF:0
BRH:0
end_of_record
TN:
SF:src/sales/sales-order/sales-order.controller.ts
FN:20,(anonymous_4)
FN:23,(anonymous_5)
FN:53,(anonymous_6)
FN:124,(anonymous_7)
FN:129,(anonymous_8)
FN:134,(anonymous_9)
FN:139,(anonymous_10)
FNF:7
FNH:0
FNDA:0,(anonymous_4)
FNDA:0,(anonymous_5)
FNDA:0,(anonymous_6)
FNDA:0,(anonymous_7)
FNDA:0,(anonymous_8)
FNDA:0,(anonymous_9)
FNDA:0,(anonymous_10)
DA:1,0
DA:11,0
DA:12,0
DA:13,0
DA:14,0
DA:15,0
DA:16,0
DA:19,0
DA:20,0
DA:23,0
DA:24,0
DA:53,0
DA:61,0
DA:62,0
DA:63,0
DA:65,0
DA:66,0
DA:68,0
DA:69,0
DA:71,0
DA:72,0
DA:73,0
DA:81,0
DA:82,0
DA:91,0
DA:99,0
DA:105,0
DA:110,0
DA:112,0
DA:124,0
DA:125,0
DA:129,0
DA:130,0
DA:134,0
DA:135,0
DA:139,0
DA:140,0
LF:37
LH:0
BRDA:62,0,0,0
BRDA:62,0,1,0
BRDA:63,1,0,0
BRDA:63,1,1,0
BRDA:65,2,0,0
BRDA:65,2,1,0
BRDA:65,3,0,0
BRDA:65,3,1,0
BRDA:68,4,0,0
BRDA:68,4,1,0
BRDA:68,5,0,0
BRDA:68,5,1,0
BRDA:71,6,0,0
BRDA:71,6,1,0
BRDA:72,7,0,0
BRDA:72,7,1,0
BRDA:76,8,0,0
BRDA:76,8,1,0
BRDA:81,9,0,0
BRDA:81,9,1,0
BRDA:116,10,0,0
BRDA:116,10,1,0
BRDA:117,11,0,0
BRDA:117,11,1,0
BRDA:118,12,0,0
BRDA:118,12,1,0
BRDA:23,13,0,0
BRDA:23,13,1,0
BRDA:23,14,0,0
BRDA:23,14,1,0
BRDA:54,15,0,0
BRDA:54,15,1,0
BRDA:54,16,0,0
BRDA:54,16,1,0
BRDA:129,17,0,0
BRDA:129,17,1,0
BRDA:129,18,0,0
BRDA:129,18,1,0
BRDA:20,19,0,0
BRDA:20,19,1,0
BRDA:20,20,0,0
BRDA:20,20,1,0
BRF:42
BRH:0
end_of_record
TN:
SF:src/sales/sales-order/sales-order.module.ts
FNF:0
FNH:0
DA:1,0
DA:2,0
DA:3,0
DA:4,0
DA:5,0
DA:13,0
LF:6
LH:0
BRF:0
BRH:0
end_of_record
TN:
SF:src/sales/sales-order/sales-order.service.ts
FN:15,(anonymous_4)
FN:20,(anonymous_5)
FN:29,(anonymous_6)
FN:44,(anonymous_7)
FN:70,(anonymous_8)
FN:102,(anonymous_9)
FN:120,(anonymous_10)
FN:134,(anonymous_11)
FN:149,(anonymous_12)
FN:175,(anonymous_13)
FN:189,(anonymous_14)
FN:210,(anonymous_15)
FN:249,(anonymous_16)
FNF:13
FNH:2
FNDA:2,(anonymous_4)
FNDA:0,(anonymous_5)
FNDA:0,(anonymous_6)
FNDA:0,(anonymous_7)
FNDA:0,(anonymous_8)
FNDA:0,(anonymous_9)
FNDA:0,(anonymous_10)
FNDA:0,(anonymous_11)
FNDA:0,(anonymous_12)
FNDA:0,(anonymous_13)
FNDA:0,(anonymous_14)
FNDA:0,(anonymous_15)
FNDA:2,(anonymous_16)
DA:1,1
DA:7,1
DA:10,1
DA:11,1
DA:14,1
DA:16,2
DA:17,2
DA:22,0
DA:26,0
DA:29,0
DA:30,0
DA:31,0
DA:32,0
DA:33,0
DA:43,0
DA:44,0
DA:48,0
DA:67,0
DA:72,0
DA:76,0
DA:87,0
DA:90,0
DA:91,0
DA:103,0
DA:116,0
DA:117,0
DA:121,0
DA:124,0
DA:125,0
DA:127,0
DA:134,0
DA:135,0
DA:136,0
DA:137,0
DA:138,0
DA:148,0
DA:149,0
DA:153,0
DA:159,0
DA:172,0
DA:177,0
DA:179,0
DA:181,0
DA:182,0
DA:186,0
DA:187,0
DA:189,0
DA:190,0
DA:191,0
DA:193,0
DA:194,0
DA:196,0
DA:207,0
DA:210,0
DA:211,0
DA:212,0
DA:229,0
DA:234,0
DA:236,0
DA:240,0
DA:242,0
DA:246,0
DA:250,2
DA:258,2
DA:259,1
DA:264,1
LF:66
LH:11
BRDA:38,0,0,0
BRDA:38,0,1,0
BRDA:72,1,0,0
BRDA:72,1,1,0
BRDA:73,2,0,0
BRDA:73,2,1,0
BRDA:73,2,2,0
BRDA:73,2,3,0
BRDA:92,3,0,0
BRDA:92,3,1,0
BRDA:116,4,0,0
BRDA:116,4,1,0
BRDA:127,5,0,0
BRDA:127,5,1,0
BRDA:143,6,0,0
BRDA:143,6,1,0
BRDA:181,7,0,0
BRDA:181,7,1,0
BRDA:236,8,0,0
BRDA:236,8,1,0
BRDA:237,9,0,0
BRDA:237,9,1,0
BRDA:258,10,0,1
BRDA:258,10,1,1
BRDA:16,11,0,1
BRDA:16,11,1,0
BRDA:16,12,0,1
BRDA:16,12,1,1
BRDA:16,13,0,1
BRDA:16,13,1,0
BRDA:16,14,0,1
BRDA:16,14,1,1
BRF:32
BRH:8
end_of_record
TN:
SF:src/sales/sales-order/dto/create-sales-order.dto.ts
FN:45,(anonymous_2)
FNF:1
FNH:0
FNDA:0,(anonymous_2)
DA:1,0
DA:2,0
DA:12,0
DA:15,0
DA:18,0
DA:21,0
DA:24,0
DA:28,0
DA:31,0
DA:33,0
DA:37,0
DA:41,0
DA:45,0
DA:46,0
LF:14
LH:0
BRF:0
BRH:0
end_of_record
TN:
SF:src/sales/sales-order/dto/update-sales-order.dto.ts
FNF:0
FNH:0
DA:1,0
DA:2,0
DA:3,0
DA:4,0
DA:6,0
DA:9,0
LF:6
LH:0
BRDA:9,0,0,0
BRDA:9,0,1,0
BRDA:9,1,0,0
BRDA:9,1,1,0
BRF:4
BRH:0
end_of_record
TN:
SF:src/vehicle/vehicle.controller.ts
FN:16,(anonymous_4)
FN:36,(anonymous_5)
FN:74,(anonymous_6)
FN:79,(anonymous_7)
FNF:4
FNH:0
FNDA:0,(anonymous_4)
FNDA:0,(anonymous_5)
FNDA:0,(anonymous_6)
FNDA:0,(anonymous_7)
DA:1,0
DA:10,0
DA:11,0
DA:12,0
DA:15,0
DA:16,0
DA:36,0
DA:43,0
DA:45,0
DA:48,0
DA:51,0
DA:55,0
DA:56,0
DA:60,0
DA:61,0
DA:64,0
DA:74,0
DA:75,0
DA:79,0
DA:80,0
LF:20
LH:0
BRDA:45,0,0,0
BRDA:45,0,1,0
BRDA:45,0,2,0
BRDA:48,1,0,0
BRDA:48,1,1,0
BRDA:48,1,2,0
BRDA:51,2,0,0
BRDA:51,2,1,0
BRDA:51,2,2,0
BRDA:55,3,0,0
BRDA:55,3,1,0
BRDA:55,4,0,0
BRDA:55,4,1,0
BRDA:60,5,0,0
BRDA:60,5,1,0
BRDA:66,6,0,0
BRDA:66,6,1,0
BRDA:67,7,0,0
BRDA:67,7,1,0
BRDA:69,8,0,0
BRDA:69,8,1,0
BRDA:79,9,0,0
BRDA:79,9,1,0
BRDA:79,10,0,0
BRDA:79,10,1,0
BRDA:16,11,0,0
BRDA:16,11,1,0
BRDA:16,12,0,0
BRDA:16,12,1,0
BRF:29
BRH:0
end_of_record
TN:
SF:src/vehicle/vehicle.module.ts
FNF:0
FNH:0
DA:1,0
DA:2,0
DA:3,0
DA:4,0
DA:11,0
LF:5
LH:0
BRF:0
BRH:0
end_of_record
TN:
SF:src/vehicle/vehicle.service.ts
FN:12,(anonymous_2)
FN:14,(anonymous_3)
FN:101,(anonymous_4)
FN:142,(anonymous_5)
FNF:4
FNH:0
FNDA:0,(anonymous_2)
FNDA:0,(anonymous_3)
FNDA:0,(anonymous_4)
FNDA:0,(anonymous_5)
DA:1,0
DA:6,0
DA:7,0
DA:11,0
DA:12,0
DA:21,0
DA:23,0
DA:24,0
DA:25,0
DA:27,0
DA:60,0
DA:61,0
DA:65,0
DA:66,0
DA:67,0
DA:68,0
DA:69,0
DA:70,0
DA:71,0
DA:72,0
DA:73,0
DA:74,0
DA:75,0
DA:76,0
DA:79,0
DA:90,0
DA:102,0
DA:135,0
DA:136,0
DA:139,0
DA:143,0
DA:148,0
DA:149,0
DA:152,0
DA:153,0
DA:158,0
DA:159,0
DA:165,0
DA:166,0
DA:175,0
DA:176,0
DA:182,0
DA:184,0
DA:188,0
DA:190,0
DA:194,0
DA:195,0
DA:196,0
DA:202,0
LF:49
LH:0
BRDA:21,0,0,0
BRDA:21,0,1,0
BRDA:21,1,0,0
BRDA:21,1,1,0
BRDA:23,2,0,0
BRDA:23,2,1,0
BRDA:23,3,0,0
BRDA:23,3,1,0
BRDA:25,4,0,0
BRDA:25,4,1,0
BRDA:27,5,0,0
BRDA:27,5,1,0
BRDA:60,6,0,0
BRDA:60,6,1,0
BRDA:65,7,0,0
BRDA:65,7,1,0
BRDA:67,8,0,0
BRDA:67,8,1,0
BRDA:69,9,0,0
BRDA:69,9,1,0
BRDA:71,10,0,0
BRDA:71,10,1,0
BRDA:73,11,0,0
BRDA:73,11,1,0
BRDA:75,12,0,0
BRDA:75,12,1,0
BRDA:135,13,0,0
BRDA:135,13,1,0
BRDA:148,14,0,0
BRDA:148,14,1,0
BRDA:152,15,0,0
BRDA:152,15,1,0
BRDA:158,16,0,0
BRDA:158,16,1,0
BRDA:168,17,0,0
BRDA:168,17,1,0
BRDA:169,18,0,0
BRDA:169,18,1,0
BRDA:184,19,0,0
BRDA:184,19,1,0
BRDA:185,20,0,0
BRDA:185,20,1,0
BRDA:190,21,0,0
BRDA:190,21,1,0
BRDA:191,22,0,0
BRDA:191,22,1,0
BRDA:195,23,0,0
BRDA:195,23,1,0
BRDA:197,24,0,0
BRDA:197,24,1,0
BRDA:12,25,0,0
BRDA:12,25,1,0
BRDA:12,26,0,0
BRDA:12,26,1,0
BRF:54
BRH:0
end_of_record
TN:
SF:src/vehicle/dto/update-vehicle.dto.ts
FNF:0
FNH:0
DA:1,0
DA:2,0
DA:4,0
DA:8,0
DA:13,0
DA:20,0
DA:25,0
DA:30,0
DA:35,0
DA:45,0
LF:10
LH:0
BRF:0
BRH:0
end_of_record
TN:
SF:src/vendor/vendor.controller.ts
FN:19,(anonymous_4)
FN:22,(anonymous_5)
FN:44,(anonymous_6)
FN:95,(anonymous_7)
FN:100,(anonymous_8)
FN:114,(anonymous_9)
FNF:6
FNH:0
FNDA:0,(anonymous_4)
FNDA:0,(anonymous_5)
FNDA:0,(anonymous_6)
FNDA:0,(anonymous_7)
FNDA:0,(anonymous_8)
FNDA:0,(anonymous_9)
DA:1,0
DA:11,0
DA:12,0
DA:13,0
DA:14,0
DA:15,0
DA:18,0
DA:19,0
DA:22,0
DA:23,0
DA:44,0
DA:51,0
DA:52,0
DA:53,0
DA:55,0
DA:56,0
DA:57,0
DA:59,0
DA:60,0
DA:62,0
DA:63,0
DA:71,0
DA:72,0
DA:73,0
DA:74,0
DA:79,0
DA:80,0
DA:91,0
DA:95,0
DA:96,0
DA:100,0
DA:104,0
DA:114,0
DA:115,0
LF:34
LH:0
BRDA:52,0,0,0
BRDA:52,0,1,0
BRDA:53,1,0,0
BRDA:53,1,1,0
BRDA:55,2,0,0
BRDA:55,2,1,0
BRDA:56,3,0,0
BRDA:56,3,1,0
BRDA:56,4,0,0
BRDA:56,4,1,0
BRDA:59,5,0,0
BRDA:59,5,1,0
BRDA:59,6,0,0
BRDA:59,6,1,0
BRDA:62,7,0,0
BRDA:62,7,1,0
BRDA:66,8,0,0
BRDA:66,8,1,0
BRDA:71,9,0,0
BRDA:71,9,1,0
BRDA:84,10,0,0
BRDA:84,10,1,0
BRDA:85,11,0,0
BRDA:85,11,1,0
BRDA:86,12,0,0
BRDA:86,12,1,0
BRDA:22,13,0,0
BRDA:22,13,1,0
BRDA:22,14,0,0
BRDA:22,14,1,0
BRDA:102,15,0,0
BRDA:102,15,1,0
BRDA:102,16,0,0
BRDA:102,16,1,0
BRDA:19,17,0,0
BRDA:19,17,1,0
BRDA:19,18,0,0
BRDA:19,18,1,0
BRF:38
BRH:0
end_of_record
TN:
SF:src/vendor/vendor.module.ts
FNF:0
FNH:0
DA:1,0
DA:2,0
DA:3,0
DA:4,0
DA:11,0
LF:5
LH:0
BRF:0
BRH:0
end_of_record
TN:
SF:src/vendor/vendor.service.ts
FN:11,(anonymous_2)
FN:13,(anonymous_3)
FN:26,(anonymous_4)
FN:38,(anonymous_5)
FN:64,(anonymous_6)
FN:92,(anonymous_7)
FN:109,(anonymous_8)
FN:121,(anonymous_9)
FNF:8
FNH:2
FNDA:3,(anonymous_2)
FNDA:0,(anonymous_3)
FNDA:0,(anonymous_4)
FNDA:0,(anonymous_5)
FNDA:0,(anonymous_6)
FNDA:0,(anonymous_7)
FNDA:0,(anonymous_8)
FNDA:3,(anonymous_9)
DA:1,1
DA:6,1
DA:10,1
DA:11,3
DA:19,0
DA:26,0
DA:35,0
DA:40,0
DA:44,0
DA:53,0
DA:56,0
DA:73,0
DA:101,0
DA:109,0
DA:118,0
DA:122,3
DA:125,3
DA:126,1
DA:129,2
DA:134,2
DA:135,1
DA:140,1
DA:144,1
LF:23
LH:12
BRDA:24,0,0,0
BRDA:24,0,1,0
BRDA:40,1,0,0
BRDA:40,1,1,0
BRDA:41,2,0,0
BRDA:41,2,1,0
BRDA:41,2,2,0
BRDA:41,2,3,0
BRDA:107,3,0,0
BRDA:107,3,1,0
BRDA:125,4,0,1
BRDA:125,4,1,2
BRDA:134,5,0,1
BRDA:134,5,1,1
BRDA:134,6,0,2
BRDA:134,6,1,1
BRDA:11,7,0,1
BRDA:11,7,1,0
BRDA:11,8,0,1
BRDA:11,8,1,1
BRF:20
BRH:9
end_of_record
TN:
SF:src/vendor/dto/create-vendor.dto.ts
FNF:0
FNH:0
DA:1,0
DA:10,0
DA:13,0
DA:17,0
DA:21,0
DA:26,0
LF:6
LH:0
BRF:0
BRH:0
end_of_record
TN:
SF:src/vendor/dto/update-vendor.dto.ts
FNF:0
FNH:0
DA:1,0
DA:10,0
DA:14,0
DA:19,0
DA:24,0
DA:29,0
LF:6
LH:0
BRF:0
BRH:0
end_of_record
TN:
SF:src/workshop/workshop.controller.ts
FN:23,(anonymous_4)
FN:26,(anonymous_5)
FN:31,(anonymous_6)
FN:53,(anonymous_7)
FN:84,(anonymous_8)
FN:89,(anonymous_9)
FN:94,(anonymous_10)
FN:99,(anonymous_11)
FN:137,(anonymous_12)
FN:145,(anonymous_13)
FN:154,(anonymous_14)
FN:159,(anonymous_15)
FNF:12
FNH:0
FNDA:0,(anonymous_4)
FNDA:0,(anonymous_5)
FNDA:0,(anonymous_6)
FNDA:0,(anonymous_7)
FNDA:0,(anonymous_8)
FNDA:0,(anonymous_9)
FNDA:0,(anonymous_10)
FNDA:0,(anonymous_11)
FNDA:0,(anonymous_12)
FNDA:0,(anonymous_13)
FNDA:0,(anonymous_14)
FNDA:0,(anonymous_15)
DA:1,0
DA:12,0
DA:13,0
DA:14,0
DA:15,0
DA:16,0
DA:17,0
DA:18,0
DA:19,0
DA:22,0
DA:23,0
DA:26,0
DA:27,0
DA:31,0
DA:32,0
DA:53,0
DA:60,0
DA:62,0
DA:65,0
DA:68,0
DA:69,0
DA:74,0
DA:84,0
DA:85,0
DA:89,0
DA:90,0
DA:94,0
DA:95,0
DA:99,0
DA:104,0
DA:137,0
DA:141,0
DA:145,0
DA:150,0
DA:154,0
DA:155,0
DA:159,0
DA:160,0
LF:38
LH:0
BRDA:62,0,0,0
BRDA:62,0,1,0
BRDA:62,0,2,0
BRDA:65,1,0,0
BRDA:65,1,1,0
BRDA:65,1,2,0
BRDA:68,2,0,0
BRDA:68,2,1,0
BRDA:68,3,0,0
BRDA:68,3,1,0
BRDA:76,4,0,0
BRDA:76,4,1,0
BRDA:77,5,0,0
BRDA:77,5,1,0
BRDA:26,6,0,0
BRDA:26,6,1,0
BRDA:26,7,0,0
BRDA:26,7,1,0
BRDA:31,8,0,0
BRDA:31,8,1,0
BRDA:31,9,0,0
BRDA:31,9,1,0
BRDA:89,10,0,0
BRDA:89,10,1,0
BRDA:89,11,0,0
BRDA:89,11,1,0
BRDA:94,12,0,0
BRDA:94,12,1,0
BRDA:94,13,0,0
BRDA:94,13,1,0
BRDA:102,14,0,0
BRDA:102,14,1,0
BRDA:102,15,0,0
BRDA:102,15,1,0
BRDA:148,16,0,0
BRDA:148,16,1,0
BRDA:148,17,0,0
BRDA:148,17,1,0
BRDA:23,18,0,0
BRDA:23,18,1,0
BRDA:23,19,0,0
BRDA:23,19,1,0
BRF:42
BRH:0
end_of_record
TN:
SF:src/workshop/workshop.module.ts
FNF:0
FNH:0
DA:1,0
DA:2,0
DA:3,0
DA:4,0
DA:5,0
DA:12,0
LF:6
LH:0
BRF:0
BRH:0
end_of_record
TN:
SF:src/workshop/workshop.service.ts
FN:28,(anonymous_4)
FN:33,(anonymous_5)
FN:37,(anonymous_6)
FN:72,(anonymous_7)
FN:74,(anonymous_8)
FN:78,(anonymous_9)
FN:85,(anonymous_10)
FN:91,(anonymous_11)
FN:95,(anonymous_12)
FN:99,(anonymous_13)
FN:111,(anonymous_14)
FN:163,(anonymous_15)
FN:200,(anonymous_16)
FN:295,(anonymous_17)
FN:305,(anonymous_18)
FN:328,(anonymous_19)
FN:354,(anonymous_20)
FN:355,(anonymous_21)
FN:381,(anonymous_22)
FN:412,(anonymous_23)
FN:417,(anonymous_24)
FN:453,(anonymous_25)
FN:470,(anonymous_26)
FN:471,(anonymous_27)
FN:508,(anonymous_28)
FN:522,(anonymous_29)
FN:547,(anonymous_30)
FN:554,(anonymous_31)
FN:572,(anonymous_32)
FN:576,(anonymous_33)
FNF:30
FNH:15
FNDA:9,(anonymous_4)
FNDA:1,(anonymous_5)
FNDA:1,(anonymous_6)
FNDA:3,(anonymous_7)
FNDA:4,(anonymous_8)
FNDA:1,(anonymous_9)
FNDA:5,(anonymous_10)
FNDA:1,(anonymous_11)
FNDA:0,(anonymous_12)
FNDA:0,(anonymous_13)
FNDA:0,(anonymous_14)
FNDA:1,(anonymous_15)
FNDA:0,(anonymous_16)
FNDA:0,(anonymous_17)
FNDA:0,(anonymous_18)
FNDA:0,(anonymous_19)
FNDA:0,(anonymous_20)
FNDA:0,(anonymous_21)
FNDA:0,(anonymous_22)
FNDA:4,(anonymous_23)
FNDA:4,(anonymous_24)
FNDA:4,(anonymous_25)
FNDA:3,(anonymous_26)
FNDA:3,(anonymous_27)
FNDA:0,(anonymous_28)
FNDA:0,(anonymous_29)
FNDA:0,(anonymous_30)
FNDA:0,(anonymous_31)
FNDA:1,(anonymous_32)
FNDA:0,(anonymous_33)
DA:1,1
DA:7,1
DA:14,1
DA:20,1
DA:22,1
DA:23,1
DA:24,1
DA:27,1
DA:29,9
DA:30,9
DA:34,1
DA:35,1
DA:37,1
DA:38,1
DA:54,1
DA:66,1
DA:69,1
DA:73,3
DA:74,4
DA:75,1
DA:77,1
DA:78,1
DA:80,0
DA:82,1
DA:86,5
DA:87,1
DA:92,1
DA:95,0
DA:99,0
DA:112,0
DA:114,0
DA:115,0
DA:119,0
DA:120,0
DA:122,0
DA:131,0
DA:134,0
DA:137,0
DA:138,0
DA:141,0
DA:160,0
DA:164,1
DA:168,1
DA:169,0
DA:170,1
DA:171,0
DA:173,1
DA:175,1
DA:197,1
DA:207,0
DA:209,0
DA:212,0
DA:214,0
DA:256,0
DA:257,0
DA:259,0
DA:263,0
DA:264,0
DA:265,0
DA:266,0
DA:267,0
DA:268,0
DA:269,0
DA:270,0
DA:271,0
DA:272,0
DA:275,0
DA:294,0
DA:295,0
DA:306,0
DA:321,0
DA:322,0
DA:325,0
DA:329,0
DA:330,0
DA:332,0
DA:351,0
DA:355,0
DA:356,0
DA:364,0
DA:365,0
DA:367,0
DA:369,0
DA:380,0
DA:381,0
DA:384,0
DA:385,0
DA:386,0
DA:393,0
DA:394,0
DA:402,0
DA:409,0
DA:417,4
DA:418,4
DA:433,4
DA:434,1
DA:436,3
DA:438,2
DA:447,2
DA:452,2
DA:453,4
DA:455,2
DA:462,2
DA:463,0
DA:467,2
DA:471,3
DA:472,3
DA:487,3
DA:488,1
DA:490,2
DA:492,2
DA:493,1
DA:498,1
DA:502,1
DA:507,1
DA:508,0
DA:510,1
DA:519,1
DA:527,0
DA:542,0
DA:543,0
DA:545,0
DA:547,0
DA:548,0
DA:552,0
DA:553,0
DA:554,0
DA:569,0
DA:573,1
DA:578,0
DA:582,0
DA:583,0
DA:584,0
DA:586,0
DA:593,0
DA:604,0
DA:625,0
DA:627,0
LF:138
LH:57
BRDA:73,0,0,1
BRDA:73,0,1,2
BRDA:74,1,0,1
BRDA:74,1,1,1
BRDA:77,2,0,0
BRDA:77,2,1,1
BRDA:86,3,0,1
BRDA:86,3,1,4
BRDA:95,4,0,1
BRDA:95,4,1,0
BRDA:99,5,0,0
BRDA:99,5,1,0
BRDA:114,6,0,0
BRDA:114,6,1,0
BRDA:115,7,0,0
BRDA:115,7,1,0
BRDA:119,8,0,0
BRDA:119,8,1,0
BRDA:124,9,0,0
BRDA:124,9,1,0
BRDA:125,10,0,0
BRDA:125,10,1,0
BRDA:137,11,0,0
BRDA:137,11,1,0
BRDA:168,12,0,0
BRDA:168,12,1,1
BRDA:170,13,0,0
BRDA:170,13,1,1
BRDA:207,14,0,0
BRDA:207,14,1,0
BRDA:207,15,0,0
BRDA:207,15,1,0
BRDA:209,16,0,0
BRDA:209,16,1,0
BRDA:209,17,0,0
BRDA:209,17,1,0
BRDA:214,18,0,0
BRDA:214,18,1,0
BRDA:256,19,0,0
BRDA:256,19,1,0
BRDA:257,20,0,0
BRDA:257,20,1,0
BRDA:263,21,0,0
BRDA:263,21,1,0
BRDA:265,22,0,0
BRDA:265,22,1,0
BRDA:265,23,0,0
BRDA:265,23,1,0
BRDA:267,24,0,0
BRDA:267,24,1,0
BRDA:269,25,0,0
BRDA:269,25,1,0
BRDA:271,26,0,0
BRDA:271,26,1,0
BRDA:321,27,0,0
BRDA:321,27,1,0
BRDA:364,28,0,0
BRDA:364,28,1,0
BRDA:385,29,0,0
BRDA:385,29,1,0
BRDA:393,30,0,0
BRDA:393,30,1,0
BRDA:433,31,0,1
BRDA:433,31,1,3
BRDA:462,32,0,0
BRDA:462,32,1,2
BRDA:487,33,0,1
BRDA:487,33,1,2
BRDA:492,34,0,1
BRDA:492,34,1,1
BRDA:542,35,0,0
BRDA:542,35,1,0
BRDA:552,36,0,0
BRDA:552,36,1,0
BRDA:557,37,0,0
BRDA:557,37,1,0
BRDA:595,38,0,0
BRDA:595,38,1,0
BRDA:29,39,0,1
BRDA:29,39,1,0
BRDA:29,40,0,1
BRDA:29,40,1,1
BRDA:29,41,0,1
BRDA:29,41,1,0
BRDA:29,42,0,1
BRDA:29,42,1,1
BRF:86
BRH:23
end_of_record
TN:
SF:src/workshop/dto/create-workshop-order.dto.ts
FNF:0
FNH:0
DA:1,0
DA:11,0
DA:14,0
DA:18,0
DA:22,0
DA:27,0
DA:31,0
DA:35,0
LF:8
LH:0
BRF:0
BRH:0
end_of_record
TN:
SF:src/workshop/dto/create-workshop-task.dto.ts
FNF:0
FNH:0
DA:1,0
DA:3,0
DA:6,0
LF:3
LH:0
BRF:0
BRH:0
end_of_record
TN:
SF:src/workshop/dto/register-intake.dto.ts
FN:39,(anonymous_2)
FN:44,(anonymous_3)
FNF:2
FNH:0
FNDA:0,(anonymous_2)
FNDA:0,(anonymous_3)
DA:1,0
DA:11,0
DA:15,0
DA:19,0
DA:23,0
DA:27,0
DA:31,0
DA:36,0
DA:39,0
DA:42,0
DA:44,0
DA:47,0
DA:51,0
DA:55,0
LF:14
LH:0
BRF:0
BRH:0
end_of_record
TN:
SF:src/workshop/dto/replace-workshop-task-line-items.dto.ts
FN:27,(anonymous_2)
FN:32,(anonymous_3)
FN:39,(anonymous_4)
FNF:3
FNH:0
FNDA:0,(anonymous_2)
FNDA:0,(anonymous_3)
FNDA:0,(anonymous_4)
DA:1,0
DA:2,0
DA:11,0
DA:15,0
DA:19,0
DA:23,0
DA:27,0
DA:28,0
DA:32,0
DA:33,0
DA:36,0
DA:39,0
DA:40,0
LF:13
LH:0
BRDA:15,0,0,0
BRDA:15,0,1,0
BRDA:15,1,0,0
BRDA:15,1,1,0
BRF:4
BRH:0
end_of_record
TN:
SF:src/workshop/dto/update-workshop-order.dto.ts
FNF:0
FNH:0
DA:1,0
DA:3,0
DA:6,0
DA:10,0
LF:4
LH:0
BRF:0
BRH:0
end_of_record
TN:
SF:src/workshop/dto/update-workshop-task.dto.ts
FNF:0
FNH:0
DA:1,0
DA:2,0
DA:4,0
DA:7,0
DA:11,0
DA:15,0
LF:6
LH:0
BRDA:11,0,0,0
BRDA:11,0,1,0
BRDA:11,1,0,0
BRDA:11,1,1,0
BRF:4
BRH:0
end_of_record
